This file contains any messages produced by compilers while
running configure, to aid debugging if configure makes a mistake.

It was created by opcodes configure 2.33.50, which was
generated by GNU Autoconf 2.69.  Invocation command line was

  $ /Users/yasuyuki/Downloads/gdb-9.1/opcodes/configure --srcdir=/Users/yasuyuki/Downloads/gdb-9.1/opcodes --cache-file=./config.cache --program-transform-name=s,y,y, --disable-option-checking --build=x86_64-apple-darwin19.4.0 --host=x86_64-apple-darwin19.4.0 --target=x86_64-apple-darwin19.4.0

## --------- ##
## Platform. ##
## --------- ##

hostname = kanedayasuyuki-no-iMac.local
uname -m = x86_64
uname -r = 19.4.0
uname -s = Darwin
uname -v = Darwin Kernel Version 19.4.0: Wed Mar  4 22:28:40 PST 2020; root:xnu-6153.101.6~15/RELEASE_X86_64

/usr/bin/uname -p = i386
/bin/uname -X     = unknown

/bin/arch              = unknown
/usr/bin/arch -k       = unknown
/usr/convex/getsysinfo = unknown
/usr/bin/hostinfo      = Mach kernel version:
	 Darwin Kernel Version 19.4.0: Wed Mar  4 22:28:40 PST 2020; root:xnu-6153.101.6~15/RELEASE_X86_64
Kernel configured for up to 4 processors.
2 processors are physically available.
4 processors are logically available.
Processor type: x86_64h (Intel x86-64h Haswell)
Processors active: 0 1 2 3
Primary memory available: 8.00 gigabytes
Default processor set: 282 tasks, 1372 threads, 4 processors
Load average: 2.17, Mach factor: 1.83
/bin/machine           = unknown
/usr/bin/oslevel       = unknown
/bin/universe          = unknown

PATH: /Users/yasuyuki/anaconda3/bin
PATH: /Library/Frameworks/Python.framework/Versions/3.6/bin
PATH: /usr/local/bin
PATH: /usr/bin
PATH: /bin
PATH: /usr/sbin
PATH: /sbin
PATH: /Library/TeX/texbin
PATH: /opt/X11/bin


## ----------- ##
## Core tests. ##
## ----------- ##

configure:2220: loading cache ./config.cache
configure:2339: checking build system type
configure:2353: result: x86_64-apple-darwin19.4.0
configure:2373: checking host system type
configure:2386: result: x86_64-apple-darwin19.4.0
configure:2406: checking target system type
configure:2419: result: x86_64-apple-darwin19.4.0
configure:2456: checking for x86_64-apple-darwin19.4.0-gcc
configure:2483: result: gcc
configure:2752: checking for C compiler version
configure:2761: gcc --version >&5
Apple clang version 11.0.3 (clang-1103.0.32.59)
Target: x86_64-apple-darwin19.4.0
Thread model: posix
InstalledDir: /Library/Developer/CommandLineTools/usr/bin
Configured with: --prefix=/Library/Developer/CommandLineTools/usr --with-gxx-include-dir=/Library/Developer/CommandLineTools/SDKs/MacOSX.sdk/usr/include/c++/4.2.1
configure:2772: $? = 0
configure:2761: gcc -v >&5
Configured with: --prefix=/Library/Developer/CommandLineTools/usr --with-gxx-include-dir=/Library/Developer/CommandLineTools/SDKs/MacOSX.sdk/usr/include/c++/4.2.1
Apple clang version 11.0.3 (clang-1103.0.32.59)
Target: x86_64-apple-darwin19.4.0
Thread model: posix
InstalledDir: /Library/Developer/CommandLineTools/usr/bin
configure:2772: $? = 0
configure:2761: gcc -V >&5
clang: error: unsupported option '-V -Wno-objc-signed-char-bool-implicit-int-conversion'
clang: error: no input files
configure:2772: $? = 1
configure:2761: gcc -qversion >&5
clang: error: unknown argument '-qversion'; did you mean '--version'?
clang: error: no input files
configure:2772: $? = 1
configure:2792: checking whether the C compiler works
configure:2814: gcc -g -O2   -Wl,-no_pie  conftest.c  >&5
configure:2818: $? = 0
configure:2866: result: yes
configure:2869: checking for C compiler default output file name
configure:2871: result: a.out
configure:2877: checking for suffix of executables
configure:2884: gcc -o conftest -g -O2   -Wl,-no_pie  conftest.c  >&5
configure:2888: $? = 0
configure:2910: result: 
configure:2932: checking whether we are cross compiling
configure:2940: gcc -o conftest -g -O2   -Wl,-no_pie  conftest.c  >&5
configure:2944: $? = 0
configure:2951: ./conftest
configure:2955: $? = 0
configure:2970: result: no
configure:2975: checking for suffix of object files
configure:3022: result: o
configure:3026: checking whether we are using the GNU C compiler
configure:3054: result: yes
configure:3063: checking whether gcc accepts -g
configure:3124: result: yes
configure:3141: checking for gcc option to accept ISO C89
configure:3217: result: none needed
configure:3242: checking whether gcc understands -c and -o together
configure:3279: result: yes
configure:3297: checking for library containing strerror
configure:3345: result: none required
configure:3370: checking for a BSD-compatible install
configure:3438: result: /usr/bin/install -c
configure:3449: checking whether build environment is sane
configure:3504: result: yes
configure:3652: checking for a thread-safe mkdir -p
configure:3691: result: /Users/yasuyuki/Downloads/gdb-9.1/opcodes/../install-sh -c -d
configure:3698: checking for gawk
configure:3725: result: awk
configure:3736: checking whether /Library/Developer/CommandLineTools/usr/bin/make sets $(MAKE)
configure:3758: result: yes
configure:3788: checking for style of include used by /Library/Developer/CommandLineTools/usr/bin/make
configure:3816: result: GNU
configure:3850: checking whether /Library/Developer/CommandLineTools/usr/bin/make supports nested variables
configure:3867: result: yes
configure:3952: checking dependency style of gcc
configure:4063: result: gcc3
configure:4130: checking for x86_64-apple-darwin19.4.0-gcc
configure:4157: result: gcc
configure:4426: checking for C compiler version
configure:4435: gcc --version >&5
Apple clang version 11.0.3 (clang-1103.0.32.59)
Target: x86_64-apple-darwin19.4.0
Thread model: posix
InstalledDir: /Library/Developer/CommandLineTools/usr/bin
Configured with: --prefix=/Library/Developer/CommandLineTools/usr --with-gxx-include-dir=/Library/Developer/CommandLineTools/SDKs/MacOSX.sdk/usr/include/c++/4.2.1
configure:4446: $? = 0
configure:4435: gcc -v >&5
Configured with: --prefix=/Library/Developer/CommandLineTools/usr --with-gxx-include-dir=/Library/Developer/CommandLineTools/SDKs/MacOSX.sdk/usr/include/c++/4.2.1
Apple clang version 11.0.3 (clang-1103.0.32.59)
Target: x86_64-apple-darwin19.4.0
Thread model: posix
InstalledDir: /Library/Developer/CommandLineTools/usr/bin
configure:4446: $? = 0
configure:4435: gcc -V >&5
clang: error: unsupported option '-V -Wno-objc-signed-char-bool-implicit-int-conversion'
clang: error: no input files
configure:4446: $? = 1
configure:4435: gcc -qversion >&5
clang: error: unknown argument '-qversion'; did you mean '--version'?
clang: error: no input files
configure:4446: $? = 1
configure:4450: checking whether we are using the GNU C compiler
configure:4478: result: yes
configure:4487: checking whether gcc accepts -g
configure:4548: result: yes
configure:4565: checking for gcc option to accept ISO C89
configure:4641: result: none needed
configure:4666: checking whether gcc understands -c and -o together
configure:4703: result: yes
configure:4725: checking how to run the C preprocessor
configure:4795: result: gcc -E
configure:4815: gcc -E  conftest.c
configure:4815: $? = 0
configure:4829: gcc -E  conftest.c
conftest.c:11:10: fatal error: 'ac_nonexistent.h' file not found
#include <ac_nonexistent.h>
         ^~~~~~~~~~~~~~~~~~
1 error generated.
configure:4829: $? = 1
configure: failed program was:
| /* confdefs.h */
| #define PACKAGE_NAME "opcodes"
| #define PACKAGE_TARNAME "opcodes"
| #define PACKAGE_VERSION "2.33.50"
| #define PACKAGE_STRING "opcodes 2.33.50"
| #define PACKAGE_BUGREPORT ""
| #define PACKAGE_URL ""
| #define PACKAGE "opcodes"
| #define VERSION "2.33.50"
| /* end confdefs.h.  */
| #include <ac_nonexistent.h>
configure:4858: checking for grep that handles long lines and -e
configure:4916: result: /usr/bin/grep
configure:4921: checking for egrep
configure:4983: result: /usr/bin/grep -E
configure:4988: checking for ANSI C header files
configure:5092: result: yes
configure:5105: checking for sys/types.h
configure:5105: result: yes
configure:5105: checking for sys/stat.h
configure:5105: result: yes
configure:5105: checking for stdlib.h
configure:5105: result: yes
configure:5105: checking for string.h
configure:5105: result: yes
configure:5105: checking for memory.h
configure:5105: result: yes
configure:5105: checking for strings.h
configure:5105: result: yes
configure:5105: checking for inttypes.h
configure:5105: result: yes
configure:5105: checking for stdint.h
configure:5105: result: yes
configure:5105: checking for unistd.h
configure:5105: result: yes
configure:5118: checking for minix/config.h
configure:5118: result: no
configure:5139: checking whether it is safe to define __EXTENSIONS__
configure:5164: result: yes
configure:5184: checking for x86_64-apple-darwin19.4.0-ar
configure:5211: result: ar
configure:5276: checking for x86_64-apple-darwin19.4.0-ranlib
configure:5303: result: ranlib
configure:5444: checking how to print strings
configure:5471: result: printf
configure:5492: checking for a sed that does not truncate output
configure:5556: result: /usr/bin/sed
configure:5574: checking for fgrep
configure:5636: result: /usr/bin/grep -F
configure:5671: checking for ld used by gcc
configure:5738: result: /Library/Developer/CommandLineTools/usr/bin/ld
configure:5745: checking if the linker (/Library/Developer/CommandLineTools/usr/bin/ld) is GNU ld
configure:5760: result: no
configure:5772: checking for BSD- or MS-compatible name lister (nm)
configure:5821: result: nm
configure:5951: checking the name lister (nm) interface
configure:5971: result: BSD nm
configure:5974: checking whether ln -s works
configure:5978: result: yes
configure:5986: checking the maximum length of command line arguments
configure:6111: result: 196608
configure:6128: checking whether the shell understands some XSI constructs
configure:6138: result: yes
configure:6142: checking whether the shell understands "+="
configure:6148: result: yes
configure:6183: checking for /Library/Developer/CommandLineTools/usr/bin/ld option to reload object files
configure:6190: result: -r
configure:6219: checking for x86_64-apple-darwin19.4.0-objdump
configure:6246: result: objdump
configure:6318: checking how to recognize dependent libraries
configure:6519: result: pass_all
configure:6539: checking for x86_64-apple-darwin19.4.0-ar
configure:6566: result: ar
configure:6644: checking for x86_64-apple-darwin19.4.0-strip
configure:6674: result: no
configure:6684: checking for strip
configure:6711: result: strip
configure:6743: checking for x86_64-apple-darwin19.4.0-ranlib
configure:6770: result: ranlib
configure:6912: checking command to parse nm output from gcc object
configure:7135: result: ok
configure:7372: checking for x86_64-apple-darwin19.4.0-dsymutil
configure:7402: result: no
configure:7412: checking for dsymutil
configure:7439: result: dsymutil
configure:7464: checking for x86_64-apple-darwin19.4.0-nmedit
configure:7494: result: no
configure:7504: checking for nmedit
configure:7531: result: nmedit
configure:7556: checking for x86_64-apple-darwin19.4.0-lipo
configure:7586: result: no
configure:7596: checking for lipo
configure:7623: result: lipo
configure:7648: checking for x86_64-apple-darwin19.4.0-otool
configure:7678: result: no
configure:7688: checking for otool
configure:7715: result: otool
configure:7740: checking for x86_64-apple-darwin19.4.0-otool64
configure:7770: result: no
configure:7780: checking for otool64
configure:7810: result: no
configure:7855: checking for -single_module linker flag
configure:7882: result: yes
configure:7884: checking for -exported_symbols_list linker flag
configure:7914: result: yes
configure:7916: checking for -force_load linker flag
configure:7944: result: no
configure:7983: checking for dlfcn.h
configure:7983: result: yes
configure:8140: checking for objdir
configure:8155: result: .libs
configure:8426: checking if gcc supports -fno-rtti -fno-exceptions
configure:8461: result: yes
configure:8481: checking for gcc option to produce PIC
configure:8767: result: -fno-common -DPIC
configure:8779: checking if gcc PIC flag -fno-common -DPIC works
configure:8814: result: yes
configure:8838: checking if gcc static flag -static works
configure:8866: result: no
configure:8881: checking if gcc supports -c -o file.o
configure:8928: result: yes
configure:8936: checking if gcc supports -c -o file.o
configure:8983: result: yes
configure:9016: checking whether the gcc linker (/Library/Developer/CommandLineTools/usr/bin/ld) supports shared libraries
configure:10087: result: yes
configure:10332: checking dynamic linker characteristics
configure:11005: result: darwin19.4.0 dyld
configure:11112: checking how to hardcode library paths into programs
configure:11137: result: immediate
configure:11677: checking whether stripping libraries is possible
configure:11691: result: yes
configure:11717: checking if libtool supports shared libraries
configure:11719: result: yes
configure:11722: checking whether to build shared libraries
configure:11743: result: no
configure:11746: checking whether to build static libraries
configure:11750: result: yes
configure:11960: checking whether to enable maintainer-specific portions of Makefiles
configure:11969: result: no
configure:11997: checking whether to install libbfd
configure:12010: result: yes
configure:12056: checking whether NLS is requested
configure:12062: result: yes
configure:12068: checking for catalogs to be installed
configure:12100: result:  da de es fi fr ga id it nl pt_BR ro sr sv tr uk vi zh_CN da de es fi fr ga id it nl pt_BR ro sr sv tr uk vi zh_CN
configure:12127: checking whether NLS is requested
configure:12136: result: yes
configure:12174: checking for msgfmt
configure:12205: result: /Users/yasuyuki/anaconda3/bin/msgfmt
configure:12214: checking for gmsgfmt
configure:12245: result: /Users/yasuyuki/anaconda3/bin/msgfmt
configure:12285: checking for xgettext
configure:12316: result: /Users/yasuyuki/anaconda3/bin/xgettext
configure:12356: checking for msgmerge
configure:12386: result: /Users/yasuyuki/anaconda3/bin/msgmerge
configure:12468: checking for string.h
configure:12468: result: yes
configure:12468: checking for strings.h
configure:12468: result: yes
configure:12468: checking for stdlib.h
configure:12468: result: yes
configure:12468: checking for limits.h
configure:12468: result: yes
configure:12478: checking whether string.h and strings.h may both be included
configure:12502: result: yes
configure:12511: checking whether basename is declared
configure:12511: result: no
configure:12521: checking whether stpcpy is declared
configure:12521: result: yes
configure:12535: checking for sigsetjmp
configure:12553: gcc -c -g -O2  conftest.c >&5
configure:12553: $? = 0
configure:12560: result: 
configure:12604: checking linker --as-needed support
configure:12615: result: no
configure:13104: checking that generated files are newer than configure
configure:13110: result: done
configure:13145: creating ./config.status

## ---------------------- ##
## Running config.status. ##
## ---------------------- ##

This file was extended by opcodes config.status 2.33.50, which was
generated by GNU Autoconf 2.69.  Invocation command line was

  CONFIG_FILES    = 
  CONFIG_HEADERS  = 
  CONFIG_LINKS    = 
  CONFIG_COMMANDS = 
  $ ./config.status 

on kanedayasuyuki-no-iMac.local

config.status:1134: creating Makefile
config.status:1134: creating po/Makefile.in
config.status:1134: creating config.h
config.status:1300: config.h is unchanged
config.status:1348: executing depfiles commands
config.status:1348: executing libtool commands
config.status:1348: executing default-1 commands

## ---------------- ##
## Cache variables. ##
## ---------------- ##

ac_cv_build=x86_64-apple-darwin19.4.0
ac_cv_c_compiler_gnu=yes
ac_cv_env_CC_set=set
ac_cv_env_CC_value=gcc
ac_cv_env_CFLAGS_set=set
ac_cv_env_CFLAGS_value='-g -O2'
ac_cv_env_CPPFLAGS_set=
ac_cv_env_CPPFLAGS_value=
ac_cv_env_CPP_set=
ac_cv_env_CPP_value=
ac_cv_env_LDFLAGS_set=set
ac_cv_env_LDFLAGS_value=' -Wl,-no_pie '
ac_cv_env_LIBS_set=
ac_cv_env_LIBS_value=
ac_cv_env_build_alias_set=set
ac_cv_env_build_alias_value=x86_64-apple-darwin19.4.0
ac_cv_env_host_alias_set=set
ac_cv_env_host_alias_value=x86_64-apple-darwin19.4.0
ac_cv_env_target_alias_set=set
ac_cv_env_target_alias_value=x86_64-apple-darwin19.4.0
ac_cv_have_decl_basename=no
ac_cv_have_decl_stpcpy=yes
ac_cv_header_dlfcn_h=yes
ac_cv_header_inttypes_h=yes
ac_cv_header_limits_h=yes
ac_cv_header_memory_h=yes
ac_cv_header_minix_config_h=no
ac_cv_header_stdc=yes
ac_cv_header_stdint_h=yes
ac_cv_header_stdlib_h=yes
ac_cv_header_string_h=yes
ac_cv_header_strings_h=yes
ac_cv_header_sys_stat_h=yes
ac_cv_header_sys_types_h=yes
ac_cv_header_unistd_h=yes
ac_cv_host=x86_64-apple-darwin19.4.0
ac_cv_objext=o
ac_cv_path_EGREP='/usr/bin/grep -E'
ac_cv_path_FGREP='/usr/bin/grep -F'
ac_cv_path_GMSGFMT=/Users/yasuyuki/anaconda3/bin/msgfmt
ac_cv_path_GREP=/usr/bin/grep
ac_cv_path_MSGFMT=/Users/yasuyuki/anaconda3/bin/msgfmt
ac_cv_path_MSGMERGE=/Users/yasuyuki/anaconda3/bin/msgmerge
ac_cv_path_SED=/usr/bin/sed
ac_cv_path_XGETTEXT=/Users/yasuyuki/anaconda3/bin/xgettext
ac_cv_prog_AR=ar
ac_cv_prog_AWK=awk
ac_cv_prog_CC=gcc
ac_cv_prog_CPP='gcc -E'
ac_cv_prog_OBJDUMP=objdump
ac_cv_prog_RANLIB=ranlib
ac_cv_prog_ac_ct_DSYMUTIL=dsymutil
ac_cv_prog_ac_ct_LIPO=lipo
ac_cv_prog_ac_ct_NMEDIT=nmedit
ac_cv_prog_ac_ct_OTOOL=otool
ac_cv_prog_ac_ct_STRIP=strip
ac_cv_prog_cc_c89=
ac_cv_prog_cc_g=yes
ac_cv_prog_make__Library_Developer_CommandLineTools_usr_bin_make_set=yes
ac_cv_safe_to_define___extensions__=yes
ac_cv_search_strerror='none required'
ac_cv_target=x86_64-apple-darwin19.4.0
am_cv_CC_dependencies_compiler_type=gcc3
am_cv_make_support_nested_variables=yes
am_cv_prog_cc_c_o=yes
bfd_cv_func_sigsetjmp=yes
bfd_cv_ld_as_needed=no
gcc_cv_header_string=yes
lt_cv_apple_cc_single_mod=yes
lt_cv_deplibs_check_method=pass_all
lt_cv_file_magic_cmd='$MAGIC_CMD'
lt_cv_file_magic_test_file=
lt_cv_ld_exported_symbols_list=yes
lt_cv_ld_force_load=no
lt_cv_ld_reload_flag=-r
lt_cv_nm_interface='BSD nm'
lt_cv_objdir=.libs
lt_cv_path_LD=/Library/Developer/CommandLineTools/usr/bin/ld
lt_cv_path_NM=nm
lt_cv_prog_compiler_c_o=yes
lt_cv_prog_compiler_pic_works=yes
lt_cv_prog_compiler_rtti_exceptions=yes
lt_cv_prog_compiler_static_works=no
lt_cv_prog_gnu_ld=no
lt_cv_sys_global_symbol_pipe='sed -n -e '\''s/^.*[	 ]\([BCDEGRST][BCDEGRST]*\)[	 ][	 ]*_\([_A-Za-z][_A-Za-z0-9]*\)$/\1 _\2 \2/p'\'''
lt_cv_sys_global_symbol_to_c_name_address='sed -n -e '\''s/^: \([^ ]*\) $/  {\"\1\", (void *) 0},/p'\'' -e '\''s/^[BCDEGRST]* \([^ ]*\) \([^ ]*\)$/  {"\2", (void *) \&\2},/p'\'''
lt_cv_sys_global_symbol_to_c_name_address_lib_prefix='sed -n -e '\''s/^: \([^ ]*\) $/  {\"\1\", (void *) 0},/p'\'' -e '\''s/^[BCDEGRST]* \([^ ]*\) \(lib[^ ]*\)$/  {"\2", (void *) \&\2},/p'\'' -e '\''s/^[BCDEGRST]* \([^ ]*\) \([^ ]*\)$/  {"lib\2", (void *) \&\2},/p'\'''
lt_cv_sys_global_symbol_to_cdecl='sed -n -e '\''s/^T .* \(.*\)$/extern int \1();/p'\'' -e '\''s/^[BCDEGRST]* .* \(.*\)$/extern char \1;/p'\'''
lt_cv_sys_max_cmd_len=196608

## ----------------- ##
## Output variables. ##
## ----------------- ##

ACLOCAL='${SHELL} /Users/yasuyuki/Downloads/gdb-9.1/missing aclocal-1.15'
AMDEPBACKSLASH='\'
AMDEP_FALSE='#'
AMDEP_TRUE=''
AMTAR='$${TAR-tar}'
AM_BACKSLASH='\'
AM_DEFAULT_V='$(AM_DEFAULT_VERBOSITY)'
AM_DEFAULT_VERBOSITY='1'
AM_V='$(V)'
AR='ar'
AUTOCONF='${SHELL} /Users/yasuyuki/Downloads/gdb-9.1/missing autoconf'
AUTOHEADER='${SHELL} /Users/yasuyuki/Downloads/gdb-9.1/missing autoheader'
AUTOMAKE='${SHELL} /Users/yasuyuki/Downloads/gdb-9.1/missing automake-1.15'
AWK='awk'
BFD_MACHINES=' i386-dis.lo i386-opc.lo ppc-dis.lo ppc-opc.lo'
BUILD_LIBS='../libiberty/libiberty.a -L/usr/local/lib -lintl'
BUILD_LIB_DEPS='../libiberty/libiberty.a '
CATALOGS=' da.gmo de.gmo es.gmo fi.gmo fr.gmo ga.gmo id.gmo it.gmo nl.gmo pt_BR.gmo ro.gmo sr.gmo sv.gmo tr.gmo uk.gmo vi.gmo zh_CN.gmo da.gmo de.gmo es.gmo fi.gmo fr.gmo ga.gmo id.gmo it.gmo nl.gmo pt_BR.gmo ro.gmo sr.gmo sv.gmo tr.gmo uk.gmo vi.gmo zh_CN.gmo'
CATOBJEXT='.gmo'
CC='gcc'
CCDEPMODE='depmode=gcc3'
CC_FOR_BUILD='gcc'
CFLAGS='-g -O2'
CGEN_MAINT_FALSE=''
CGEN_MAINT_TRUE='#'
CPP='gcc -E'
CPPFLAGS=''
CYGPATH_W='echo'
DATADIRNAME='share'
DEFS='-DHAVE_CONFIG_H'
DEPDIR='.deps'
DSYMUTIL='dsymutil'
DUMPBIN=''
ECHO_C='\c'
ECHO_N=''
ECHO_T=''
EGREP='/usr/bin/grep -E'
EXEEXT=''
EXEEXT_FOR_BUILD='$(EXEEXT)'
FGREP='/usr/bin/grep -F'
GENCAT='gencat'
GMSGFMT='/Users/yasuyuki/anaconda3/bin/msgfmt'
GREP='/usr/bin/grep'
HDEFINES=''
INCINTL=''
INSTALL_DATA='/usr/bin/install -c -m 644'
INSTALL_LIBBFD_FALSE='#'
INSTALL_LIBBFD_TRUE=''
INSTALL_PROGRAM='/usr/bin/install -c'
INSTALL_SCRIPT='/usr/bin/install -c'
INSTALL_STRIP_PROGRAM='$(install_sh) -c -s'
INSTOBJEXT='.mo'
LD='/Library/Developer/CommandLineTools/usr/bin/ld'
LDFLAGS=' -Wl,-no_pie '
LIBINTL='-L/usr/local/lib -lintl'
LIBINTL_DEP=''
LIBM=''
LIBOBJS=''
LIBS=''
LIBTOOL='$(SHELL) $(top_builddir)/libtool'
LIPO='lipo'
LN_S='ln -s'
LTLIBOBJS=''
MAINT='#'
MAINTAINER_MODE_FALSE=''
MAINTAINER_MODE_TRUE='#'
MAKEINFO='makeinfo --split-size=5000000'
MKDIR_P='/Users/yasuyuki/Downloads/gdb-9.1/opcodes/../install-sh -c -d'
MKINSTALLDIRS='/Users/yasuyuki/Downloads/gdb-9.1/opcodes/../mkinstalldirs'
MSGFMT='/Users/yasuyuki/anaconda3/bin/msgfmt'
MSGMERGE='/Users/yasuyuki/anaconda3/bin/msgmerge'
NM='nm'
NMEDIT='nmedit'
NO_WERROR=''
OBJDUMP='objdump'
OBJEXT='o'
OTOOL64=':'
OTOOL='otool'
PACKAGE='opcodes'
PACKAGE_BUGREPORT=''
PACKAGE_NAME='opcodes'
PACKAGE_STRING='opcodes 2.33.50'
PACKAGE_TARNAME='opcodes'
PACKAGE_URL=''
PACKAGE_VERSION='2.33.50'
PATH_SEPARATOR=':'
POSUB='po'
RANLIB='ranlib'
SED='/usr/bin/sed'
SET_MAKE=''
SHARED_DEPENDENCIES=''
SHARED_LDFLAGS=''
SHARED_LIBADD=''
SHELL='/bin/sh'
STRIP='strip'
USE_NLS='yes'
VERSION='2.33.50'
WARN_CFLAGS='-W -Wall -Wstrict-prototypes -Wmissing-prototypes -Wshadow'
WARN_CFLAGS_FOR_BUILD='-W -Wall -Wstrict-prototypes -Wmissing-prototypes -Wshadow'
WARN_WRITE_STRINGS='-Wwrite-strings'
XGETTEXT='/Users/yasuyuki/anaconda3/bin/xgettext'
ac_ct_CC=''
ac_ct_DUMPBIN=''
am__EXEEXT_FALSE=''
am__EXEEXT_TRUE='#'
am__fastdepCC_FALSE='#'
am__fastdepCC_TRUE=''
am__include='include'
am__isrc=' -I$(srcdir)'
am__leading_dot='.'
am__nodep='_no'
am__quote=''
am__tar='$${TAR-tar} chof - "$$tardir"'
am__untar='$${TAR-tar} xf -'
archdefs=' -DARCH_i386 -DARCH_powerpc -DARCH_rs6000'
bfdincludedir='$(includedir)'
bfdlibdir='$(libdir)'
bindir='${exec_prefix}/bin'
build='x86_64-apple-darwin19.4.0'
build_alias='x86_64-apple-darwin19.4.0'
build_cpu='x86_64'
build_os='darwin19.4.0'
build_vendor='apple'
cgendir='$(srcdir)/../cgen'
datadir='${datarootdir}'
datarootdir='${prefix}/share'
docdir='${datarootdir}/doc/${PACKAGE_TARNAME}'
dvidir='${docdir}'
exec_prefix='${prefix}'
host='x86_64-apple-darwin19.4.0'
host_alias='x86_64-apple-darwin19.4.0'
host_cpu='x86_64'
host_noncanonical='x86_64-apple-darwin19.4.0'
host_os='darwin19.4.0'
host_vendor='apple'
htmldir='${docdir}'
includedir='${prefix}/include'
infodir='${datarootdir}/info'
install_sh='${SHELL} /Users/yasuyuki/Downloads/gdb-9.1/install-sh'
libdir='${exec_prefix}/lib'
libexecdir='${exec_prefix}/libexec'
localedir='${datarootdir}/locale'
localstatedir='${prefix}/var'
mandir='${datarootdir}/man'
mkdir_p='$(MKDIR_P)'
oldincludedir='/usr/include'
pdfdir='${docdir}'
prefix='/usr/local'
program_transform_name='s,y,y,'
psdir='${docdir}'
sbindir='${exec_prefix}/sbin'
sharedstatedir='${prefix}/com'
sysconfdir='${prefix}/etc'
target='x86_64-apple-darwin19.4.0'
target_alias='x86_64-apple-darwin19.4.0'
target_cpu='x86_64'
target_noncanonical='x86_64-apple-darwin19.4.0'
target_os='darwin19.4.0'
target_vendor='apple'

## ----------- ##
## confdefs.h. ##
## ----------- ##

/* confdefs.h */
#define PACKAGE_NAME "opcodes"
#define PACKAGE_TARNAME "opcodes"
#define PACKAGE_VERSION "2.33.50"
#define PACKAGE_STRING "opcodes 2.33.50"
#define PACKAGE_BUGREPORT ""
#define PACKAGE_URL ""
#define PACKAGE "opcodes"
#define VERSION "2.33.50"
#define STDC_HEADERS 1
#define HAVE_SYS_TYPES_H 1
#define HAVE_SYS_STAT_H 1
#define HAVE_STDLIB_H 1
#define HAVE_STRING_H 1
#define HAVE_MEMORY_H 1
#define HAVE_STRINGS_H 1
#define HAVE_INTTYPES_H 1
#define HAVE_STDINT_H 1
#define HAVE_UNISTD_H 1
#define __EXTENSIONS__ 1
#define _ALL_SOURCE 1
#define _GNU_SOURCE 1
#define _POSIX_PTHREAD_SEMANTICS 1
#define _TANDEM_SOURCE 1
#define HAVE_DLFCN_H 1
#define LT_OBJDIR ".libs/"
#define ENABLE_NLS 1
#define HAVE_STRING_H 1
#define HAVE_STRINGS_H 1
#define HAVE_STDLIB_H 1
#define HAVE_LIMITS_H 1
#define STRING_WITH_STRINGS 1
#define HAVE_DECL_BASENAME 0
#define HAVE_DECL_STPCPY 1
#define HAVE_SIGSETJMP 1

configure: exit 0
