This file contains any messages produced by compilers while
running configure, to aid debugging if configure makes a mistake.

It was created by zlib configure 1.1.4, which was
generated by GNU Autoconf 2.69.  Invocation command line was

  $ /Users/yasuyuki/Downloads/gdb-9.1/zlib/configure --srcdir=/Users/yasuyuki/Downloads/gdb-9.1/zlib --cache-file=./config.cache --program-transform-name=s,y,y, --disable-option-checking --build=x86_64-apple-darwin19.4.0 --host=x86_64-apple-darwin19.4.0 --target=x86_64-apple-darwin19.4.0

## --------- ##
## Platform. ##
## --------- ##

hostname = kanedayasuyuki-no-iMac.local
uname -m = x86_64
uname -r = 19.4.0
uname -s = Darwin
uname -v = Darwin Kernel Version 19.4.0: Wed Mar  4 22:28:40 PST 2020; root:xnu-6153.101.6~15/RELEASE_X86_64

/usr/bin/uname -p = i386
/bin/uname -X     = unknown

/bin/arch              = unknown
/usr/bin/arch -k       = unknown
/usr/convex/getsysinfo = unknown
/usr/bin/hostinfo      = Mach kernel version:
	 Darwin Kernel Version 19.4.0: Wed Mar  4 22:28:40 PST 2020; root:xnu-6153.101.6~15/RELEASE_X86_64
Kernel configured for up to 4 processors.
2 processors are physically available.
4 processors are logically available.
Processor type: x86_64h (Intel x86-64h Haswell)
Processors active: 0 1 2 3
Primary memory available: 8.00 gigabytes
Default processor set: 282 tasks, 1395 threads, 4 processors
Load average: 2.49, Mach factor: 1.51
/bin/machine           = unknown
/usr/bin/oslevel       = unknown
/bin/universe          = unknown

PATH: /Users/yasuyuki/anaconda3/bin
PATH: /Library/Frameworks/Python.framework/Versions/3.6/bin
PATH: /usr/local/bin
PATH: /usr/bin
PATH: /bin
PATH: /usr/sbin
PATH: /sbin
PATH: /Library/TeX/texbin
PATH: /opt/X11/bin


## ----------- ##
## Core tests. ##
## ----------- ##

configure:2143: loading cache ./config.cache
configure:2305: checking build system type
configure:2319: result: x86_64-apple-darwin19.4.0
configure:2339: checking host system type
configure:2352: result: x86_64-apple-darwin19.4.0
configure:2372: checking target system type
configure:2385: result: x86_64-apple-darwin19.4.0
configure:2433: checking for a BSD-compatible install
configure:2501: result: /usr/bin/install -c
configure:2512: checking whether build environment is sane
configure:2567: result: yes
configure:2718: checking for a thread-safe mkdir -p
configure:2757: result: /Users/yasuyuki/Downloads/gdb-9.1/zlib/../install-sh -c -d
configure:2764: checking for gawk
configure:2791: result: awk
configure:2802: checking whether /Library/Developer/CommandLineTools/usr/bin/make sets $(MAKE)
configure:2824: result: yes
configure:2853: checking whether /Library/Developer/CommandLineTools/usr/bin/make supports nested variables
configure:2870: result: yes
configure:2998: checking whether to enable maintainer-specific portions of Makefiles
configure:3007: result: no
configure:3078: checking for x86_64-apple-darwin19.4.0-gcc
configure:3105: result: gcc
configure:3374: checking for C compiler version
configure:3383: gcc --version >&5
Apple clang version 11.0.3 (clang-1103.0.32.59)
Target: x86_64-apple-darwin19.4.0
Thread model: posix
InstalledDir: /Library/Developer/CommandLineTools/usr/bin
Configured with: --prefix=/Library/Developer/CommandLineTools/usr --with-gxx-include-dir=/Library/Developer/CommandLineTools/SDKs/MacOSX.sdk/usr/include/c++/4.2.1
configure:3394: $? = 0
configure:3383: gcc -v >&5
Configured with: --prefix=/Library/Developer/CommandLineTools/usr --with-gxx-include-dir=/Library/Developer/CommandLineTools/SDKs/MacOSX.sdk/usr/include/c++/4.2.1
Apple clang version 11.0.3 (clang-1103.0.32.59)
Target: x86_64-apple-darwin19.4.0
Thread model: posix
InstalledDir: /Library/Developer/CommandLineTools/usr/bin
configure:3394: $? = 0
configure:3383: gcc -V >&5
clang: error: unsupported option '-V -Wno-objc-signed-char-bool-implicit-int-conversion'
clang: error: no input files
configure:3394: $? = 1
configure:3383: gcc -qversion >&5
clang: error: unknown argument '-qversion'; did you mean '--version'?
clang: error: no input files
configure:3394: $? = 1
configure:3410: gcc -o conftest -g -O2   -Wl,-no_pie  conftest.c  >&5
configure:3413: $? = 0
configure:3442: checking whether the C compiler works
configure:3464: gcc -g -O2   -Wl,-no_pie  conftest.c  >&5
configure:3468: $? = 0
configure:3516: result: yes
configure:3519: checking for C compiler default output file name
configure:3521: result: a.out
configure:3527: checking for suffix of executables
configure:3534: gcc -o conftest -g -O2   -Wl,-no_pie  conftest.c  >&5
configure:3538: $? = 0
configure:3560: result: 
configure:3582: checking whether we are cross compiling
configure:3590: gcc -o conftest -g -O2   -Wl,-no_pie  conftest.c  >&5
configure:3594: $? = 0
configure:3601: ./conftest
configure:3605: $? = 0
configure:3620: result: no
configure:3626: checking for suffix of object files
configure:3673: result: o
configure:3677: checking whether we are using the GNU C compiler
configure:3705: result: yes
configure:3714: checking whether gcc accepts -g
configure:3775: result: yes
configure:3792: checking for gcc option to accept ISO C89
configure:3868: result: none needed
configure:3893: checking whether gcc understands -c and -o together
configure:3930: result: yes
configure:3958: checking for style of include used by /Library/Developer/CommandLineTools/usr/bin/make
configure:3986: result: GNU
configure:4012: checking dependency style of gcc
configure:4123: result: gcc3
configure:4188: checking how to print strings
configure:4215: result: printf
configure:4236: checking for a sed that does not truncate output
configure:4300: result: /usr/bin/sed
configure:4318: checking for grep that handles long lines and -e
configure:4376: result: /usr/bin/grep
configure:4381: checking for egrep
configure:4443: result: /usr/bin/grep -E
configure:4448: checking for fgrep
configure:4510: result: /usr/bin/grep -F
configure:4545: checking for ld used by gcc
configure:4612: result: /Library/Developer/CommandLineTools/usr/bin/ld
configure:4619: checking if the linker (/Library/Developer/CommandLineTools/usr/bin/ld) is GNU ld
configure:4634: result: no
configure:4646: checking for BSD- or MS-compatible name lister (nm)
configure:4695: result: nm
configure:4825: checking the name lister (nm) interface
configure:4845: result: BSD nm
configure:4848: checking whether ln -s works
configure:4852: result: yes
configure:4860: checking the maximum length of command line arguments
configure:4985: result: 196608
configure:5002: checking whether the shell understands some XSI constructs
configure:5012: result: yes
configure:5016: checking whether the shell understands "+="
configure:5022: result: yes
configure:5057: checking for /Library/Developer/CommandLineTools/usr/bin/ld option to reload object files
configure:5064: result: -r
configure:5093: checking for x86_64-apple-darwin19.4.0-objdump
configure:5120: result: objdump
configure:5192: checking how to recognize dependent libraries
configure:5393: result: pass_all
configure:5413: checking for x86_64-apple-darwin19.4.0-ar
configure:5440: result: ar
configure:5518: checking for x86_64-apple-darwin19.4.0-strip
configure:5548: result: no
configure:5558: checking for strip
configure:5585: result: strip
configure:5617: checking for x86_64-apple-darwin19.4.0-ranlib
configure:5644: result: ranlib
configure:5786: checking command to parse nm output from gcc object
configure:6009: result: ok
configure:6250: checking for x86_64-apple-darwin19.4.0-dsymutil
configure:6280: result: no
configure:6290: checking for dsymutil
configure:6317: result: dsymutil
configure:6342: checking for x86_64-apple-darwin19.4.0-nmedit
configure:6372: result: no
configure:6382: checking for nmedit
configure:6409: result: nmedit
configure:6434: checking for x86_64-apple-darwin19.4.0-lipo
configure:6464: result: no
configure:6474: checking for lipo
configure:6501: result: lipo
configure:6526: checking for x86_64-apple-darwin19.4.0-otool
configure:6556: result: no
configure:6566: checking for otool
configure:6593: result: otool
configure:6618: checking for x86_64-apple-darwin19.4.0-otool64
configure:6648: result: no
configure:6658: checking for otool64
configure:6688: result: no
configure:6733: checking for -single_module linker flag
configure:6760: result: yes
configure:6762: checking for -exported_symbols_list linker flag
configure:6795: result: yes
configure:6797: checking for -force_load linker flag
configure:6825: result: no
configure:6867: checking how to run the C preprocessor
configure:6937: result: gcc -E
configure:6957: gcc -E  conftest.c
configure:6957: $? = 0
configure:6971: gcc -E  conftest.c
conftest.c:11:10: fatal error: 'ac_nonexistent.h' file not found
#include <ac_nonexistent.h>
         ^~~~~~~~~~~~~~~~~~
1 error generated.
configure:6971: $? = 1
configure: failed program was:
| /* confdefs.h */
| #define PACKAGE_NAME "zlib"
| #define PACKAGE_TARNAME "zlib"
| #define PACKAGE_VERSION "1.1.4"
| #define PACKAGE_STRING "zlib 1.1.4"
| #define PACKAGE_BUGREPORT ""
| #define PACKAGE_URL ""
| #define PACKAGE "zlib"
| #define VERSION "1.1.4"
| /* end confdefs.h.  */
| #include <ac_nonexistent.h>
configure:7000: checking for ANSI C header files
configure:7104: result: yes
configure:7117: checking for sys/types.h
configure:7117: result: yes
configure:7117: checking for sys/stat.h
configure:7117: result: yes
configure:7117: checking for stdlib.h
configure:7117: result: yes
configure:7117: checking for string.h
configure:7117: result: yes
configure:7117: checking for memory.h
configure:7117: result: yes
configure:7117: checking for strings.h
configure:7117: result: yes
configure:7117: checking for inttypes.h
configure:7117: result: yes
configure:7117: checking for stdint.h
configure:7117: result: yes
configure:7117: checking for unistd.h
configure:7117: result: yes
configure:7131: checking for dlfcn.h
configure:7131: result: yes
configure:7318: checking for objdir
configure:7333: result: .libs
configure:7604: checking if gcc supports -fno-rtti -fno-exceptions
configure:7639: result: yes
configure:7659: checking for gcc option to produce PIC
configure:7945: result: -fno-common -DPIC
configure:7957: checking if gcc PIC flag -fno-common -DPIC works
configure:7992: result: yes
configure:8016: checking if gcc static flag -static works
configure:8044: result: no
configure:8059: checking if gcc supports -c -o file.o
configure:8106: result: yes
configure:8114: checking if gcc supports -c -o file.o
configure:8161: result: yes
configure:8194: checking whether the gcc linker (/Library/Developer/CommandLineTools/usr/bin/ld) supports shared libraries
configure:9274: result: yes
configure:9519: checking dynamic linker characteristics
configure:10195: result: darwin19.4.0 dyld
configure:10302: checking how to hardcode library paths into programs
configure:10327: result: immediate
configure:10882: checking whether stripping libraries is possible
configure:10896: result: yes
configure:10922: checking if libtool supports shared libraries
configure:10924: result: yes
configure:10927: checking whether to build shared libraries
configure:10948: result: yes
configure:10951: checking whether to build static libraries
configure:10955: result: yes
configure:10998: checking how to run the C preprocessor
configure:11068: result: gcc -E
configure:11088: gcc -E  conftest.c
configure:11088: $? = 0
configure:11102: gcc -E  conftest.c
conftest.c:23:10: fatal error: 'ac_nonexistent.h' file not found
#include <ac_nonexistent.h>
         ^~~~~~~~~~~~~~~~~~
1 error generated.
configure:11102: $? = 1
configure: failed program was:
| /* confdefs.h */
| #define PACKAGE_NAME "zlib"
| #define PACKAGE_TARNAME "zlib"
| #define PACKAGE_VERSION "1.1.4"
| #define PACKAGE_STRING "zlib 1.1.4"
| #define PACKAGE_BUGREPORT ""
| #define PACKAGE_URL ""
| #define PACKAGE "zlib"
| #define VERSION "1.1.4"
| #define STDC_HEADERS 1
| #define HAVE_SYS_TYPES_H 1
| #define HAVE_SYS_STAT_H 1
| #define HAVE_STDLIB_H 1
| #define HAVE_STRING_H 1
| #define HAVE_MEMORY_H 1
| #define HAVE_STRINGS_H 1
| #define HAVE_INTTYPES_H 1
| #define HAVE_STDINT_H 1
| #define HAVE_UNISTD_H 1
| #define HAVE_DLFCN_H 1
| #define LT_OBJDIR ".libs/"
| /* end confdefs.h.  */
| #include <ac_nonexistent.h>
configure:11158: checking for stdlib.h
configure:11158: result: yes
configure:11158: checking for unistd.h
configure:11158: result: yes
configure:11158: checking for sys/param.h
configure:11158: result: yes
configure:11178: checking for getpagesize
configure:11178: result: yes
configure:11187: checking for working mmap
configure:11344: result: yes
configure:11357: checking for memcpy
configure:11357: result: yes
configure:11357: checking for strerror
configure:11357: result: yes
configure:11422: checking for unistd.h
configure:11422: result: yes
configure:11624: checking that generated files are newer than configure
configure:11630: result: done
configure:11661: creating ./config.status

## ---------------------- ##
## Running config.status. ##
## ---------------------- ##

This file was extended by zlib config.status 1.1.4, which was
generated by GNU Autoconf 2.69.  Invocation command line was

  CONFIG_FILES    = 
  CONFIG_HEADERS  = 
  CONFIG_LINKS    = 
  CONFIG_COMMANDS = 
  $ ./config.status 

on kanedayasuyuki-no-iMac.local

config.status:1018: creating Makefile
config.status:1175: executing depfiles commands
config.status:1175: executing libtool commands

## ---------------- ##
## Cache variables. ##
## ---------------- ##

ac_cv_build=x86_64-apple-darwin19.4.0
ac_cv_c_compiler_gnu=yes
ac_cv_env_CPPFLAGS_set=
ac_cv_env_CPPFLAGS_value=
ac_cv_env_CPP_set=
ac_cv_env_CPP_value=
ac_cv_env_build_alias_set=set
ac_cv_env_build_alias_value=x86_64-apple-darwin19.4.0
ac_cv_env_host_alias_set=set
ac_cv_env_host_alias_value=x86_64-apple-darwin19.4.0
ac_cv_env_target_alias_set=set
ac_cv_env_target_alias_value=x86_64-apple-darwin19.4.0
ac_cv_func_getpagesize=yes
ac_cv_func_memcpy=yes
ac_cv_func_mmap_fixed_mapped=yes
ac_cv_func_strerror=yes
ac_cv_header_dlfcn_h=yes
ac_cv_header_inttypes_h=yes
ac_cv_header_memory_h=yes
ac_cv_header_stdc=yes
ac_cv_header_stdint_h=yes
ac_cv_header_stdlib_h=yes
ac_cv_header_string_h=yes
ac_cv_header_strings_h=yes
ac_cv_header_sys_param_h=yes
ac_cv_header_sys_stat_h=yes
ac_cv_header_sys_types_h=yes
ac_cv_header_unistd_h=yes
ac_cv_host=x86_64-apple-darwin19.4.0
ac_cv_objext=o
ac_cv_path_EGREP='/usr/bin/grep -E'
ac_cv_path_FGREP='/usr/bin/grep -F'
ac_cv_path_GREP=/usr/bin/grep
ac_cv_path_SED=/usr/bin/sed
ac_cv_prog_AR=ar
ac_cv_prog_AWK=awk
ac_cv_prog_CC=gcc
ac_cv_prog_CPP='gcc -E'
ac_cv_prog_OBJDUMP=objdump
ac_cv_prog_RANLIB=ranlib
ac_cv_prog_ac_ct_DSYMUTIL=dsymutil
ac_cv_prog_ac_ct_LIPO=lipo
ac_cv_prog_ac_ct_NMEDIT=nmedit
ac_cv_prog_ac_ct_OTOOL=otool
ac_cv_prog_ac_ct_STRIP=strip
ac_cv_prog_cc_c89=
ac_cv_prog_cc_g=yes
ac_cv_prog_make__Library_Developer_CommandLineTools_usr_bin_make_set=yes
ac_cv_target=x86_64-apple-darwin19.4.0
am_cv_CC_dependencies_compiler_type=gcc3
am_cv_make_support_nested_variables=yes
am_cv_prog_cc_c_o=yes
lt_cv_apple_cc_single_mod=yes
lt_cv_deplibs_check_method=pass_all
lt_cv_file_magic_cmd='$MAGIC_CMD'
lt_cv_file_magic_test_file=
lt_cv_ld_exported_symbols_list=yes
lt_cv_ld_force_load=no
lt_cv_ld_reload_flag=-r
lt_cv_nm_interface='BSD nm'
lt_cv_objdir=.libs
lt_cv_path_LD=/Library/Developer/CommandLineTools/usr/bin/ld
lt_cv_path_NM=nm
lt_cv_prog_compiler_c_o=yes
lt_cv_prog_compiler_pic_works=yes
lt_cv_prog_compiler_rtti_exceptions=yes
lt_cv_prog_compiler_static_works=no
lt_cv_prog_gnu_ld=no
lt_cv_sys_global_symbol_pipe='sed -n -e '\''s/^.*[	 ]\([BCDEGRST][BCDEGRST]*\)[	 ][	 ]*_\([_A-Za-z][_A-Za-z0-9]*\)$/\1 _\2 \2/p'\'''
lt_cv_sys_global_symbol_to_c_name_address='sed -n -e '\''s/^: \([^ ]*\) $/  {\"\1\", (void *) 0},/p'\'' -e '\''s/^[BCDEGRST]* \([^ ]*\) \([^ ]*\)$/  {"\2", (void *) \&\2},/p'\'''
lt_cv_sys_global_symbol_to_c_name_address_lib_prefix='sed -n -e '\''s/^: \([^ ]*\) $/  {\"\1\", (void *) 0},/p'\'' -e '\''s/^[BCDEGRST]* \([^ ]*\) \(lib[^ ]*\)$/  {"\2", (void *) \&\2},/p'\'' -e '\''s/^[BCDEGRST]* \([^ ]*\) \([^ ]*\)$/  {"lib\2", (void *) \&\2},/p'\'''
lt_cv_sys_global_symbol_to_cdecl='sed -n -e '\''s/^T .* \(.*\)$/extern int \1();/p'\'' -e '\''s/^[BCDEGRST]* .* \(.*\)$/extern char \1;/p'\'''
lt_cv_sys_max_cmd_len=196608

## ----------------- ##
## Output variables. ##
## ----------------- ##

ACLOCAL='${SHELL} /Users/yasuyuki/Downloads/gdb-9.1/missing aclocal-1.15'
AMDEPBACKSLASH='\'
AMDEP_FALSE='#'
AMDEP_TRUE=''
AMTAR='$${TAR-tar}'
AM_BACKSLASH='\'
AM_DEFAULT_V='$(AM_DEFAULT_VERBOSITY)'
AM_DEFAULT_VERBOSITY='1'
AM_V='$(V)'
AR='ar'
AUTOCONF='${SHELL} /Users/yasuyuki/Downloads/gdb-9.1/missing autoconf'
AUTOHEADER='${SHELL} /Users/yasuyuki/Downloads/gdb-9.1/missing autoheader'
AUTOMAKE='${SHELL} /Users/yasuyuki/Downloads/gdb-9.1/missing automake-1.15'
AWK='awk'
CC='gcc'
CCDEPMODE='depmode=gcc3'
CFLAGS='-g -O2'
COMPPATH='.'
CPP='gcc -E'
CPPFLAGS=''
CYGPATH_W='echo'
DEFS='-DPACKAGE_NAME=\"zlib\" -DPACKAGE_TARNAME=\"zlib\" -DPACKAGE_VERSION=\"1.1.4\" -DPACKAGE_STRING=\"zlib\ 1.1.4\" -DPACKAGE_BUGREPORT=\"\" -DPACKAGE_URL=\"\" -DPACKAGE=\"zlib\" -DVERSION=\"1.1.4\" -DSTDC_HEADERS=1 -DHAVE_SYS_TYPES_H=1 -DHAVE_SYS_STAT_H=1 -DHAVE_STDLIB_H=1 -DHAVE_STRING_H=1 -DHAVE_MEMORY_H=1 -DHAVE_STRINGS_H=1 -DHAVE_INTTYPES_H=1 -DHAVE_STDINT_H=1 -DHAVE_UNISTD_H=1 -DHAVE_DLFCN_H=1 -DLT_OBJDIR=\".libs/\" -DHAVE_STDLIB_H=1 -DHAVE_UNISTD_H=1 -DHAVE_SYS_PARAM_H=1 -DHAVE_GETPAGESIZE=1 -DHAVE_MMAP=1 -DHAVE_MEMCPY=1 -DHAVE_STRERROR=1 -DHAVE_UNISTD_H=1'
DEPDIR='.deps'
DSYMUTIL='dsymutil'
DUMPBIN=''
ECHO_C='\c'
ECHO_N=''
ECHO_T=''
EGREP='/usr/bin/grep -E'
EXEEXT=''
FGREP='/usr/bin/grep -F'
GREP='/usr/bin/grep'
INSTALL_DATA='/usr/bin/install -c -m 644'
INSTALL_PROGRAM='/usr/bin/install -c'
INSTALL_SCRIPT='/usr/bin/install -c'
INSTALL_STRIP_PROGRAM='$(install_sh) -c -s'
LD='/Library/Developer/CommandLineTools/usr/bin/ld'
LDFLAGS=' -Wl,-no_pie '
LIBOBJS=''
LIBS=''
LIBTOOL='$(SHELL) $(top_builddir)/libtool'
LIPO='lipo'
LN_S='ln -s'
LTLIBOBJS=''
MAINT='#'
MAINTAINER_MODE_FALSE=''
MAINTAINER_MODE_TRUE='#'
MAKEINFO='makeinfo --split-size=5000000'
MKDIR_P='/Users/yasuyuki/Downloads/gdb-9.1/zlib/../install-sh -c -d'
NM='nm'
NMEDIT='nmedit'
OBJDUMP='objdump'
OBJEXT='o'
OTOOL64=':'
OTOOL='otool'
PACKAGE='zlib'
PACKAGE_BUGREPORT=''
PACKAGE_NAME='zlib'
PACKAGE_STRING='zlib 1.1.4'
PACKAGE_TARNAME='zlib'
PACKAGE_URL=''
PACKAGE_VERSION='1.1.4'
PATH_SEPARATOR=':'
PICFLAG=''
RANLIB='ranlib'
SED='/usr/bin/sed'
SET_MAKE=''
SHELL='/bin/sh'
STRIP='strip'
TARGET_LIBRARY_FALSE=''
TARGET_LIBRARY_TRUE='#'
VERSION='1.1.4'
ac_ct_CC=''
ac_ct_DUMPBIN=''
am__EXEEXT_FALSE=''
am__EXEEXT_TRUE='#'
am__fastdepCC_FALSE='#'
am__fastdepCC_TRUE=''
am__include='include'
am__isrc=' -I$(srcdir)'
am__leading_dot='.'
am__nodep='_no'
am__quote=''
am__tar='$${TAR-tar} chof - "$$tardir"'
am__untar='$${TAR-tar} xf -'
bindir='${exec_prefix}/bin'
build='x86_64-apple-darwin19.4.0'
build_alias='x86_64-apple-darwin19.4.0'
build_cpu='x86_64'
build_os='darwin19.4.0'
build_vendor='apple'
datadir='${datarootdir}'
datarootdir='${prefix}/share'
docdir='${datarootdir}/doc/${PACKAGE_TARNAME}'
dvidir='${docdir}'
exec_prefix='${prefix}'
host='x86_64-apple-darwin19.4.0'
host_alias='x86_64-apple-darwin19.4.0'
host_cpu='x86_64'
host_os='darwin19.4.0'
host_vendor='apple'
htmldir='${docdir}'
includedir='${prefix}/include'
infodir='${datarootdir}/info'
install_sh='${SHELL} /Users/yasuyuki/Downloads/gdb-9.1/install-sh'
libdir='${exec_prefix}/lib'
libexecdir='${exec_prefix}/libexec'
localedir='${datarootdir}/locale'
localstatedir='${prefix}/var'
mandir='${datarootdir}/man'
mkdir_p='$(MKDIR_P)'
mkinstalldirs='/Users/yasuyuki/Downloads/gdb-9.1/mkinstalldirs'
multi_basedir=''
oldincludedir='/usr/include'
pdfdir='${docdir}'
prefix='/usr/local'
program_transform_name='s,y,y,'
psdir='${docdir}'
sbindir='${exec_prefix}/sbin'
sharedstatedir='${prefix}/com'
sysconfdir='${prefix}/etc'
target='x86_64-apple-darwin19.4.0'
target_alias='x86_64-apple-darwin19.4.0'
target_all='libzgcj.la'
target_cpu='x86_64'
target_os='darwin19.4.0'
target_vendor='apple'
toolexecdir='$(libdir)/gcc-lib/$(target_alias)'
toolexeclibdir='$(libdir)'

## ----------- ##
## confdefs.h. ##
## ----------- ##

/* confdefs.h */
#define PACKAGE_NAME "zlib"
#define PACKAGE_TARNAME "zlib"
#define PACKAGE_VERSION "1.1.4"
#define PACKAGE_STRING "zlib 1.1.4"
#define PACKAGE_BUGREPORT ""
#define PACKAGE_URL ""
#define PACKAGE "zlib"
#define VERSION "1.1.4"
#define STDC_HEADERS 1
#define HAVE_SYS_TYPES_H 1
#define HAVE_SYS_STAT_H 1
#define HAVE_STDLIB_H 1
#define HAVE_STRING_H 1
#define HAVE_MEMORY_H 1
#define HAVE_STRINGS_H 1
#define HAVE_INTTYPES_H 1
#define HAVE_STDINT_H 1
#define HAVE_UNISTD_H 1
#define HAVE_DLFCN_H 1
#define LT_OBJDIR ".libs/"
#define HAVE_STDLIB_H 1
#define HAVE_UNISTD_H 1
#define HAVE_SYS_PARAM_H 1
#define HAVE_GETPAGESIZE 1
#define HAVE_MMAP 1
#define HAVE_MEMCPY 1
#define HAVE_STRERROR 1
#define HAVE_UNISTD_H 1

configure: exit 0
