This file contains any messages produced by compilers while
running configure, to aid debugging if configure makes a mistake.

It was created by bfd configure 2.33.50, which was
generated by GNU Autoconf 2.69.  Invocation command line was

  $ /Users/yasuyuki/Downloads/gdb-9.1/bfd/configure --srcdir=/Users/yasuyuki/Downloads/gdb-9.1/bfd --cache-file=./config.cache --program-transform-name=s,y,y, --disable-option-checking --build=x86_64-apple-darwin19.4.0 --host=x86_64-apple-darwin19.4.0 --target=x86_64-apple-darwin19.4.0

## --------- ##
## Platform. ##
## --------- ##

hostname = kanedayasuyuki-no-iMac.local
uname -m = x86_64
uname -r = 19.4.0
uname -s = Darwin
uname -v = Darwin Kernel Version 19.4.0: Wed Mar  4 22:28:40 PST 2020; root:xnu-6153.101.6~15/RELEASE_X86_64

/usr/bin/uname -p = i386
/bin/uname -X     = unknown

/bin/arch              = unknown
/usr/bin/arch -k       = unknown
/usr/convex/getsysinfo = unknown
/usr/bin/hostinfo      = Mach kernel version:
	 Darwin Kernel Version 19.4.0: Wed Mar  4 22:28:40 PST 2020; root:xnu-6153.101.6~15/RELEASE_X86_64
Kernel configured for up to 4 processors.
2 processors are physically available.
4 processors are logically available.
Processor type: x86_64h (Intel x86-64h Haswell)
Processors active: 0 1 2 3
Primary memory available: 8.00 gigabytes
Default processor set: 278 tasks, 1382 threads, 4 processors
Load average: 2.75, Mach factor: 1.62
/bin/machine           = unknown
/usr/bin/oslevel       = unknown
/bin/universe          = unknown

PATH: /Users/yasuyuki/anaconda3/bin
PATH: /Library/Frameworks/Python.framework/Versions/3.6/bin
PATH: /usr/local/bin
PATH: /usr/bin
PATH: /bin
PATH: /usr/sbin
PATH: /sbin
PATH: /Library/TeX/texbin
PATH: /opt/X11/bin


## ----------- ##
## Core tests. ##
## ----------- ##

configure:2507: loading cache ./config.cache
configure:2629: checking build system type
configure:2643: result: x86_64-apple-darwin19.4.0
configure:2663: checking host system type
configure:2676: result: x86_64-apple-darwin19.4.0
configure:2696: checking target system type
configure:2709: result: x86_64-apple-darwin19.4.0
configure:2746: checking for x86_64-apple-darwin19.4.0-gcc
configure:2773: result: gcc
configure:3042: checking for C compiler version
configure:3051: gcc --version >&5
Apple clang version 11.0.3 (clang-1103.0.32.59)
Target: x86_64-apple-darwin19.4.0
Thread model: posix
InstalledDir: /Library/Developer/CommandLineTools/usr/bin
Configured with: --prefix=/Library/Developer/CommandLineTools/usr --with-gxx-include-dir=/Library/Developer/CommandLineTools/SDKs/MacOSX.sdk/usr/include/c++/4.2.1
configure:3062: $? = 0
configure:3051: gcc -v >&5
Configured with: --prefix=/Library/Developer/CommandLineTools/usr --with-gxx-include-dir=/Library/Developer/CommandLineTools/SDKs/MacOSX.sdk/usr/include/c++/4.2.1
Apple clang version 11.0.3 (clang-1103.0.32.59)
Target: x86_64-apple-darwin19.4.0
Thread model: posix
InstalledDir: /Library/Developer/CommandLineTools/usr/bin
configure:3062: $? = 0
configure:3051: gcc -V >&5
clang: error: unsupported option '-V -Wno-objc-signed-char-bool-implicit-int-conversion'
clang: error: no input files
configure:3062: $? = 1
configure:3051: gcc -qversion >&5
clang: error: unknown argument '-qversion'; did you mean '--version'?
clang: error: no input files
configure:3062: $? = 1
configure:3082: checking whether the C compiler works
configure:3104: gcc -g -O2   -Wl,-no_pie  conftest.c  >&5
configure:3108: $? = 0
configure:3156: result: yes
configure:3159: checking for C compiler default output file name
configure:3161: result: a.out
configure:3167: checking for suffix of executables
configure:3174: gcc -o conftest -g -O2   -Wl,-no_pie  conftest.c  >&5
configure:3178: $? = 0
configure:3200: result: 
configure:3222: checking whether we are cross compiling
configure:3230: gcc -o conftest -g -O2   -Wl,-no_pie  conftest.c  >&5
configure:3234: $? = 0
configure:3241: ./conftest
configure:3245: $? = 0
configure:3260: result: no
configure:3265: checking for suffix of object files
configure:3312: result: o
configure:3316: checking whether we are using the GNU C compiler
configure:3344: result: yes
configure:3353: checking whether gcc accepts -g
configure:3414: result: yes
configure:3431: checking for gcc option to accept ISO C89
configure:3507: result: none needed
configure:3532: checking whether gcc understands -c and -o together
configure:3569: result: yes
configure:3587: checking for library containing strerror
configure:3635: result: none required
configure:3660: checking for a BSD-compatible install
configure:3728: result: /usr/bin/install -c
configure:3739: checking whether build environment is sane
configure:3794: result: yes
configure:3942: checking for a thread-safe mkdir -p
configure:3981: result: /Users/yasuyuki/Downloads/gdb-9.1/bfd/../install-sh -c -d
configure:3988: checking for gawk
configure:4015: result: awk
configure:4026: checking whether /Library/Developer/CommandLineTools/usr/bin/make sets $(MAKE)
configure:4048: result: yes
configure:4078: checking for style of include used by /Library/Developer/CommandLineTools/usr/bin/make
configure:4106: result: GNU
configure:4140: checking whether /Library/Developer/CommandLineTools/usr/bin/make supports nested variables
configure:4157: result: yes
configure:4242: checking dependency style of gcc
configure:4353: result: gcc3
configure:4415: checking for x86_64-apple-darwin19.4.0-ar
configure:4442: result: ar
configure:4507: checking for x86_64-apple-darwin19.4.0-ranlib
configure:4534: result: ranlib
configure:4637: checking for x86_64-apple-darwin19.4.0-gcc
configure:4664: result: gcc
configure:4933: checking for C compiler version
configure:4942: gcc --version >&5
Apple clang version 11.0.3 (clang-1103.0.32.59)
Target: x86_64-apple-darwin19.4.0
Thread model: posix
InstalledDir: /Library/Developer/CommandLineTools/usr/bin
Configured with: --prefix=/Library/Developer/CommandLineTools/usr --with-gxx-include-dir=/Library/Developer/CommandLineTools/SDKs/MacOSX.sdk/usr/include/c++/4.2.1
configure:4953: $? = 0
configure:4942: gcc -v >&5
Configured with: --prefix=/Library/Developer/CommandLineTools/usr --with-gxx-include-dir=/Library/Developer/CommandLineTools/SDKs/MacOSX.sdk/usr/include/c++/4.2.1
Apple clang version 11.0.3 (clang-1103.0.32.59)
Target: x86_64-apple-darwin19.4.0
Thread model: posix
InstalledDir: /Library/Developer/CommandLineTools/usr/bin
configure:4953: $? = 0
configure:4942: gcc -V >&5
clang: error: unsupported option '-V -Wno-objc-signed-char-bool-implicit-int-conversion'
clang: error: no input files
configure:4953: $? = 1
configure:4942: gcc -qversion >&5
clang: error: unknown argument '-qversion'; did you mean '--version'?
clang: error: no input files
configure:4953: $? = 1
configure:4957: checking whether we are using the GNU C compiler
configure:4985: result: yes
configure:4994: checking whether gcc accepts -g
configure:5055: result: yes
configure:5072: checking for gcc option to accept ISO C89
configure:5148: result: none needed
configure:5173: checking whether gcc understands -c and -o together
configure:5210: result: yes
configure:5232: checking how to run the C preprocessor
configure:5302: result: gcc -E
configure:5322: gcc -E  conftest.c
configure:5322: $? = 0
configure:5336: gcc -E  conftest.c
conftest.c:11:10: fatal error: 'ac_nonexistent.h' file not found
#include <ac_nonexistent.h>
         ^~~~~~~~~~~~~~~~~~
1 error generated.
configure:5336: $? = 1
configure: failed program was:
| /* confdefs.h */
| #define PACKAGE_NAME "bfd"
| #define PACKAGE_TARNAME "bfd"
| #define PACKAGE_VERSION "2.33.50"
| #define PACKAGE_STRING "bfd 2.33.50"
| #define PACKAGE_BUGREPORT ""
| #define PACKAGE_URL ""
| #define PACKAGE "bfd"
| #define VERSION "2.33.50"
| /* end confdefs.h.  */
| #include <ac_nonexistent.h>
configure:5365: checking for grep that handles long lines and -e
configure:5423: result: /usr/bin/grep
configure:5428: checking for egrep
configure:5490: result: /usr/bin/grep -E
configure:5495: checking for ANSI C header files
configure:5599: result: yes
configure:5612: checking for sys/types.h
configure:5612: result: yes
configure:5612: checking for sys/stat.h
configure:5612: result: yes
configure:5612: checking for stdlib.h
configure:5612: result: yes
configure:5612: checking for string.h
configure:5612: result: yes
configure:5612: checking for memory.h
configure:5612: result: yes
configure:5612: checking for strings.h
configure:5612: result: yes
configure:5612: checking for inttypes.h
configure:5612: result: yes
configure:5612: checking for stdint.h
configure:5612: result: yes
configure:5612: checking for unistd.h
configure:5612: result: yes
configure:5625: checking for minix/config.h
configure:5625: result: no
configure:5646: checking whether it is safe to define __EXTENSIONS__
configure:5671: result: yes
configure:5734: checking how to print strings
configure:5761: result: printf
configure:5782: checking for a sed that does not truncate output
configure:5846: result: /usr/bin/sed
configure:5864: checking for fgrep
configure:5926: result: /usr/bin/grep -F
configure:5961: checking for ld used by gcc
configure:6028: result: /Library/Developer/CommandLineTools/usr/bin/ld
configure:6035: checking if the linker (/Library/Developer/CommandLineTools/usr/bin/ld) is GNU ld
configure:6050: result: no
configure:6062: checking for BSD- or MS-compatible name lister (nm)
configure:6111: result: nm
configure:6241: checking the name lister (nm) interface
configure:6261: result: BSD nm
configure:6264: checking whether ln -s works
configure:6268: result: yes
configure:6276: checking the maximum length of command line arguments
configure:6401: result: 196608
configure:6418: checking whether the shell understands some XSI constructs
configure:6428: result: yes
configure:6432: checking whether the shell understands "+="
configure:6438: result: yes
configure:6473: checking for /Library/Developer/CommandLineTools/usr/bin/ld option to reload object files
configure:6480: result: -r
configure:6509: checking for x86_64-apple-darwin19.4.0-objdump
configure:6536: result: objdump
configure:6608: checking how to recognize dependent libraries
configure:6809: result: pass_all
configure:6829: checking for x86_64-apple-darwin19.4.0-ar
configure:6856: result: ar
configure:6934: checking for x86_64-apple-darwin19.4.0-strip
configure:6964: result: no
configure:6974: checking for strip
configure:7001: result: strip
configure:7033: checking for x86_64-apple-darwin19.4.0-ranlib
configure:7060: result: ranlib
configure:7202: checking command to parse nm output from gcc object
configure:7425: result: ok
configure:7662: checking for x86_64-apple-darwin19.4.0-dsymutil
configure:7692: result: no
configure:7702: checking for dsymutil
configure:7729: result: dsymutil
configure:7754: checking for x86_64-apple-darwin19.4.0-nmedit
configure:7784: result: no
configure:7794: checking for nmedit
configure:7821: result: nmedit
configure:7846: checking for x86_64-apple-darwin19.4.0-lipo
configure:7876: result: no
configure:7886: checking for lipo
configure:7913: result: lipo
configure:7938: checking for x86_64-apple-darwin19.4.0-otool
configure:7968: result: no
configure:7978: checking for otool
configure:8005: result: otool
configure:8030: checking for x86_64-apple-darwin19.4.0-otool64
configure:8060: result: no
configure:8070: checking for otool64
configure:8100: result: no
configure:8145: checking for -single_module linker flag
configure:8172: result: yes
configure:8174: checking for -exported_symbols_list linker flag
configure:8204: result: yes
configure:8206: checking for -force_load linker flag
configure:8234: result: no
configure:8273: checking for dlfcn.h
configure:8273: result: yes
configure:8429: checking for objdir
configure:8444: result: .libs
configure:8715: checking if gcc supports -fno-rtti -fno-exceptions
configure:8750: result: yes
configure:8770: checking for gcc option to produce PIC
configure:9056: result: -fno-common -DPIC
configure:9068: checking if gcc PIC flag -fno-common -DPIC works
configure:9103: result: yes
configure:9127: checking if gcc static flag -static works
configure:9155: result: no
configure:9170: checking if gcc supports -c -o file.o
configure:9217: result: yes
configure:9225: checking if gcc supports -c -o file.o
configure:9272: result: yes
configure:9305: checking whether the gcc linker (/Library/Developer/CommandLineTools/usr/bin/ld) supports shared libraries
configure:10376: result: yes
configure:10621: checking dynamic linker characteristics
configure:11294: result: darwin19.4.0 dyld
configure:11401: checking how to hardcode library paths into programs
configure:11426: result: immediate
configure:11471: checking for dlopen in -ldl
configure:11505: result: yes
configure:11720: checking whether a program can dlopen itself
configure:11821: result: yes
configure:11826: checking whether a statically linked program can dlopen itself
configure:11927: result: yes
configure:11966: checking whether stripping libraries is possible
configure:11980: result: yes
configure:12006: checking if libtool supports shared libraries
configure:12008: result: yes
configure:12011: checking whether to build shared libraries
configure:12032: result: no
configure:12035: checking whether to build static libraries
configure:12039: result: yes
configure:12089: checking for dlfcn.h
configure:12089: result: yes
configure:12102: checking for windows.h
configure:12102: result: no
configure:12129: checking for library containing dlsym
configure:12177: result: none required
configure:12208: checking for special C compiler options needed for large files
configure:12253: result: no
configure:12259: checking for _FILE_OFFSET_BITS value needed for large files
configure:12316: result: no
configure:12729: checking whether to enable maintainer-specific portions of Makefiles
configure:12738: result: no
configure:12774: checking whether to install libbfd
configure:12787: result: yes
configure:12837: checking whether NLS is requested
configure:12843: result: yes
configure:12849: checking for catalogs to be installed
configure:12881: result:  da es fi fr hr id ja pt ro ru rw sr sv tr uk vi zh_CN da es fi fr hr id ja pt ro ru rw sr sv tr uk vi zh_CN
configure:12908: checking whether NLS is requested
configure:12917: result: yes
configure:12955: checking for msgfmt
configure:12986: result: /Users/yasuyuki/anaconda3/bin/msgfmt
configure:12995: checking for gmsgfmt
configure:13026: result: /Users/yasuyuki/anaconda3/bin/msgfmt
configure:13066: checking for xgettext
configure:13097: result: /Users/yasuyuki/anaconda3/bin/xgettext
configure:13137: checking for msgmerge
configure:13167: result: /Users/yasuyuki/anaconda3/bin/msgmerge
configure:13217: checking for long double
configure:13250: result: yes
configure:13258: checking for long long
configure:13258: result: yes
configure:13269: checking size of long long
configure:13288: result: 8
configure:13304: checking size of void *
configure:13323: result: 8
configure:13337: checking size of long
configure:13356: result: 8
configure:13370: checking size of int
configure:13389: result: 4
configure:13471: checking for alloca.h
configure:13471: result: yes
configure:13471: checking for stddef.h
configure:13471: result: yes
configure:13471: checking for string.h
configure:13471: result: yes
configure:13471: checking for strings.h
configure:13471: result: yes
configure:13471: checking for stdlib.h
configure:13471: result: yes
configure:13471: checking for time.h
configure:13471: result: yes
configure:13471: checking for unistd.h
configure:13471: result: yes
configure:13471: checking for wchar.h
configure:13471: result: yes
configure:13471: checking for wctype.h
configure:13471: result: yes
configure:13484: checking for fcntl.h
configure:13484: result: yes
configure:13484: checking for sys/file.h
configure:13484: result: yes
configure:13484: checking for sys/time.h
configure:13484: result: yes
configure:13484: checking for sys/stat.h
configure:13484: result: yes
configure:13484: checking for sys/resource.h
configure:13484: result: yes
configure:13507: checking for uintmax_t
configure:13507: gcc -c -g -O2  conftest.c >&5
configure:13507: $? = 0
configure:13507: gcc -c -g -O2  conftest.c >&5
conftest.c:58:24: error: expected expression
if (sizeof ((uintmax_t)))
                       ^
1 error generated.
configure:13507: $? = 1
configure: failed program was:
| /* confdefs.h */
| #define PACKAGE_NAME "bfd"
| #define PACKAGE_TARNAME "bfd"
| #define PACKAGE_VERSION "2.33.50"
| #define PACKAGE_STRING "bfd 2.33.50"
| #define PACKAGE_BUGREPORT ""
| #define PACKAGE_URL ""
| #define PACKAGE "bfd"
| #define VERSION "2.33.50"
| #define STDC_HEADERS 1
| #define HAVE_SYS_TYPES_H 1
| #define HAVE_SYS_STAT_H 1
| #define HAVE_STDLIB_H 1
| #define HAVE_STRING_H 1
| #define HAVE_MEMORY_H 1
| #define HAVE_STRINGS_H 1
| #define HAVE_INTTYPES_H 1
| #define HAVE_STDINT_H 1
| #define HAVE_UNISTD_H 1
| #define __EXTENSIONS__ 1
| #define _ALL_SOURCE 1
| #define _GNU_SOURCE 1
| #define _POSIX_PTHREAD_SEMANTICS 1
| #define _TANDEM_SOURCE 1
| #define HAVE_DLFCN_H 1
| #define LT_OBJDIR ".libs/"
| #define HAVE_DLFCN_H 1
| #define USE_SECUREPLT 1
| #define DEFAULT_LD_Z_SEPARATE_CODE 0
| #define ENABLE_NLS 1
| #define HAVE_LONG_DOUBLE 1
| #define HAVE_LONG_LONG 1
| #define SIZEOF_LONG_LONG 8
| #define SIZEOF_VOID_P 8
| #define SIZEOF_LONG 8
| #define SIZEOF_INT 4
| #define HAVE_ALLOCA_H 1
| #define HAVE_STDDEF_H 1
| #define HAVE_STRING_H 1
| #define HAVE_STRINGS_H 1
| #define HAVE_STDLIB_H 1
| #define HAVE_TIME_H 1
| #define HAVE_UNISTD_H 1
| #define HAVE_WCHAR_H 1
| #define HAVE_WCTYPE_H 1
| #define HAVE_FCNTL_H 1
| #define HAVE_SYS_FILE_H 1
| #define HAVE_SYS_TIME_H 1
| #define HAVE_SYS_STAT_H 1
| #define HAVE_SYS_RESOURCE_H 1
| /* end confdefs.h.  */
| #include <sys/types.h>
| #include <stdint.h>
| 
| int
| main ()
| {
| if (sizeof ((uintmax_t)))
| 	    return 0;
|   ;
|   return 0;
| }
configure:13507: result: yes
configure:13516: checking for uintptr_t
configure:13516: gcc -c -g -O2  conftest.c >&5
configure:13516: $? = 0
configure:13516: gcc -c -g -O2  conftest.c >&5
conftest.c:58:24: error: expected expression
if (sizeof ((uintptr_t)))
                       ^
1 error generated.
configure:13516: $? = 1
configure: failed program was:
| /* confdefs.h */
| #define PACKAGE_NAME "bfd"
| #define PACKAGE_TARNAME "bfd"
| #define PACKAGE_VERSION "2.33.50"
| #define PACKAGE_STRING "bfd 2.33.50"
| #define PACKAGE_BUGREPORT ""
| #define PACKAGE_URL ""
| #define PACKAGE "bfd"
| #define VERSION "2.33.50"
| #define STDC_HEADERS 1
| #define HAVE_SYS_TYPES_H 1
| #define HAVE_SYS_STAT_H 1
| #define HAVE_STDLIB_H 1
| #define HAVE_STRING_H 1
| #define HAVE_MEMORY_H 1
| #define HAVE_STRINGS_H 1
| #define HAVE_INTTYPES_H 1
| #define HAVE_STDINT_H 1
| #define HAVE_UNISTD_H 1
| #define __EXTENSIONS__ 1
| #define _ALL_SOURCE 1
| #define _GNU_SOURCE 1
| #define _POSIX_PTHREAD_SEMANTICS 1
| #define _TANDEM_SOURCE 1
| #define HAVE_DLFCN_H 1
| #define LT_OBJDIR ".libs/"
| #define HAVE_DLFCN_H 1
| #define USE_SECUREPLT 1
| #define DEFAULT_LD_Z_SEPARATE_CODE 0
| #define ENABLE_NLS 1
| #define HAVE_LONG_DOUBLE 1
| #define HAVE_LONG_LONG 1
| #define SIZEOF_LONG_LONG 8
| #define SIZEOF_VOID_P 8
| #define SIZEOF_LONG 8
| #define SIZEOF_INT 4
| #define HAVE_ALLOCA_H 1
| #define HAVE_STDDEF_H 1
| #define HAVE_STRING_H 1
| #define HAVE_STRINGS_H 1
| #define HAVE_STDLIB_H 1
| #define HAVE_TIME_H 1
| #define HAVE_UNISTD_H 1
| #define HAVE_WCHAR_H 1
| #define HAVE_WCTYPE_H 1
| #define HAVE_FCNTL_H 1
| #define HAVE_SYS_FILE_H 1
| #define HAVE_SYS_TIME_H 1
| #define HAVE_SYS_STAT_H 1
| #define HAVE_SYS_RESOURCE_H 1
| /* end confdefs.h.  */
| #include <sys/types.h>
| #include <stdint.h>
| 
| int
| main ()
| {
| if (sizeof ((uintptr_t)))
| 	    return 0;
|   ;
|   return 0;
| }
configure:13516: result: yes
configure:13525: checking for int_least32_t
configure:13525: gcc -c -g -O2  conftest.c >&5
configure:13525: $? = 0
configure:13525: gcc -c -g -O2  conftest.c >&5
conftest.c:58:28: error: expected expression
if (sizeof ((int_least32_t)))
                           ^
1 error generated.
configure:13525: $? = 1
configure: failed program was:
| /* confdefs.h */
| #define PACKAGE_NAME "bfd"
| #define PACKAGE_TARNAME "bfd"
| #define PACKAGE_VERSION "2.33.50"
| #define PACKAGE_STRING "bfd 2.33.50"
| #define PACKAGE_BUGREPORT ""
| #define PACKAGE_URL ""
| #define PACKAGE "bfd"
| #define VERSION "2.33.50"
| #define STDC_HEADERS 1
| #define HAVE_SYS_TYPES_H 1
| #define HAVE_SYS_STAT_H 1
| #define HAVE_STDLIB_H 1
| #define HAVE_STRING_H 1
| #define HAVE_MEMORY_H 1
| #define HAVE_STRINGS_H 1
| #define HAVE_INTTYPES_H 1
| #define HAVE_STDINT_H 1
| #define HAVE_UNISTD_H 1
| #define __EXTENSIONS__ 1
| #define _ALL_SOURCE 1
| #define _GNU_SOURCE 1
| #define _POSIX_PTHREAD_SEMANTICS 1
| #define _TANDEM_SOURCE 1
| #define HAVE_DLFCN_H 1
| #define LT_OBJDIR ".libs/"
| #define HAVE_DLFCN_H 1
| #define USE_SECUREPLT 1
| #define DEFAULT_LD_Z_SEPARATE_CODE 0
| #define ENABLE_NLS 1
| #define HAVE_LONG_DOUBLE 1
| #define HAVE_LONG_LONG 1
| #define SIZEOF_LONG_LONG 8
| #define SIZEOF_VOID_P 8
| #define SIZEOF_LONG 8
| #define SIZEOF_INT 4
| #define HAVE_ALLOCA_H 1
| #define HAVE_STDDEF_H 1
| #define HAVE_STRING_H 1
| #define HAVE_STRINGS_H 1
| #define HAVE_STDLIB_H 1
| #define HAVE_TIME_H 1
| #define HAVE_UNISTD_H 1
| #define HAVE_WCHAR_H 1
| #define HAVE_WCTYPE_H 1
| #define HAVE_FCNTL_H 1
| #define HAVE_SYS_FILE_H 1
| #define HAVE_SYS_TIME_H 1
| #define HAVE_SYS_STAT_H 1
| #define HAVE_SYS_RESOURCE_H 1
| /* end confdefs.h.  */
| #include <sys/types.h>
| #include <stdint.h>
| 
| int
| main ()
| {
| if (sizeof ((int_least32_t)))
| 	    return 0;
|   ;
|   return 0;
| }
configure:13525: result: yes
configure:13534: checking for int_fast32_t
configure:13534: gcc -c -g -O2  conftest.c >&5
configure:13534: $? = 0
configure:13534: gcc -c -g -O2  conftest.c >&5
conftest.c:58:27: error: expected expression
if (sizeof ((int_fast32_t)))
                          ^
1 error generated.
configure:13534: $? = 1
configure: failed program was:
| /* confdefs.h */
| #define PACKAGE_NAME "bfd"
| #define PACKAGE_TARNAME "bfd"
| #define PACKAGE_VERSION "2.33.50"
| #define PACKAGE_STRING "bfd 2.33.50"
| #define PACKAGE_BUGREPORT ""
| #define PACKAGE_URL ""
| #define PACKAGE "bfd"
| #define VERSION "2.33.50"
| #define STDC_HEADERS 1
| #define HAVE_SYS_TYPES_H 1
| #define HAVE_SYS_STAT_H 1
| #define HAVE_STDLIB_H 1
| #define HAVE_STRING_H 1
| #define HAVE_MEMORY_H 1
| #define HAVE_STRINGS_H 1
| #define HAVE_INTTYPES_H 1
| #define HAVE_STDINT_H 1
| #define HAVE_UNISTD_H 1
| #define __EXTENSIONS__ 1
| #define _ALL_SOURCE 1
| #define _GNU_SOURCE 1
| #define _POSIX_PTHREAD_SEMANTICS 1
| #define _TANDEM_SOURCE 1
| #define HAVE_DLFCN_H 1
| #define LT_OBJDIR ".libs/"
| #define HAVE_DLFCN_H 1
| #define USE_SECUREPLT 1
| #define DEFAULT_LD_Z_SEPARATE_CODE 0
| #define ENABLE_NLS 1
| #define HAVE_LONG_DOUBLE 1
| #define HAVE_LONG_LONG 1
| #define SIZEOF_LONG_LONG 8
| #define SIZEOF_VOID_P 8
| #define SIZEOF_LONG 8
| #define SIZEOF_INT 4
| #define HAVE_ALLOCA_H 1
| #define HAVE_STDDEF_H 1
| #define HAVE_STRING_H 1
| #define HAVE_STRINGS_H 1
| #define HAVE_STDLIB_H 1
| #define HAVE_TIME_H 1
| #define HAVE_UNISTD_H 1
| #define HAVE_WCHAR_H 1
| #define HAVE_WCTYPE_H 1
| #define HAVE_FCNTL_H 1
| #define HAVE_SYS_FILE_H 1
| #define HAVE_SYS_TIME_H 1
| #define HAVE_SYS_STAT_H 1
| #define HAVE_SYS_RESOURCE_H 1
| /* end confdefs.h.  */
| #include <sys/types.h>
| #include <stdint.h>
| 
| int
| main ()
| {
| if (sizeof ((int_fast32_t)))
| 	    return 0;
|   ;
|   return 0;
| }
configure:13534: result: yes
configure:13543: checking for uint64_t
configure:13543: gcc -c -g -O2  conftest.c >&5
configure:13543: $? = 0
configure:13543: gcc -c -g -O2  conftest.c >&5
conftest.c:58:23: error: expected expression
if (sizeof ((uint64_t)))
                      ^
1 error generated.
configure:13543: $? = 1
configure: failed program was:
| /* confdefs.h */
| #define PACKAGE_NAME "bfd"
| #define PACKAGE_TARNAME "bfd"
| #define PACKAGE_VERSION "2.33.50"
| #define PACKAGE_STRING "bfd 2.33.50"
| #define PACKAGE_BUGREPORT ""
| #define PACKAGE_URL ""
| #define PACKAGE "bfd"
| #define VERSION "2.33.50"
| #define STDC_HEADERS 1
| #define HAVE_SYS_TYPES_H 1
| #define HAVE_SYS_STAT_H 1
| #define HAVE_STDLIB_H 1
| #define HAVE_STRING_H 1
| #define HAVE_MEMORY_H 1
| #define HAVE_STRINGS_H 1
| #define HAVE_INTTYPES_H 1
| #define HAVE_STDINT_H 1
| #define HAVE_UNISTD_H 1
| #define __EXTENSIONS__ 1
| #define _ALL_SOURCE 1
| #define _GNU_SOURCE 1
| #define _POSIX_PTHREAD_SEMANTICS 1
| #define _TANDEM_SOURCE 1
| #define HAVE_DLFCN_H 1
| #define LT_OBJDIR ".libs/"
| #define HAVE_DLFCN_H 1
| #define USE_SECUREPLT 1
| #define DEFAULT_LD_Z_SEPARATE_CODE 0
| #define ENABLE_NLS 1
| #define HAVE_LONG_DOUBLE 1
| #define HAVE_LONG_LONG 1
| #define SIZEOF_LONG_LONG 8
| #define SIZEOF_VOID_P 8
| #define SIZEOF_LONG 8
| #define SIZEOF_INT 4
| #define HAVE_ALLOCA_H 1
| #define HAVE_STDDEF_H 1
| #define HAVE_STRING_H 1
| #define HAVE_STRINGS_H 1
| #define HAVE_STDLIB_H 1
| #define HAVE_TIME_H 1
| #define HAVE_UNISTD_H 1
| #define HAVE_WCHAR_H 1
| #define HAVE_WCTYPE_H 1
| #define HAVE_FCNTL_H 1
| #define HAVE_SYS_FILE_H 1
| #define HAVE_SYS_TIME_H 1
| #define HAVE_SYS_STAT_H 1
| #define HAVE_SYS_RESOURCE_H 1
| /* end confdefs.h.  */
| #include <sys/types.h>
| #include <stdint.h>
| 
| int
| main ()
| {
| if (sizeof ((uint64_t)))
| 	    return 0;
|   ;
|   return 0;
| }
configure:13543: result: yes
configure:13624: checking what to include in bfd_stdint.h
configure:13652: result: stdint.h (already complete)
configure:13895: checking whether time.h and sys/time.h may both be included
configure:13922: result: yes
configure:13933: checking for dirent.h that defines DIR
configure:13960: result: yes
configure:13973: checking for library containing opendir
configure:14021: result: none required
configure:14089: checking whether string.h and strings.h may both be included
configure:14113: result: yes
configure:14124: checking for fcntl
configure:14124: result: yes
configure:14124: checking for getpagesize
configure:14124: result: yes
configure:14124: checking for setitimer
configure:14124: result: yes
configure:14124: checking for sysconf
configure:14124: result: yes
configure:14124: checking for fdopen
configure:14124: result: yes
configure:14124: checking for getuid
configure:14124: result: yes
configure:14124: checking for getgid
configure:14124: result: yes
configure:14124: checking for fileno
configure:14124: result: yes
configure:14124: checking for fls
configure:14124: result: yes
configure:14136: checking for strtoull
configure:14136: result: yes
configure:14136: checking for getrlimit
configure:14136: result: yes
configure:14146: checking whether basename is declared
configure:14146: result: no
configure:14157: checking whether ftello is declared
configure:14157: result: yes
configure:14168: checking whether ftello64 is declared
configure:14168: result: no
configure:14179: checking whether fseeko is declared
configure:14179: result: yes
configure:14190: checking whether fseeko64 is declared
configure:14190: result: no
configure:14210: checking whether ffs is declared
configure:14210: result: yes
configure:14221: checking whether free is declared
configure:14221: result: yes
configure:14232: checking whether getenv is declared
configure:14232: result: yes
configure:14243: checking whether malloc is declared
configure:14243: result: yes
configure:14254: checking whether realloc is declared
configure:14254: result: yes
configure:14265: checking whether stpcpy is declared
configure:14265: result: yes
configure:14276: checking whether strstr is declared
configure:14276: result: yes
configure:14287: checking whether asprintf is declared
configure:14287: result: yes
configure:14298: checking whether vasprintf is declared
configure:14298: result: yes
configure:14309: checking whether snprintf is declared
configure:14309: result: yes
configure:14320: checking whether vsnprintf is declared
configure:14320: result: yes
configure:14331: checking whether strnlen is declared
configure:14331: result: yes
configure:14365: checking compiler support for hidden visibility
configure:14390: result: yes
configure:14400: checking linker --as-needed support
configure:14411: result: no
configure:15052: checking for gcc version with buggy 64-bit support
configure:15065: result: no
configure:15298: checking for sys/procfs.h
configure:15298: result: no
configure:16121: checking for ftello
configure:16121: result: yes
configure:16121: checking for ftello64
configure:16121: result: no
configure:16121: checking for fseeko
configure:16121: result: yes
configure:16121: checking for fseeko64
configure:16121: result: no
configure:16121: checking for fopen64
configure:16121: result: no
configure:16135: checking size of off_t
configure:16154: result: 8
configure:16165: checking file_ptr type
configure:16174: result: BFD_HOST_64_BIT
configure:16185: checking for stdlib.h
configure:16185: result: yes
configure:16185: checking for unistd.h
configure:16185: result: yes
configure:16185: checking for sys/param.h
configure:16185: result: yes
configure:16205: checking for getpagesize
configure:16205: result: yes
configure:16214: checking for working mmap
configure:16371: result: yes
configure:16383: checking for madvise
configure:16383: result: yes
configure:16383: checking for mprotect
configure:16383: result: yes
configure:16519: checking that generated files are newer than configure
configure:16525: result: done
configure:16564: creating ./config.status

## ---------------------- ##
## Running config.status. ##
## ---------------------- ##

This file was extended by bfd config.status 2.33.50, which was
generated by GNU Autoconf 2.69.  Invocation command line was

  CONFIG_FILES    = 
  CONFIG_HEADERS  = 
  CONFIG_LINKS    = 
  CONFIG_COMMANDS = 
  $ ./config.status 

on kanedayasuyuki-no-iMac.local

config.status:1239: creating Makefile
config.status:1239: creating doc/Makefile
config.status:1239: creating bfd-in3.h
config.status:1239: creating po/Makefile.in
config.status:1239: creating config.h
config.status:1405: config.h is unchanged
config.status:1453: executing depfiles commands
config.status:1453: executing libtool commands
config.status:1453: executing default-1 commands
config.status:1453: executing bfd_stdint.h commands
config.status:1453: executing default commands

## ---------------- ##
## Cache variables. ##
## ---------------- ##

ac_cv_build=x86_64-apple-darwin19.4.0
ac_cv_c_compiler_gnu=yes
ac_cv_env_CC_set=set
ac_cv_env_CC_value=gcc
ac_cv_env_CFLAGS_set=set
ac_cv_env_CFLAGS_value='-g -O2'
ac_cv_env_CPPFLAGS_set=
ac_cv_env_CPPFLAGS_value=
ac_cv_env_CPP_set=
ac_cv_env_CPP_value=
ac_cv_env_LDFLAGS_set=set
ac_cv_env_LDFLAGS_value=' -Wl,-no_pie '
ac_cv_env_LIBS_set=
ac_cv_env_LIBS_value=
ac_cv_env_build_alias_set=set
ac_cv_env_build_alias_value=x86_64-apple-darwin19.4.0
ac_cv_env_host_alias_set=set
ac_cv_env_host_alias_value=x86_64-apple-darwin19.4.0
ac_cv_env_target_alias_set=set
ac_cv_env_target_alias_value=x86_64-apple-darwin19.4.0
ac_cv_func_fcntl=yes
ac_cv_func_fdopen=yes
ac_cv_func_fileno=yes
ac_cv_func_fls=yes
ac_cv_func_fopen64=no
ac_cv_func_fseeko64=no
ac_cv_func_fseeko=yes
ac_cv_func_ftello64=no
ac_cv_func_ftello=yes
ac_cv_func_getgid=yes
ac_cv_func_getpagesize=yes
ac_cv_func_getrlimit=yes
ac_cv_func_getuid=yes
ac_cv_func_madvise=yes
ac_cv_func_mmap_fixed_mapped=yes
ac_cv_func_mprotect=yes
ac_cv_func_setitimer=yes
ac_cv_func_strtoull=yes
ac_cv_func_sysconf=yes
ac_cv_have_decl_asprintf=yes
ac_cv_have_decl_basename=no
ac_cv_have_decl_ffs=yes
ac_cv_have_decl_free=yes
ac_cv_have_decl_fseeko64=no
ac_cv_have_decl_fseeko=yes
ac_cv_have_decl_ftello64=no
ac_cv_have_decl_ftello=yes
ac_cv_have_decl_getenv=yes
ac_cv_have_decl_malloc=yes
ac_cv_have_decl_realloc=yes
ac_cv_have_decl_snprintf=yes
ac_cv_have_decl_stpcpy=yes
ac_cv_have_decl_strnlen=yes
ac_cv_have_decl_strstr=yes
ac_cv_have_decl_vasprintf=yes
ac_cv_have_decl_vsnprintf=yes
ac_cv_header_alloca_h=yes
ac_cv_header_dirent_dirent_h=yes
ac_cv_header_dlfcn_h=yes
ac_cv_header_fcntl_h=yes
ac_cv_header_inttypes_h=yes
ac_cv_header_memory_h=yes
ac_cv_header_minix_config_h=no
ac_cv_header_stdc=yes
ac_cv_header_stddef_h=yes
ac_cv_header_stdint_h=yes
ac_cv_header_stdlib_h=yes
ac_cv_header_string_h=yes
ac_cv_header_strings_h=yes
ac_cv_header_sys_file_h=yes
ac_cv_header_sys_param_h=yes
ac_cv_header_sys_procfs_h=no
ac_cv_header_sys_resource_h=yes
ac_cv_header_sys_stat_h=yes
ac_cv_header_sys_time_h=yes
ac_cv_header_sys_types_h=yes
ac_cv_header_time=yes
ac_cv_header_time_h=yes
ac_cv_header_unistd_h=yes
ac_cv_header_wchar_h=yes
ac_cv_header_wctype_h=yes
ac_cv_header_windows_h=no
ac_cv_host=x86_64-apple-darwin19.4.0
ac_cv_lib_dl_dlopen=yes
ac_cv_objext=o
ac_cv_path_EGREP='/usr/bin/grep -E'
ac_cv_path_FGREP='/usr/bin/grep -F'
ac_cv_path_GMSGFMT=/Users/yasuyuki/anaconda3/bin/msgfmt
ac_cv_path_GREP=/usr/bin/grep
ac_cv_path_MSGFMT=/Users/yasuyuki/anaconda3/bin/msgfmt
ac_cv_path_MSGMERGE=/Users/yasuyuki/anaconda3/bin/msgmerge
ac_cv_path_SED=/usr/bin/sed
ac_cv_path_XGETTEXT=/Users/yasuyuki/anaconda3/bin/xgettext
ac_cv_prog_AR=ar
ac_cv_prog_AWK=awk
ac_cv_prog_CC=gcc
ac_cv_prog_CPP='gcc -E'
ac_cv_prog_OBJDUMP=objdump
ac_cv_prog_RANLIB=ranlib
ac_cv_prog_ac_ct_DSYMUTIL=dsymutil
ac_cv_prog_ac_ct_LIPO=lipo
ac_cv_prog_ac_ct_NMEDIT=nmedit
ac_cv_prog_ac_ct_OTOOL=otool
ac_cv_prog_ac_ct_STRIP=strip
ac_cv_prog_cc_c89=
ac_cv_prog_cc_g=yes
ac_cv_prog_make__Library_Developer_CommandLineTools_usr_bin_make_set=yes
ac_cv_safe_to_define___extensions__=yes
ac_cv_search_dlsym='none required'
ac_cv_search_opendir='none required'
ac_cv_search_strerror='none required'
ac_cv_sizeof_int=4
ac_cv_sizeof_long=8
ac_cv_sizeof_long_long=8
ac_cv_sizeof_off_t=8
ac_cv_sizeof_void_p=8
ac_cv_sys_file_offset_bits=no
ac_cv_sys_largefile_CC=no
ac_cv_target=x86_64-apple-darwin19.4.0
ac_cv_type_int_fast32_t=yes
ac_cv_type_int_least32_t=yes
ac_cv_type_long_double=yes
ac_cv_type_long_long=yes
ac_cv_type_u_int64_t=no
ac_cv_type_uint64_t=yes
ac_cv_type_uintmax_t=yes
ac_cv_type_uintptr_t=yes
acx_cv_header_stdint=stdint.h
acx_cv_header_stdint_kind='(already complete)'
am_cv_CC_dependencies_compiler_type=gcc3
am_cv_make_support_nested_variables=yes
am_cv_prog_cc_c_o=yes
bfd_cv_hidden=yes
bfd_cv_ld_as_needed=no
gcc_cv_header_string=yes
lt_cv_apple_cc_single_mod=yes
lt_cv_deplibs_check_method=pass_all
lt_cv_dlopen=dlopen
lt_cv_dlopen_libs=-ldl
lt_cv_dlopen_self=yes
lt_cv_dlopen_self_static=yes
lt_cv_file_magic_cmd='$MAGIC_CMD'
lt_cv_file_magic_test_file=
lt_cv_ld_exported_symbols_list=yes
lt_cv_ld_force_load=no
lt_cv_ld_reload_flag=-r
lt_cv_nm_interface='BSD nm'
lt_cv_objdir=.libs
lt_cv_path_LD=/Library/Developer/CommandLineTools/usr/bin/ld
lt_cv_path_NM=nm
lt_cv_prog_compiler_c_o=yes
lt_cv_prog_compiler_pic_works=yes
lt_cv_prog_compiler_rtti_exceptions=yes
lt_cv_prog_compiler_static_works=no
lt_cv_prog_gnu_ld=no
lt_cv_sys_global_symbol_pipe='sed -n -e '\''s/^.*[	 ]\([BCDEGRST][BCDEGRST]*\)[	 ][	 ]*_\([_A-Za-z][_A-Za-z0-9]*\)$/\1 _\2 \2/p'\'''
lt_cv_sys_global_symbol_to_c_name_address='sed -n -e '\''s/^: \([^ ]*\) $/  {\"\1\", (void *) 0},/p'\'' -e '\''s/^[BCDEGRST]* \([^ ]*\) \([^ ]*\)$/  {"\2", (void *) \&\2},/p'\'''
lt_cv_sys_global_symbol_to_c_name_address_lib_prefix='sed -n -e '\''s/^: \([^ ]*\) $/  {\"\1\", (void *) 0},/p'\'' -e '\''s/^[BCDEGRST]* \([^ ]*\) \(lib[^ ]*\)$/  {"\2", (void *) \&\2},/p'\'' -e '\''s/^[BCDEGRST]* \([^ ]*\) \([^ ]*\)$/  {"lib\2", (void *) \&\2},/p'\'''
lt_cv_sys_global_symbol_to_cdecl='sed -n -e '\''s/^T .* \(.*\)$/extern int \1();/p'\'' -e '\''s/^[BCDEGRST]* .* \(.*\)$/extern char \1;/p'\'''
lt_cv_sys_max_cmd_len=196608

## ----------------- ##
## Output variables. ##
## ----------------- ##

ACLOCAL='${SHELL} /Users/yasuyuki/Downloads/gdb-9.1/missing aclocal-1.15'
AMDEPBACKSLASH='\'
AMDEP_FALSE='#'
AMDEP_TRUE=''
AMTAR='$${TAR-tar}'
AM_BACKSLASH='\'
AM_DEFAULT_V='$(AM_DEFAULT_VERBOSITY)'
AM_DEFAULT_VERBOSITY='1'
AM_V='$(V)'
AR='ar'
AUTOCONF='${SHELL} /Users/yasuyuki/Downloads/gdb-9.1/missing autoconf'
AUTOHEADER='${SHELL} /Users/yasuyuki/Downloads/gdb-9.1/missing autoheader'
AUTOMAKE='${SHELL} /Users/yasuyuki/Downloads/gdb-9.1/missing automake-1.15'
AWK='awk'
BFD_HOSTPTR_T='unsigned long'
BFD_HOST_64BIT_LONG='1'
BFD_HOST_64BIT_LONG_LONG='0'
BFD_HOST_64_BIT='long'
BFD_HOST_64_BIT_DEFINED='1'
BFD_HOST_U_64_BIT='unsigned long'
CATALOGS=' da.gmo es.gmo fi.gmo fr.gmo hr.gmo id.gmo ja.gmo pt.gmo ro.gmo ru.gmo rw.gmo sr.gmo sv.gmo tr.gmo uk.gmo vi.gmo zh_CN.gmo da.gmo es.gmo fi.gmo fr.gmo hr.gmo id.gmo ja.gmo pt.gmo ro.gmo ru.gmo rw.gmo sr.gmo sv.gmo tr.gmo uk.gmo vi.gmo zh_CN.gmo'
CATOBJEXT='.gmo'
CC='gcc'
CCDEPMODE='depmode=gcc3'
CC_FOR_BUILD='gcc'
CFLAGS='-g -O2'
COREFILE=''
COREFLAG=''
CPP='gcc -E'
CPPFLAGS=''
CYGPATH_W='echo'
DATADIRNAME='share'
DEBUGDIR='${exec_prefix}/lib/debug'
DEFS='-DHAVE_CONFIG_H'
DEPDIR='.deps'
DSYMUTIL='dsymutil'
DUMPBIN=''
ECHO_C='\c'
ECHO_N=''
ECHO_T=''
EGREP='/usr/bin/grep -E'
EXEEXT=''
EXEEXT_FOR_BUILD='$(EXEEXT)'
FGREP='/usr/bin/grep -F'
GENCAT='gencat'
GENINSRC_NEVER_FALSE=''
GENINSRC_NEVER_TRUE='#'
GMSGFMT='/Users/yasuyuki/anaconda3/bin/msgfmt'
GREP='/usr/bin/grep'
HDEFINES=''
INCINTL=''
INSTALL_DATA='/usr/bin/install -c -m 644'
INSTALL_LIBBFD_FALSE='#'
INSTALL_LIBBFD_TRUE=''
INSTALL_PROGRAM='/usr/bin/install -c'
INSTALL_SCRIPT='/usr/bin/install -c'
INSTALL_STRIP_PROGRAM='$(install_sh) -c -s'
INSTOBJEXT='.mo'
LD='/Library/Developer/CommandLineTools/usr/bin/ld'
LDFLAGS=' -Wl,-no_pie '
LIBINTL='-L/usr/local/lib -lintl'
LIBINTL_DEP=''
LIBM=''
LIBOBJS=''
LIBS=''
LIBTOOL='$(SHELL) $(top_builddir)/libtool'
LIPO='lipo'
LN_S='ln -s'
LTLIBOBJS=''
MAINT='#'
MAINTAINER_MODE_FALSE=''
MAINTAINER_MODE_TRUE='#'
MAKEINFO='makeinfo --split-size=5000000'
MKDIR_P='/Users/yasuyuki/Downloads/gdb-9.1/bfd/../install-sh -c -d'
MKINSTALLDIRS='/Users/yasuyuki/Downloads/gdb-9.1/bfd/../mkinstalldirs'
MSGFMT='/Users/yasuyuki/anaconda3/bin/msgfmt'
MSGMERGE='/Users/yasuyuki/anaconda3/bin/msgmerge'
NM='nm'
NMEDIT='nmedit'
NO_WERROR=''
OBJDUMP='objdump'
OBJEXT='o'
OTOOL64=':'
OTOOL='otool'
PACKAGE='bfd'
PACKAGE_BUGREPORT=''
PACKAGE_NAME='bfd'
PACKAGE_STRING='bfd 2.33.50'
PACKAGE_TARNAME='bfd'
PACKAGE_URL=''
PACKAGE_VERSION='2.33.50'
PATH_SEPARATOR=':'
PKGVERSION='(GNU Binutils) '
PLUGINS_FALSE='#'
PLUGINS_TRUE=''
POSUB='po'
RANLIB='ranlib'
REPORT_BUGS_TEXI='@uref{http://www.sourceware.org/bugzilla/}'
REPORT_BUGS_TO='<http://www.sourceware.org/bugzilla/>'
SED='/usr/bin/sed'
SET_MAKE=''
SHARED_LDFLAGS=''
SHARED_LIBADD=''
SHELL='/bin/sh'
STRIP='strip'
TDEFINES=' '
USE_NLS='yes'
VERSION='2.33.50'
WARN_CFLAGS='-W -Wall -Wstrict-prototypes -Wmissing-prototypes -Wshadow'
WARN_CFLAGS_FOR_BUILD='-W -Wall -Wstrict-prototypes -Wmissing-prototypes -Wshadow'
WARN_WRITE_STRINGS='-Wwrite-strings'
XGETTEXT='/Users/yasuyuki/anaconda3/bin/xgettext'
ac_ct_CC=''
ac_ct_DUMPBIN=''
all_backends='$(BFD64_BACKENDS) $(BFD32_BACKENDS)'
am__EXEEXT_FALSE=''
am__EXEEXT_TRUE='#'
am__fastdepCC_FALSE='#'
am__fastdepCC_TRUE=''
am__include='include'
am__isrc=' -I$(srcdir)'
am__leading_dot='.'
am__nodep='_no'
am__quote=''
am__tar='$${TAR-tar} chof - "$$tardir"'
am__untar='$${TAR-tar} xf -'
bfd64_libs='$(BFD64_LIBS)'
bfd_backends=' mach-o-x86-64.lo mach-o-i386.lo mach-o.lo dwarf2.lo pef.lo xsym.lo plugin.lo'
bfd_default_target_size='32'
bfd_file_ptr='BFD_HOST_64_BIT'
bfd_machines=' cpu-i386.lo cpu-powerpc.lo cpu-rs6000.lo'
bfd_ufile_ptr='BFD_HOST_U_64_BIT'
bfdincludedir='$(includedir)'
bfdlibdir='$(libdir)'
bindir='${exec_prefix}/bin'
build='x86_64-apple-darwin19.4.0'
build_alias='x86_64-apple-darwin19.4.0'
build_cpu='x86_64'
build_os='darwin19.4.0'
build_vendor='apple'
datadir='${datarootdir}'
datarootdir='${prefix}/share'
docdir='${datarootdir}/doc/${PACKAGE_TARNAME}'
dvidir='${docdir}'
exec_prefix='${prefix}'
havevecs='-DHAVE_x86_64_mach_o_vec -DHAVE_i386_mach_o_vec -DHAVE_mach_o_le_vec -DHAVE_mach_o_be_vec -DHAVE_mach_o_fat_vec -DHAVE_pef_vec -DHAVE_pef_xlib_vec -DHAVE_sym_vec'
host='x86_64-apple-darwin19.4.0'
host_alias='x86_64-apple-darwin19.4.0'
host_cpu='x86_64'
host_noncanonical='x86_64-apple-darwin19.4.0'
host_os='darwin19.4.0'
host_vendor='apple'
htmldir='${docdir}'
includedir='${prefix}/include'
infodir='${datarootdir}/info'
install_sh='${SHELL} /Users/yasuyuki/Downloads/gdb-9.1/install-sh'
libdir='${exec_prefix}/lib'
libexecdir='${exec_prefix}/libexec'
localedir='${datarootdir}/locale'
localstatedir='${prefix}/var'
lt_cv_dlopen_libs='-ldl'
mandir='${datarootdir}/man'
mkdir_p='$(MKDIR_P)'
oldincludedir='/usr/include'
pdfdir='${docdir}'
prefix='/usr/local'
program_transform_name='s,y,y,'
psdir='${docdir}'
sbindir='${exec_prefix}/sbin'
sharedstatedir='${prefix}/com'
supports_plugins='1'
sysconfdir='${prefix}/etc'
target='x86_64-apple-darwin19.4.0'
target_alias='x86_64-apple-darwin19.4.0'
target_cpu='x86_64'
target_noncanonical='x86_64-apple-darwin19.4.0'
target_os='darwin19.4.0'
target_vendor='apple'
tdefaults=' -DDEFAULT_VECTOR=x86_64_mach_o_vec -DSELECT_VECS='\''&x86_64_mach_o_vec,&i386_mach_o_vec,&mach_o_le_vec,&mach_o_be_vec,&mach_o_fat_vec,&pef_vec,&pef_xlib_vec,&sym_vec'\'' -DSELECT_ARCHITECTURES='\''&bfd_i386_arch,&bfd_powerpc_arch,&bfd_rs6000_arch'\'''
wordsize='64'
zlibdir='-L$(top_builddir)/../zlib'
zlibinc='-I$(top_srcdir)/../zlib'

## ----------- ##
## confdefs.h. ##
## ----------- ##

/* confdefs.h */
#define PACKAGE_NAME "bfd"
#define PACKAGE_TARNAME "bfd"
#define PACKAGE_VERSION "2.33.50"
#define PACKAGE_STRING "bfd 2.33.50"
#define PACKAGE_BUGREPORT ""
#define PACKAGE_URL ""
#define PACKAGE "bfd"
#define VERSION "2.33.50"
#define STDC_HEADERS 1
#define HAVE_SYS_TYPES_H 1
#define HAVE_SYS_STAT_H 1
#define HAVE_STDLIB_H 1
#define HAVE_STRING_H 1
#define HAVE_MEMORY_H 1
#define HAVE_STRINGS_H 1
#define HAVE_INTTYPES_H 1
#define HAVE_STDINT_H 1
#define HAVE_UNISTD_H 1
#define __EXTENSIONS__ 1
#define _ALL_SOURCE 1
#define _GNU_SOURCE 1
#define _POSIX_PTHREAD_SEMANTICS 1
#define _TANDEM_SOURCE 1
#define HAVE_DLFCN_H 1
#define LT_OBJDIR ".libs/"
#define HAVE_DLFCN_H 1
#define USE_SECUREPLT 1
#define DEFAULT_LD_Z_SEPARATE_CODE 0
#define ENABLE_NLS 1
#define HAVE_LONG_DOUBLE 1
#define HAVE_LONG_LONG 1
#define SIZEOF_LONG_LONG 8
#define SIZEOF_VOID_P 8
#define SIZEOF_LONG 8
#define SIZEOF_INT 4
#define HAVE_ALLOCA_H 1
#define HAVE_STDDEF_H 1
#define HAVE_STRING_H 1
#define HAVE_STRINGS_H 1
#define HAVE_STDLIB_H 1
#define HAVE_TIME_H 1
#define HAVE_UNISTD_H 1
#define HAVE_WCHAR_H 1
#define HAVE_WCTYPE_H 1
#define HAVE_FCNTL_H 1
#define HAVE_SYS_FILE_H 1
#define HAVE_SYS_TIME_H 1
#define HAVE_SYS_STAT_H 1
#define HAVE_SYS_RESOURCE_H 1
#define TIME_WITH_SYS_TIME 1
#define HAVE_DIRENT_H 1
#define STRING_WITH_STRINGS 1
#define HAVE_FCNTL 1
#define HAVE_GETPAGESIZE 1
#define HAVE_SETITIMER 1
#define HAVE_SYSCONF 1
#define HAVE_FDOPEN 1
#define HAVE_GETUID 1
#define HAVE_GETGID 1
#define HAVE_FILENO 1
#define HAVE_FLS 1
#define HAVE_STRTOULL 1
#define HAVE_GETRLIMIT 1
#define HAVE_DECL_BASENAME 0
#define HAVE_DECL_FTELLO 1
#define HAVE_DECL_FTELLO64 0
#define HAVE_DECL_FSEEKO 1
#define HAVE_DECL_FSEEKO64 0
#define HAVE_DECL_FFS 1
#define HAVE_DECL_FREE 1
#define HAVE_DECL_GETENV 1
#define HAVE_DECL_MALLOC 1
#define HAVE_DECL_REALLOC 1
#define HAVE_DECL_STPCPY 1
#define HAVE_DECL_STRSTR 1
#define HAVE_DECL_ASPRINTF 1
#define HAVE_DECL_VASPRINTF 1
#define HAVE_DECL_SNPRINTF 1
#define HAVE_DECL_VSNPRINTF 1
#define HAVE_DECL_STRNLEN 1
#define HAVE_HIDDEN 1
#define HAVE_FTELLO 1
#define HAVE_FSEEKO 1
#define SIZEOF_OFF_T 8
#define HAVE_STDLIB_H 1
#define HAVE_UNISTD_H 1
#define HAVE_SYS_PARAM_H 1
#define HAVE_GETPAGESIZE 1
#define HAVE_MMAP 1
#define HAVE_MADVISE 1
#define HAVE_MPROTECT 1

configure: exit 0
