This file contains any messages produced by compilers while
running configure, to aid debugging if configure makes a mistake.

It was created by configure, which was
generated by GNU Autoconf 2.69.  Invocation command line was

  $ /Users/yasuyuki/Downloads/gdb-9.1/etc/configure --srcdir=/Users/yasuyuki/Downloads/gdb-9.1/etc --cache-file=./config.cache --program-transform-name=s,y,y, --disable-option-checking --build=x86_64-apple-darwin19.4.0 --host=x86_64-apple-darwin19.4.0 --target=x86_64-apple-darwin19.4.0

## --------- ##
## Platform. ##
## --------- ##

hostname = kanedayasuyuki-no-iMac.local
uname -m = x86_64
uname -r = 19.4.0
uname -s = Darwin
uname -v = Darwin Kernel Version 19.4.0: Wed Mar  4 22:28:40 PST 2020; root:xnu-6153.101.6~15/RELEASE_X86_64

/usr/bin/uname -p = i386
/bin/uname -X     = unknown

/bin/arch              = unknown
/usr/bin/arch -k       = unknown
/usr/convex/getsysinfo = unknown
/usr/bin/hostinfo      = Mach kernel version:
	 Darwin Kernel Version 19.4.0: Wed Mar  4 22:28:40 PST 2020; root:xnu-6153.101.6~15/RELEASE_X86_64
Kernel configured for up to 4 processors.
2 processors are physically available.
4 processors are logically available.
Processor type: x86_64h (Intel x86-64h Haswell)
Processors active: 0 1 2 3
Primary memory available: 8.00 gigabytes
Default processor set: 282 tasks, 1370 threads, 4 processors
Load average: 2.39, Mach factor: 1.59
/bin/machine           = unknown
/usr/bin/oslevel       = unknown
/bin/universe          = unknown

PATH: /Users/yasuyuki/anaconda3/bin
PATH: /Library/Frameworks/Python.framework/Versions/3.6/bin
PATH: /usr/local/bin
PATH: /usr/bin
PATH: /bin
PATH: /usr/sbin
PATH: /sbin
PATH: /Library/TeX/texbin
PATH: /opt/X11/bin


## ----------- ##
## Core tests. ##
## ----------- ##

configure:1595: loading cache ./config.cache
configure:1720: checking for a BSD-compatible install
configure:1788: result: /usr/bin/install -c
configure:1972: creating ./config.status

## ---------------------- ##
## Running config.status. ##
## ---------------------- ##

This file was extended by config.status, which was
generated by GNU Autoconf 2.69.  Invocation command line was

  CONFIG_FILES    = 
  CONFIG_HEADERS  = 
  CONFIG_LINKS    = 
  CONFIG_COMMANDS = 
  $ ./config.status 

on kanedayasuyuki-no-iMac.local

config.status:716: creating Makefile

## ---------------- ##
## Cache variables. ##
## ---------------- ##

ac_cv_env_build_alias_set=set
ac_cv_env_build_alias_value=x86_64-apple-darwin19.4.0
ac_cv_env_host_alias_set=set
ac_cv_env_host_alias_value=x86_64-apple-darwin19.4.0
ac_cv_env_target_alias_set=set
ac_cv_env_target_alias_value=x86_64-apple-darwin19.4.0

## ----------------- ##
## Output variables. ##
## ----------------- ##

DEFS='-DPACKAGE_NAME=\"\" -DPACKAGE_TARNAME=\"\" -DPACKAGE_VERSION=\"\" -DPACKAGE_STRING=\"\" -DPACKAGE_BUGREPORT=\"\" -DPACKAGE_URL=\"\"'
ECHO_C='\c'
ECHO_N=''
ECHO_T=''
INSTALL_DATA='/usr/bin/install -c -m 644'
INSTALL_PROGRAM='/usr/bin/install -c'
INSTALL_SCRIPT='/usr/bin/install -c'
LIBOBJS=''
LIBS=''
LTLIBOBJS=''
MAINT='#'
PACKAGE_BUGREPORT=''
PACKAGE_NAME=''
PACKAGE_STRING=''
PACKAGE_TARNAME=''
PACKAGE_URL=''
PACKAGE_VERSION=''
PATH_SEPARATOR=':'
SHELL='/bin/sh'
bindir='${exec_prefix}/bin'
build_alias='x86_64-apple-darwin19.4.0'
datadir='${datarootdir}'
datarootdir='${prefix}/share'
docdir='${datarootdir}/doc/${PACKAGE}'
dvidir='${docdir}'
exec_prefix='${prefix}'
host_alias='x86_64-apple-darwin19.4.0'
htmldir='${docdir}'
includedir='${prefix}/include'
infodir='${datarootdir}/info'
libdir='${exec_prefix}/lib'
libexecdir='${exec_prefix}/libexec'
localedir='${datarootdir}/locale'
localstatedir='${prefix}/var'
mandir='${datarootdir}/man'
oldincludedir='/usr/include'
pdfdir='${docdir}'
prefix='/usr/local'
program_transform_name='s,y,y,'
psdir='${docdir}'
sbindir='${exec_prefix}/sbin'
sharedstatedir='${prefix}/com'
sysconfdir='${prefix}/etc'
target_alias='x86_64-apple-darwin19.4.0'

## ----------- ##
## confdefs.h. ##
## ----------- ##

/* confdefs.h */
#define PACKAGE_NAME ""
#define PACKAGE_TARNAME ""
#define PACKAGE_VERSION ""
#define PACKAGE_STRING ""
#define PACKAGE_BUGREPORT ""
#define PACKAGE_URL ""

configure: exit 0
