This file contains any messages produced by compilers while
running configure, to aid debugging if configure makes a mistake.

It was created by libctf library configure 1.2.0-pre, which was
generated by GNU Autoconf 2.69.  Invocation command line was

  $ /Users/yasuyuki/Downloads/gdb-9.1/libctf/configure --srcdir=/Users/yasuyuki/Downloads/gdb-9.1/libctf --cache-file=./config.cache --program-transform-name=s,y,y, --disable-option-checking --build=x86_64-apple-darwin19.4.0 --host=x86_64-apple-darwin19.4.0 --target=x86_64-apple-darwin19.4.0

## --------- ##
## Platform. ##
## --------- ##

hostname = kanedayasuyuki-no-iMac.local
uname -m = x86_64
uname -r = 19.4.0
uname -s = Darwin
uname -v = Darwin Kernel Version 19.4.0: Wed Mar  4 22:28:40 PST 2020; root:xnu-6153.101.6~15/RELEASE_X86_64

/usr/bin/uname -p = i386
/bin/uname -X     = unknown

/bin/arch              = unknown
/usr/bin/arch -k       = unknown
/usr/convex/getsysinfo = unknown
/usr/bin/hostinfo      = Mach kernel version:
	 Darwin Kernel Version 19.4.0: Wed Mar  4 22:28:40 PST 2020; root:xnu-6153.101.6~15/RELEASE_X86_64
Kernel configured for up to 4 processors.
2 processors are physically available.
4 processors are logically available.
Processor type: x86_64h (Intel x86-64h Haswell)
Processors active: 0 1 2 3
Primary memory available: 8.00 gigabytes
Default processor set: 283 tasks, 1356 threads, 4 processors
Load average: 2.26, Mach factor: 1.84
/bin/machine           = unknown
/usr/bin/oslevel       = unknown
/bin/universe          = unknown

PATH: /Users/yasuyuki/anaconda3/bin
PATH: /Library/Frameworks/Python.framework/Versions/3.6/bin
PATH: /usr/local/bin
PATH: /usr/bin
PATH: /bin
PATH: /usr/sbin
PATH: /sbin
PATH: /Library/TeX/texbin
PATH: /opt/X11/bin


## ----------- ##
## Core tests. ##
## ----------- ##

configure:2195: loading cache ./config.cache
configure:2326: checking for x86_64-apple-darwin19.4.0-gcc
configure:2353: result: gcc
configure:2622: checking for C compiler version
configure:2631: gcc --version >&5
Apple clang version 11.0.3 (clang-1103.0.32.59)
Target: x86_64-apple-darwin19.4.0
Thread model: posix
InstalledDir: /Library/Developer/CommandLineTools/usr/bin
Configured with: --prefix=/Library/Developer/CommandLineTools/usr --with-gxx-include-dir=/Library/Developer/CommandLineTools/SDKs/MacOSX.sdk/usr/include/c++/4.2.1
configure:2642: $? = 0
configure:2631: gcc -v >&5
Configured with: --prefix=/Library/Developer/CommandLineTools/usr --with-gxx-include-dir=/Library/Developer/CommandLineTools/SDKs/MacOSX.sdk/usr/include/c++/4.2.1
Apple clang version 11.0.3 (clang-1103.0.32.59)
Target: x86_64-apple-darwin19.4.0
Thread model: posix
InstalledDir: /Library/Developer/CommandLineTools/usr/bin
configure:2642: $? = 0
configure:2631: gcc -V >&5
clang: error: unsupported option '-V -Wno-objc-signed-char-bool-implicit-int-conversion'
clang: error: no input files
configure:2642: $? = 1
configure:2631: gcc -qversion >&5
clang: error: unknown argument '-qversion'; did you mean '--version'?
clang: error: no input files
configure:2642: $? = 1
configure:2662: checking whether the C compiler works
configure:2684: gcc -g -O2   -Wl,-no_pie  conftest.c  >&5
configure:2688: $? = 0
configure:2736: result: yes
configure:2739: checking for C compiler default output file name
configure:2741: result: a.out
configure:2747: checking for suffix of executables
configure:2754: gcc -o conftest -g -O2   -Wl,-no_pie  conftest.c  >&5
configure:2758: $? = 0
configure:2780: result: 
configure:2802: checking whether we are cross compiling
configure:2810: gcc -o conftest -g -O2   -Wl,-no_pie  conftest.c  >&5
configure:2814: $? = 0
configure:2821: ./conftest
configure:2825: $? = 0
configure:2840: result: no
configure:2845: checking for suffix of object files
configure:2892: result: o
configure:2896: checking whether we are using the GNU C compiler
configure:2924: result: yes
configure:2933: checking whether gcc accepts -g
configure:2994: result: yes
configure:3011: checking for gcc option to accept ISO C89
configure:3087: result: none needed
configure:3112: checking whether gcc understands -c and -o together
configure:3149: result: yes
configure:3172: checking how to run the C preprocessor
configure:3242: result: gcc -E
configure:3262: gcc -E  conftest.c
configure:3262: $? = 0
configure:3276: gcc -E  conftest.c
conftest.c:9:10: fatal error: 'ac_nonexistent.h' file not found
#include <ac_nonexistent.h>
         ^~~~~~~~~~~~~~~~~~
1 error generated.
configure:3276: $? = 1
configure: failed program was:
| /* confdefs.h */
| #define PACKAGE_NAME "libctf library"
| #define PACKAGE_TARNAME "libctf-library"
| #define PACKAGE_VERSION "1.2.0-pre"
| #define PACKAGE_STRING "libctf library 1.2.0-pre"
| #define PACKAGE_BUGREPORT ""
| #define PACKAGE_URL ""
| /* end confdefs.h.  */
| #include <ac_nonexistent.h>
configure:3305: checking for grep that handles long lines and -e
configure:3363: result: /usr/bin/grep
configure:3368: checking for egrep
configure:3430: result: /usr/bin/grep -E
configure:3435: checking for ANSI C header files
configure:3539: result: yes
configure:3552: checking for sys/types.h
configure:3552: result: yes
configure:3552: checking for sys/stat.h
configure:3552: result: yes
configure:3552: checking for stdlib.h
configure:3552: result: yes
configure:3552: checking for string.h
configure:3552: result: yes
configure:3552: checking for memory.h
configure:3552: result: yes
configure:3552: checking for strings.h
configure:3552: result: yes
configure:3552: checking for inttypes.h
configure:3552: result: yes
configure:3552: checking for stdint.h
configure:3552: result: yes
configure:3552: checking for unistd.h
configure:3552: result: yes
configure:3565: checking for minix/config.h
configure:3565: result: no
configure:3586: checking whether it is safe to define __EXTENSIONS__
configure:3611: result: yes
configure:3641: checking for a BSD-compatible install
configure:3709: result: /usr/bin/install -c
configure:3720: checking whether build environment is sane
configure:3775: result: yes
configure:3923: checking for a thread-safe mkdir -p
configure:3962: result: /Users/yasuyuki/Downloads/gdb-9.1/libctf/../install-sh -c -d
configure:3969: checking for gawk
configure:3996: result: awk
configure:4007: checking whether /Library/Developer/CommandLineTools/usr/bin/make sets $(MAKE)
configure:4029: result: yes
configure:4059: checking for style of include used by /Library/Developer/CommandLineTools/usr/bin/make
configure:4087: result: GNU
configure:4121: checking whether /Library/Developer/CommandLineTools/usr/bin/make supports nested variables
configure:4138: result: yes
configure:4223: checking dependency style of gcc
configure:4334: result: gcc3
configure:4394: checking whether /Library/Developer/CommandLineTools/usr/bin/make sets $(MAKE)
configure:4416: result: yes
configure:4433: checking for x86_64-apple-darwin19.4.0-gcc
configure:4460: result: gcc
configure:4729: checking for C compiler version
configure:4738: gcc --version >&5
Apple clang version 11.0.3 (clang-1103.0.32.59)
Target: x86_64-apple-darwin19.4.0
Thread model: posix
InstalledDir: /Library/Developer/CommandLineTools/usr/bin
Configured with: --prefix=/Library/Developer/CommandLineTools/usr --with-gxx-include-dir=/Library/Developer/CommandLineTools/SDKs/MacOSX.sdk/usr/include/c++/4.2.1
configure:4749: $? = 0
configure:4738: gcc -v >&5
Configured with: --prefix=/Library/Developer/CommandLineTools/usr --with-gxx-include-dir=/Library/Developer/CommandLineTools/SDKs/MacOSX.sdk/usr/include/c++/4.2.1
Apple clang version 11.0.3 (clang-1103.0.32.59)
Target: x86_64-apple-darwin19.4.0
Thread model: posix
InstalledDir: /Library/Developer/CommandLineTools/usr/bin
configure:4749: $? = 0
configure:4738: gcc -V >&5
clang: error: unsupported option '-V -Wno-objc-signed-char-bool-implicit-int-conversion'
clang: error: no input files
configure:4749: $? = 1
configure:4738: gcc -qversion >&5
clang: error: unknown argument '-qversion'; did you mean '--version'?
clang: error: no input files
configure:4749: $? = 1
configure:4753: checking whether we are using the GNU C compiler
configure:4781: result: yes
configure:4790: checking whether gcc accepts -g
configure:4851: result: yes
configure:4868: checking for gcc option to accept ISO C89
configure:4944: result: none needed
configure:4969: checking whether gcc understands -c and -o together
configure:5006: result: yes
configure:5026: checking for x86_64-apple-darwin19.4.0-ranlib
configure:5053: result: ranlib
configure:5120: checking for x86_64-apple-darwin19.4.0-ar
configure:5147: result: ar
configure:5217: checking the archiver (ar) interface
configure:5266: result: ar
configure:5348: checking build system type
configure:5362: result: x86_64-apple-darwin19.4.0
configure:5382: checking host system type
configure:5395: result: x86_64-apple-darwin19.4.0
configure:5436: checking how to print strings
configure:5463: result: printf
configure:5484: checking for a sed that does not truncate output
configure:5548: result: /usr/bin/sed
configure:5566: checking for fgrep
configure:5628: result: /usr/bin/grep -F
configure:5663: checking for ld used by gcc
configure:5730: result: /Library/Developer/CommandLineTools/usr/bin/ld
configure:5737: checking if the linker (/Library/Developer/CommandLineTools/usr/bin/ld) is GNU ld
configure:5752: result: no
configure:5764: checking for BSD- or MS-compatible name lister (nm)
configure:5813: result: nm
configure:5943: checking the name lister (nm) interface
configure:5963: result: BSD nm
configure:5966: checking whether ln -s works
configure:5970: result: yes
configure:5978: checking the maximum length of command line arguments
configure:6103: result: 196608
configure:6120: checking whether the shell understands some XSI constructs
configure:6130: result: yes
configure:6134: checking whether the shell understands "+="
configure:6140: result: yes
configure:6175: checking for /Library/Developer/CommandLineTools/usr/bin/ld option to reload object files
configure:6182: result: -r
configure:6211: checking for x86_64-apple-darwin19.4.0-objdump
configure:6238: result: objdump
configure:6310: checking how to recognize dependent libraries
configure:6511: result: pass_all
configure:6531: checking for x86_64-apple-darwin19.4.0-ar
configure:6558: result: ar
configure:6636: checking for x86_64-apple-darwin19.4.0-strip
configure:6666: result: no
configure:6676: checking for strip
configure:6703: result: strip
configure:6735: checking for x86_64-apple-darwin19.4.0-ranlib
configure:6762: result: ranlib
configure:6904: checking command to parse nm output from gcc object
configure:7127: result: ok
configure:7364: checking for x86_64-apple-darwin19.4.0-dsymutil
configure:7394: result: no
configure:7404: checking for dsymutil
configure:7431: result: dsymutil
configure:7456: checking for x86_64-apple-darwin19.4.0-nmedit
configure:7486: result: no
configure:7496: checking for nmedit
configure:7523: result: nmedit
configure:7548: checking for x86_64-apple-darwin19.4.0-lipo
configure:7578: result: no
configure:7588: checking for lipo
configure:7615: result: lipo
configure:7640: checking for x86_64-apple-darwin19.4.0-otool
configure:7670: result: no
configure:7680: checking for otool
configure:7707: result: otool
configure:7732: checking for x86_64-apple-darwin19.4.0-otool64
configure:7762: result: no
configure:7772: checking for otool64
configure:7802: result: no
configure:7847: checking for -single_module linker flag
configure:7874: result: yes
configure:7876: checking for -exported_symbols_list linker flag
configure:7906: result: yes
configure:7908: checking for -force_load linker flag
configure:7936: result: no
configure:7975: checking for dlfcn.h
configure:7975: result: yes
configure:8132: checking for objdir
configure:8147: result: .libs
configure:8418: checking if gcc supports -fno-rtti -fno-exceptions
configure:8453: result: yes
configure:8473: checking for gcc option to produce PIC
configure:8759: result: -fno-common -DPIC
configure:8771: checking if gcc PIC flag -fno-common -DPIC works
configure:8806: result: yes
configure:8830: checking if gcc static flag -static works
configure:8858: result: no
configure:8873: checking if gcc supports -c -o file.o
configure:8920: result: yes
configure:8928: checking if gcc supports -c -o file.o
configure:8975: result: yes
configure:9008: checking whether the gcc linker (/Library/Developer/CommandLineTools/usr/bin/ld) supports shared libraries
configure:10079: result: yes
configure:10324: checking dynamic linker characteristics
configure:10997: result: darwin19.4.0 dyld
configure:11104: checking how to hardcode library paths into programs
configure:11129: result: immediate
configure:11669: checking whether stripping libraries is possible
configure:11683: result: yes
configure:11709: checking if libtool supports shared libraries
configure:11711: result: yes
configure:11714: checking whether to build shared libraries
configure:11735: result: no
configure:11738: checking whether to build static libraries
configure:11742: result: yes
configure:11784: checking for special C compiler options needed for large files
configure:11829: result: no
configure:11835: checking for _FILE_OFFSET_BITS value needed for large files
configure:11892: result: no
configure:11983: checking for aclocal
configure:12010: result: ${SHELL} /Users/yasuyuki/Downloads/gdb-9.1/missing aclocal-1.15
configure:12026: checking for autoconf
configure:12053: result: ${SHELL} /Users/yasuyuki/Downloads/gdb-9.1/missing autoconf
configure:12069: checking for autoheader
configure:12096: result: ${SHELL} /Users/yasuyuki/Downloads/gdb-9.1/missing autoheader
configure:12130: checking whether gcc supports -W
configure:12156: result: yes
configure:12130: checking whether gcc supports -Wall
configure:12156: result: yes
configure:12130: checking whether gcc supports -Wnarrowing
configure:12156: result: yes
configure:12130: checking whether gcc supports -Wwrite-strings
configure:12156: result: yes
configure:12130: checking whether gcc supports -Wmissing-format-attribute
configure:12156: result: yes
configure:12188: checking whether gcc supports -Wstrict-prototypes
configure:12214: result: yes
configure:12188: checking whether gcc supports -Wmissing-prototypes
configure:12214: result: yes
configure:12188: checking whether gcc supports -Wold-style-definition
configure:12214: result: yes
configure:12238: checking whether gcc supports -pedantic -Wlong-long
configure:12264: result: yes
configure:12308: checking whether to enable maintainer-specific portions of Makefiles
configure:12317: result: no
configure:12345: checking whether to install libbfd
configure:12358: result: yes
configure:12403: checking whether gcc supports -Wall
configure:12429: result: yes
configure:12450: checking for stdlib.h
configure:12450: result: yes
configure:12450: checking for unistd.h
configure:12450: result: yes
configure:12450: checking for sys/param.h
configure:12450: result: yes
configure:12470: checking for getpagesize
configure:12470: result: yes
configure:12479: checking for working mmap
configure:12636: result: yes
configure:12646: checking for library containing dlopen
configure:12694: result: none required
configure:12732: checking for ELF support in BFD
configure:12759: result: no
configure:12771: checking whether byte ordering is bigendian
configure:12977: result: no
configure:12998: checking for byteswap.h
configure:12998: result: no
configure:12998: checking for endian.h
configure:12998: result: no
configure:13010: checking for pread
configure:13010: result: yes
configure:13020: checking whether asprintf is declared
configure:13020: result: yes
configure:13038: checking for qsort_r
configure:13038: result: yes
configure:13051: checking for qsort_r signature
configure:13111: result: BSD
configure:13134: checking for O_CLOEXEC
configure:13162: result: yes
configure:13340: checking that generated files are newer than configure
configure:13346: result: done
configure:13382: creating ./config.status

## ---------------------- ##
## Running config.status. ##
## ---------------------- ##

This file was extended by libctf library config.status 1.2.0-pre, which was
generated by GNU Autoconf 2.69.  Invocation command line was

  CONFIG_FILES    = 
  CONFIG_HEADERS  = 
  CONFIG_LINKS    = 
  CONFIG_COMMANDS = 
  $ ./config.status 

on kanedayasuyuki-no-iMac.local

config.status:1103: creating Makefile
config.status:1103: creating config.h
config.status:1269: config.h is unchanged
config.status:1317: executing depfiles commands
config.status:1317: executing libtool commands

## ---------------- ##
## Cache variables. ##
## ---------------- ##

ac_cv_build=x86_64-apple-darwin19.4.0
ac_cv_c_bigendian=no
ac_cv_c_compiler_gnu=yes
ac_cv_env_CC_set=set
ac_cv_env_CC_value=gcc
ac_cv_env_CFLAGS_set=set
ac_cv_env_CFLAGS_value='-g -O2'
ac_cv_env_CPPFLAGS_set=
ac_cv_env_CPPFLAGS_value=
ac_cv_env_CPP_set=
ac_cv_env_CPP_value=
ac_cv_env_LDFLAGS_set=set
ac_cv_env_LDFLAGS_value=' -Wl,-no_pie '
ac_cv_env_LIBS_set=
ac_cv_env_LIBS_value=
ac_cv_env_build_alias_set=set
ac_cv_env_build_alias_value=x86_64-apple-darwin19.4.0
ac_cv_env_host_alias_set=set
ac_cv_env_host_alias_value=x86_64-apple-darwin19.4.0
ac_cv_env_target_alias_set=set
ac_cv_env_target_alias_value=x86_64-apple-darwin19.4.0
ac_cv_func_getpagesize=yes
ac_cv_func_mmap_fixed_mapped=yes
ac_cv_func_pread=yes
ac_cv_func_qsort_r=yes
ac_cv_have_decl_asprintf=yes
ac_cv_header_byteswap_h=no
ac_cv_header_dlfcn_h=yes
ac_cv_header_endian_h=no
ac_cv_header_inttypes_h=yes
ac_cv_header_memory_h=yes
ac_cv_header_minix_config_h=no
ac_cv_header_stdc=yes
ac_cv_header_stdint_h=yes
ac_cv_header_stdlib_h=yes
ac_cv_header_string_h=yes
ac_cv_header_strings_h=yes
ac_cv_header_sys_param_h=yes
ac_cv_header_sys_stat_h=yes
ac_cv_header_sys_types_h=yes
ac_cv_header_unistd_h=yes
ac_cv_host=x86_64-apple-darwin19.4.0
ac_cv_libctf_bfd_elf=no
ac_cv_libctf_macro_O_CLOEXEC=yes
ac_cv_libctf_qsort_r_signature=BSD
ac_cv_objext=o
ac_cv_path_EGREP='/usr/bin/grep -E'
ac_cv_path_FGREP='/usr/bin/grep -F'
ac_cv_path_GREP=/usr/bin/grep
ac_cv_path_SED=/usr/bin/sed
ac_cv_prog_ACLOCAL='${SHELL} /Users/yasuyuki/Downloads/gdb-9.1/missing aclocal-1.15'
ac_cv_prog_AR=ar
ac_cv_prog_AUTOCONF='${SHELL} /Users/yasuyuki/Downloads/gdb-9.1/missing autoconf'
ac_cv_prog_AUTOHEADER='${SHELL} /Users/yasuyuki/Downloads/gdb-9.1/missing autoheader'
ac_cv_prog_AWK=awk
ac_cv_prog_CC=gcc
ac_cv_prog_CPP='gcc -E'
ac_cv_prog_OBJDUMP=objdump
ac_cv_prog_RANLIB=ranlib
ac_cv_prog_ac_ct_DSYMUTIL=dsymutil
ac_cv_prog_ac_ct_LIPO=lipo
ac_cv_prog_ac_ct_NMEDIT=nmedit
ac_cv_prog_ac_ct_OTOOL=otool
ac_cv_prog_ac_ct_STRIP=strip
ac_cv_prog_cc_c89=
ac_cv_prog_cc_g=yes
ac_cv_prog_make__Library_Developer_CommandLineTools_usr_bin_make_set=yes
ac_cv_safe_to_define___extensions__=yes
ac_cv_search_dlopen='none required'
ac_cv_sys_file_offset_bits=no
ac_cv_sys_largefile_CC=no
acx_cv_prog_cc_pedantic__Wlong_long=yes
acx_cv_prog_cc_warning__W=yes
acx_cv_prog_cc_warning__Wall=yes
acx_cv_prog_cc_warning__Wmissing_format_attribute=yes
acx_cv_prog_cc_warning__Wmissing_prototypes=yes
acx_cv_prog_cc_warning__Wnarrowing=yes
acx_cv_prog_cc_warning__Wold_style_definition=yes
acx_cv_prog_cc_warning__Wstrict_prototypes=yes
acx_cv_prog_cc_warning__Wwrite_strings=yes
am_cv_CC_dependencies_compiler_type=gcc3
am_cv_ar_interface=ar
am_cv_make_support_nested_variables=yes
am_cv_prog_cc_c_o=yes
lt_cv_apple_cc_single_mod=yes
lt_cv_deplibs_check_method=pass_all
lt_cv_file_magic_cmd='$MAGIC_CMD'
lt_cv_file_magic_test_file=
lt_cv_ld_exported_symbols_list=yes
lt_cv_ld_force_load=no
lt_cv_ld_reload_flag=-r
lt_cv_nm_interface='BSD nm'
lt_cv_objdir=.libs
lt_cv_path_LD=/Library/Developer/CommandLineTools/usr/bin/ld
lt_cv_path_NM=nm
lt_cv_prog_compiler_c_o=yes
lt_cv_prog_compiler_pic_works=yes
lt_cv_prog_compiler_rtti_exceptions=yes
lt_cv_prog_compiler_static_works=no
lt_cv_prog_gnu_ld=no
lt_cv_sys_global_symbol_pipe='sed -n -e '\''s/^.*[	 ]\([BCDEGRST][BCDEGRST]*\)[	 ][	 ]*_\([_A-Za-z][_A-Za-z0-9]*\)$/\1 _\2 \2/p'\'''
lt_cv_sys_global_symbol_to_c_name_address='sed -n -e '\''s/^: \([^ ]*\) $/  {\"\1\", (void *) 0},/p'\'' -e '\''s/^[BCDEGRST]* \([^ ]*\) \([^ ]*\)$/  {"\2", (void *) \&\2},/p'\'''
lt_cv_sys_global_symbol_to_c_name_address_lib_prefix='sed -n -e '\''s/^: \([^ ]*\) $/  {\"\1\", (void *) 0},/p'\'' -e '\''s/^[BCDEGRST]* \([^ ]*\) \(lib[^ ]*\)$/  {"\2", (void *) \&\2},/p'\'' -e '\''s/^[BCDEGRST]* \([^ ]*\) \([^ ]*\)$/  {"lib\2", (void *) \&\2},/p'\'''
lt_cv_sys_global_symbol_to_cdecl='sed -n -e '\''s/^T .* \(.*\)$/extern int \1();/p'\'' -e '\''s/^[BCDEGRST]* .* \(.*\)$/extern char \1;/p'\'''
lt_cv_sys_max_cmd_len=196608

## ----------------- ##
## Output variables. ##
## ----------------- ##

ACLOCAL='${SHELL} /Users/yasuyuki/Downloads/gdb-9.1/missing aclocal-1.15'
AMDEPBACKSLASH='\'
AMDEP_FALSE='#'
AMDEP_TRUE=''
AMTAR='$${TAR-tar}'
AM_BACKSLASH='\'
AM_DEFAULT_V='$(AM_DEFAULT_VERBOSITY)'
AM_DEFAULT_VERBOSITY='1'
AM_V='$(V)'
AR='ar'
AUTOCONF='${SHELL} /Users/yasuyuki/Downloads/gdb-9.1/missing autoconf'
AUTOHEADER='${SHELL} /Users/yasuyuki/Downloads/gdb-9.1/missing autoheader'
AUTOMAKE='${SHELL} /Users/yasuyuki/Downloads/gdb-9.1/missing automake-1.15'
AWK='awk'
BFD_DEPENDENCIES=''
BFD_LIBADD=''
CC='gcc'
CCDEPMODE='depmode=gcc3'
CFLAGS='-g -O2'
CPP='gcc -E'
CPPFLAGS=''
CYGPATH_W='echo'
DEFS='-DHAVE_CONFIG_H'
DEPDIR='.deps'
DSYMUTIL='dsymutil'
DUMPBIN=''
ECHO_C='\c'
ECHO_N=''
ECHO_T=''
EGREP='/usr/bin/grep -E'
EXEEXT=''
FGREP='/usr/bin/grep -F'
GREP='/usr/bin/grep'
INSTALL_DATA='/usr/bin/install -c -m 644'
INSTALL_LIBBFD_FALSE='#'
INSTALL_LIBBFD_TRUE=''
INSTALL_PROGRAM='/usr/bin/install -c'
INSTALL_SCRIPT='/usr/bin/install -c'
INSTALL_STRIP_PROGRAM='$(install_sh) -c -s'
LD='/Library/Developer/CommandLineTools/usr/bin/ld'
LDFLAGS=' -Wl,-no_pie '
LIBOBJS=''
LIBS=''
LIBTOOL='$(SHELL) $(top_builddir)/libtool'
LIPO='lipo'
LN_S='ln -s'
LTLIBOBJS=''
MAINT='#'
MAINTAINER_MODE_FALSE=''
MAINTAINER_MODE_TRUE='#'
MAKEINFO='makeinfo --split-size=5000000'
MKDIR_P='/Users/yasuyuki/Downloads/gdb-9.1/libctf/../install-sh -c -d'
NEED_CTF_QSORT_R_FALSE=''
NEED_CTF_QSORT_R_TRUE='#'
NM='nm'
NMEDIT='nmedit'
OBJDUMP='objdump'
OBJEXT='o'
OTOOL64=':'
OTOOL='otool'
PACKAGE='libctf-library'
PACKAGE_BUGREPORT=''
PACKAGE_NAME='libctf library'
PACKAGE_STRING='libctf library 1.2.0-pre'
PACKAGE_TARNAME='libctf-library'
PACKAGE_URL=''
PACKAGE_VERSION='1.2.0-pre'
PATH_SEPARATOR=':'
RANLIB='ranlib'
SED='/usr/bin/sed'
SET_MAKE=''
SHARED_LDFLAGS=''
SHARED_LIBADD=''
SHELL='/bin/sh'
STRIP='strip'
VERSION='1.2.0-pre'
VERSION_FLAGS='-export-symbols-regex ctf_.*'
WARN_PEDANTIC='-pedantic -Wno-long-long'
WERROR=''
ac_ct_AR=''
ac_ct_CC=''
ac_ct_DUMPBIN=''
ac_libctf_warn_cflags='-Wall'
am__EXEEXT_FALSE=''
am__EXEEXT_TRUE='#'
am__fastdepCC_FALSE='#'
am__fastdepCC_TRUE=''
am__include='include'
am__isrc=' -I$(srcdir)'
am__leading_dot='.'
am__nodep='_no'
am__quote=''
am__tar='$${TAR-tar} chof - "$$tardir"'
am__untar='$${TAR-tar} xf -'
bfdincludedir='$(includedir)'
bfdlibdir='$(libdir)'
bindir='${exec_prefix}/bin'
build='x86_64-apple-darwin19.4.0'
build_alias='x86_64-apple-darwin19.4.0'
build_cpu='x86_64'
build_os='darwin19.4.0'
build_vendor='apple'
c_warn='-Wstrict-prototypes -Wmissing-prototypes -Wold-style-definition'
datadir='${datarootdir}'
datarootdir='${prefix}/share'
docdir='${datarootdir}/doc/${PACKAGE_TARNAME}'
dvidir='${docdir}'
exec_prefix='${prefix}'
host='x86_64-apple-darwin19.4.0'
host_alias='x86_64-apple-darwin19.4.0'
host_cpu='x86_64'
host_noncanonical='x86_64-apple-darwin19.4.0'
host_os='darwin19.4.0'
host_vendor='apple'
htmldir='${docdir}'
includedir='${prefix}/include'
infodir='${datarootdir}/info'
install_sh='${SHELL} /Users/yasuyuki/Downloads/gdb-9.1/install-sh'
libdir='${exec_prefix}/lib'
libexecdir='${exec_prefix}/libexec'
localedir='${datarootdir}/locale'
localstatedir='${prefix}/var'
mandir='${datarootdir}/man'
mkdir_p='$(MKDIR_P)'
oldincludedir='/usr/include'
pdfdir='${docdir}'
prefix='/usr/local'
program_transform_name='s,y,y,'
psdir='${docdir}'
sbindir='${exec_prefix}/sbin'
sharedstatedir='${prefix}/com'
sysconfdir='${prefix}/etc'
target_alias='x86_64-apple-darwin19.4.0'
target_noncanonical='x86_64-apple-darwin19.4.0'
warn='-W -Wall -Wno-narrowing -Wwrite-strings -Wmissing-format-attribute'
zlibdir='-L$(top_builddir)/../zlib'
zlibinc='-I$(top_srcdir)/../zlib'

## ----------- ##
## confdefs.h. ##
## ----------- ##

/* confdefs.h */
#define PACKAGE_NAME "libctf library"
#define PACKAGE_TARNAME "libctf-library"
#define PACKAGE_VERSION "1.2.0-pre"
#define PACKAGE_STRING "libctf library 1.2.0-pre"
#define PACKAGE_BUGREPORT ""
#define PACKAGE_URL ""
#define STDC_HEADERS 1
#define HAVE_SYS_TYPES_H 1
#define HAVE_SYS_STAT_H 1
#define HAVE_STDLIB_H 1
#define HAVE_STRING_H 1
#define HAVE_MEMORY_H 1
#define HAVE_STRINGS_H 1
#define HAVE_INTTYPES_H 1
#define HAVE_STDINT_H 1
#define HAVE_UNISTD_H 1
#define __EXTENSIONS__ 1
#define _ALL_SOURCE 1
#define _GNU_SOURCE 1
#define _POSIX_PTHREAD_SEMANTICS 1
#define _TANDEM_SOURCE 1
#define PACKAGE "libctf-library"
#define VERSION "1.2.0-pre"
#define HAVE_DLFCN_H 1
#define LT_OBJDIR ".libs/"
#define HAVE_STDLIB_H 1
#define HAVE_UNISTD_H 1
#define HAVE_SYS_PARAM_H 1
#define HAVE_GETPAGESIZE 1
#define HAVE_MMAP 1
#define HAVE_PREAD 1
#define HAVE_DECL_ASPRINTF 1
#define HAVE_QSORT_R 1
#define HAVE_QSORT_R_COMPAR_LAST 1
#define HAVE_O_CLOEXEC 1

configure: exit 0
