This file contains any messages produced by compilers while
running configure, to aid debugging if configure makes a mistake.

It was created by readline configure 8.0, which was
generated by GNU Autoconf 2.69.  Invocation command line was

  $ /Users/yasuyuki/Downloads/gdb-9.1/readline/readline/configure --disable-option-checking --prefix=/usr/local --program-transform-name=s,y,y, --build=x86_64-apple-darwin19.4.0 --host=x86_64-apple-darwin19.4.0 --target=x86_64-apple-darwin19.4.0 build_alias=x86_64-apple-darwin19.4.0 host_alias=x86_64-apple-darwin19.4.0 target_alias=x86_64-apple-darwin19.4.0 --cache-file=.././config.cache --srcdir=/Users/yasuyuki/Downloads/gdb-9.1/readline/readline

## --------- ##
## Platform. ##
## --------- ##

hostname = kanedayasuyuki-no-iMac.local
uname -m = x86_64
uname -r = 19.4.0
uname -s = Darwin
uname -v = Darwin Kernel Version 19.4.0: Wed Mar  4 22:28:40 PST 2020; root:xnu-6153.101.6~15/RELEASE_X86_64

/usr/bin/uname -p = i386
/bin/uname -X     = unknown

/bin/arch              = unknown
/usr/bin/arch -k       = unknown
/usr/convex/getsysinfo = unknown
/usr/bin/hostinfo      = Mach kernel version:
	 Darwin Kernel Version 19.4.0: Wed Mar  4 22:28:40 PST 2020; root:xnu-6153.101.6~15/RELEASE_X86_64
Kernel configured for up to 4 processors.
2 processors are physically available.
4 processors are logically available.
Processor type: x86_64h (Intel x86-64h Haswell)
Processors active: 0 1 2 3
Primary memory available: 8.00 gigabytes
Default processor set: 283 tasks, 1365 threads, 4 processors
Load average: 2.23, Mach factor: 1.79
/bin/machine           = unknown
/usr/bin/oslevel       = unknown
/bin/universe          = unknown

PATH: /Users/yasuyuki/anaconda3/bin
PATH: /Library/Frameworks/Python.framework/Versions/3.6/bin
PATH: /usr/local/bin
PATH: /usr/bin
PATH: /bin
PATH: /usr/sbin
PATH: /sbin
PATH: /Library/TeX/texbin
PATH: /opt/X11/bin


## ----------- ##
## Core tests. ##
## ----------- ##

configure:2360: loading cache .././config.cache
configure:2486: checking build system type
configure:2500: result: x86_64-apple-darwin19.4.0
configure:2520: checking host system type
configure:2533: result: x86_64-apple-darwin19.4.0
configure:2627: checking whether /Library/Developer/CommandLineTools/usr/bin/make sets $(MAKE)
configure:2649: result: yes
configure:2666: checking for x86_64-apple-darwin19.4.0-gcc
configure:2693: result: gcc
configure:2962: checking for C compiler version
configure:2971: gcc --version >&5
Apple clang version 11.0.3 (clang-1103.0.32.59)
Target: x86_64-apple-darwin19.4.0
Thread model: posix
InstalledDir: /Library/Developer/CommandLineTools/usr/bin
Configured with: --prefix=/Library/Developer/CommandLineTools/usr --with-gxx-include-dir=/Library/Developer/CommandLineTools/SDKs/MacOSX.sdk/usr/include/c++/4.2.1
configure:2982: $? = 0
configure:2971: gcc -v >&5
Configured with: --prefix=/Library/Developer/CommandLineTools/usr --with-gxx-include-dir=/Library/Developer/CommandLineTools/SDKs/MacOSX.sdk/usr/include/c++/4.2.1
Apple clang version 11.0.3 (clang-1103.0.32.59)
Target: x86_64-apple-darwin19.4.0
Thread model: posix
InstalledDir: /Library/Developer/CommandLineTools/usr/bin
configure:2982: $? = 0
configure:2971: gcc -V >&5
clang: error: unsupported option '-V -Wno-objc-signed-char-bool-implicit-int-conversion'
clang: error: no input files
configure:2982: $? = 1
configure:2971: gcc -qversion >&5
clang: error: unknown argument '-qversion'; did you mean '--version'?
clang: error: no input files
configure:2982: $? = 1
configure:3002: checking whether the C compiler works
configure:3024: gcc -g -O2   -Wl,-no_pie  conftest.c  >&5
configure:3028: $? = 0
configure:3076: result: yes
configure:3079: checking for C compiler default output file name
configure:3081: result: a.out
configure:3087: checking for suffix of executables
configure:3094: gcc -o conftest -g -O2   -Wl,-no_pie  conftest.c  >&5
configure:3098: $? = 0
configure:3120: result: 
configure:3142: checking whether we are cross compiling
configure:3150: gcc -o conftest -g -O2   -Wl,-no_pie  conftest.c  >&5
configure:3154: $? = 0
configure:3161: ./conftest
configure:3165: $? = 0
configure:3180: result: no
configure:3185: checking for suffix of object files
configure:3232: result: o
configure:3236: checking whether we are using the GNU C compiler
configure:3264: result: yes
configure:3273: checking whether gcc accepts -g
configure:3334: result: yes
configure:3351: checking for gcc option to accept ISO C89
configure:3427: result: none needed
configure:3453: checking how to run the C preprocessor
configure:3523: result: gcc -E
configure:3543: gcc -E  conftest.c
configure:3543: $? = 0
configure:3557: gcc -E  conftest.c
conftest.c:9:10: fatal error: 'ac_nonexistent.h' file not found
#include <ac_nonexistent.h>
         ^~~~~~~~~~~~~~~~~~
1 error generated.
configure:3557: $? = 1
configure: failed program was:
| /* confdefs.h */
| #define PACKAGE_NAME "readline"
| #define PACKAGE_TARNAME "readline"
| #define PACKAGE_VERSION "8.0"
| #define PACKAGE_STRING "readline 8.0"
| #define PACKAGE_BUGREPORT "bug-readline@gnu.org"
| #define PACKAGE_URL ""
| /* end confdefs.h.  */
| #include <ac_nonexistent.h>
configure:3586: checking for grep that handles long lines and -e
configure:3644: result: /usr/bin/grep
configure:3649: checking for egrep
configure:3711: result: /usr/bin/grep -E
configure:3716: checking for ANSI C header files
configure:3820: result: yes
configure:3833: checking for sys/types.h
configure:3833: result: yes
configure:3833: checking for sys/stat.h
configure:3833: result: yes
configure:3833: checking for stdlib.h
configure:3833: result: yes
configure:3833: checking for string.h
configure:3833: result: yes
configure:3833: checking for memory.h
configure:3833: result: yes
configure:3833: checking for strings.h
configure:3833: result: yes
configure:3833: checking for inttypes.h
configure:3833: result: yes
configure:3833: checking for stdint.h
configure:3833: result: yes
configure:3833: checking for unistd.h
configure:3833: result: yes
configure:3846: checking for minix/config.h
configure:3846: result: no
configure:3867: checking whether it is safe to define __EXTENSIONS__
configure:3892: result: yes
configure:3912: checking whether gcc needs -traditional
configure:3946: result: no
configure:3967: checking for a BSD-compatible install
configure:4035: result: /usr/bin/install -c
configure:4049: checking for x86_64-apple-darwin19.4.0-ar
configure:4076: result: ar
configure:4142: checking for x86_64-apple-darwin19.4.0-ranlib
configure:4169: result: ranlib
configure:4235: checking for an ANSI C-conforming const
configure:4308: result: yes
configure:4316: checking for function prototypes
configure:4319: result: yes
configure:4332: checking whether char is unsigned
configure:4358: result: no
configure:4365: checking for working volatile
configure:4391: result: yes
configure:4400: checking return type of signal handlers
configure:4425: result: void
configure:4434: checking for size_t
configure:4434: result: yes
configure:4445: checking for ssize_t
configure:4445: result: yes
configure:4457: checking for ANSI C header files
configure:4561: result: yes
configure:4570: checking whether stat file-mode macros are broken
configure:4604: result: no
configure:4615: checking for dirent.h that defines DIR
configure:4642: result: yes
configure:4655: checking for library containing opendir
configure:4703: result: none required
configure:4774: checking for fcntl
configure:4774: result: yes
configure:4774: checking for kill
configure:4774: result: yes
configure:4774: checking for lstat
configure:4774: result: yes
configure:4774: checking for readlink
configure:4774: result: yes
configure:4787: checking for fnmatch
configure:4787: result: yes
configure:4787: checking for memmove
configure:4787: result: yes
configure:4787: checking for pselect
configure:4787: result: yes
configure:4787: checking for putenv
configure:4787: result: yes
configure:4787: checking for select
configure:4787: result: yes
configure:4787: checking for setenv
configure:4787: result: yes
configure:4787: checking for setlocale
configure:4787: result: yes
configure:4787: checking for strcasecmp
configure:4787: result: yes
configure:4787: checking for strpbrk
configure:4787: result: yes
configure:4787: checking for tcgetattr
configure:4787: result: yes
configure:4787: checking for vsnprintf
configure:4787: result: yes
configure:4799: checking for isascii
configure:4799: result: yes
configure:4799: checking for isxdigit
configure:4799: result: yes
configure:4811: checking for getpwent
configure:4811: result: yes
configure:4811: checking for getpwnam
configure:4811: result: yes
configure:4811: checking for getpwuid
configure:4811: result: yes
configure:4821: checking for uid_t in sys/types.h
configure:4840: result: yes
configure:4853: checking for unistd.h
configure:4853: result: yes
configure:4863: checking for working chown
configure:4908: result: yes
configure:4916: checking for working strcoll
configure:4947: result: yes
configure:4961: checking for fcntl.h
configure:4961: result: yes
configure:4961: checking for unistd.h
configure:4961: result: yes
configure:4961: checking for stdlib.h
configure:4961: result: yes
configure:4961: checking for varargs.h
configure:4961: result: no
configure:4961: checking for stdarg.h
configure:4961: result: yes
configure:4961: checking for stdbool.h
configure:4961: result: yes
configure:4961: checking for string.h
configure:4961: result: yes
configure:4961: checking for strings.h
configure:4961: result: yes
configure:4961: checking for limits.h
configure:4961: result: yes
configure:4961: checking for locale.h
configure:4961: result: yes
configure:4961: checking for pwd.h
configure:4961: result: yes
configure:4961: checking for memory.h
configure:4961: result: yes
configure:4961: checking for termcap.h
configure:4961: result: yes
configure:4961: checking for termios.h
configure:4961: result: yes
configure:4961: checking for termio.h
configure:4961: result: no
configure:4974: checking for sys/ioctl.h
configure:4974: result: yes
configure:4974: checking for sys/pte.h
configure:4974: result: no
configure:4974: checking for sys/stream.h
configure:4974: result: no
configure:4974: checking for sys/select.h
configure:4974: result: yes
configure:4974: checking for sys/file.h
configure:4974: result: yes
configure:4987: checking for sys/ptem.h
configure:4987: result: no
configure:5010: checking for special C compiler options needed for large files
configure:5055: result: no
configure:5061: checking for _FILE_OFFSET_BITS value needed for large files
configure:5118: result: no
configure:5205: checking for type of signal functions
configure:5286: result: posix
configure:5301: checking if signal handlers must be reinstalled when invoked
configure:5370: result: no
configure:5379: checking for presence of POSIX-style sigsetjmp/siglongjmp
configure:5442: result: present
configure:5449: checking for lstat
configure:5476: result: yes
configure:5484: checking whether or not strcoll and strcmp differ
configure:5545: result: no
configure:5553: checking whether the ctype macros accept non-ascii characters
configure:5609: result: yes
configure:5617: checking whether getpw functions are declared in pwd.h
configure:5642: result: yes
configure:5650: checking whether termios.h defines TIOCGWINSZ
configure:5673: result: yes
configure:5711: checking for sig_atomic_t in signal.h
configure:5737: result: yes
configure:5754: checking whether signal handlers are of type void
configure:5785: result: yes
configure:5793: checking for TIOCSTAT in sys/ioctl.h
configure:5818: result: yes
configure:5825: checking for FIONREAD in sys/ioctl.h
configure:5850: result: yes
configure:5857: checking for speed_t in sys/types.h
configure:5881: result: no
configure:5888: checking for struct winsize in sys/ioctl.h and termios.h
configure:5932: result: sys/ioctl.h
configure:5947: checking for struct dirent.d_ino
configure:5993: result: yes
configure:6001: checking for struct dirent.d_fileno
configure:6047: result: yes
configure:6057: checking for libaudit.h
configure:6057: result: no
configure:6067: checking whether AUDIT_USER_TTY is declared
configure:6067: result: no
configure:6087: checking which library has the termcap functions
configure:6312: result: using libtermcap
configure:6369: checking for wctype.h
configure:6369: result: yes
configure:6381: checking for wchar.h
configure:6381: result: yes
configure:6393: checking for langinfo.h
configure:6393: result: yes
configure:6406: checking for mbstr.h
configure:6406: result: no
configure:6417: checking for mbrlen
configure:6417: result: yes
configure:6423: checking for mbscasecmp
configure:6423: result: no
configure:6429: checking for mbscmp
configure:6429: result: no
configure:6435: checking for mbsnrtowcs
configure:6435: result: yes
configure:6441: checking for mbsrtowcs
configure:6441: result: yes
configure:6448: checking for mbschr
configure:6448: result: no
configure:6463: checking for wcrtomb
configure:6463: result: yes
configure:6469: checking for wcscoll
configure:6469: result: yes
configure:6475: checking for wcsdup
configure:6475: result: yes
configure:6481: checking for wcwidth
configure:6481: result: yes
configure:6487: checking for wctype
configure:6487: result: yes
configure:6494: checking for wcswidth
configure:6494: result: yes
configure:6510: checking whether mbrtowc and mbstate_t are properly declared
configure:6538: result: yes
configure:6554: checking for iswlower
configure:6554: result: yes
configure:6554: checking for iswupper
configure:6554: result: yes
configure:6554: checking for towlower
configure:6554: result: yes
configure:6554: checking for towupper
configure:6554: result: yes
configure:6554: checking for iswctype
configure:6554: result: yes
configure:6564: checking for nl_langinfo and CODESET
configure:6588: result: yes
configure:6595: checking for wchar_t in wchar.h
configure:6622: result: yes
configure:6630: checking for wctype_t in wctype.h
configure:6656: result: yes
configure:6664: checking for wint_t in wctype.h
configure:6690: result: yes
configure:6698: checking for wcwidth broken with unicode combining characters
configure:6738: result: no
configure:6767: checking size of wchar_t
configure:6786: result: 4
configure:6814: checking configuration for building shared libraries
configure:6838: result: supported
configure:7020: creating ./config.status

## ---------------------- ##
## Running config.status. ##
## ---------------------- ##

This file was extended by readline config.status 8.0, which was
generated by GNU Autoconf 2.69.  Invocation command line was

  CONFIG_FILES    = 
  CONFIG_HEADERS  = 
  CONFIG_LINKS    = 
  CONFIG_COMMANDS = 
  $ ./config.status 

on kanedayasuyuki-no-iMac.local

config.status:940: creating Makefile
config.status:940: creating doc/Makefile
config.status:940: creating examples/Makefile
config.status:940: creating shlib/Makefile
config.status:940: creating readline.pc
config.status:940: creating config.h
config.status:1100: config.h is unchanged
config.status:1114: executing default commands

## ---------------- ##
## Cache variables. ##
## ---------------- ##

ac_cv_build=x86_64-apple-darwin19.4.0
ac_cv_c_char_unsigned=no
ac_cv_c_compiler_gnu=yes
ac_cv_c_const=yes
ac_cv_c_volatile=yes
ac_cv_env_CC_set=set
ac_cv_env_CC_value=gcc
ac_cv_env_CFLAGS_set=set
ac_cv_env_CFLAGS_value='-g -O2'
ac_cv_env_CPPFLAGS_set=
ac_cv_env_CPPFLAGS_value=
ac_cv_env_CPP_set=
ac_cv_env_CPP_value=
ac_cv_env_LDFLAGS_set=set
ac_cv_env_LDFLAGS_value=' -Wl,-no_pie '
ac_cv_env_LIBS_set=
ac_cv_env_LIBS_value=
ac_cv_env_build_alias_set=set
ac_cv_env_build_alias_value=x86_64-apple-darwin19.4.0
ac_cv_env_host_alias_set=set
ac_cv_env_host_alias_value=x86_64-apple-darwin19.4.0
ac_cv_env_target_alias_set=set
ac_cv_env_target_alias_value=x86_64-apple-darwin19.4.0
ac_cv_func_chown_works=yes
ac_cv_func_fcntl=yes
ac_cv_func_fnmatch=yes
ac_cv_func_getpwent=yes
ac_cv_func_getpwnam=yes
ac_cv_func_getpwuid=yes
ac_cv_func_isascii=yes
ac_cv_func_iswctype=yes
ac_cv_func_iswlower=yes
ac_cv_func_iswupper=yes
ac_cv_func_isxdigit=yes
ac_cv_func_kill=yes
ac_cv_func_lstat=yes
ac_cv_func_mbrlen=yes
ac_cv_func_mbrtowc=yes
ac_cv_func_mbscasecmp=no
ac_cv_func_mbschr=no
ac_cv_func_mbscmp=no
ac_cv_func_mbsnrtowcs=yes
ac_cv_func_mbsrtowcs=yes
ac_cv_func_memmove=yes
ac_cv_func_pselect=yes
ac_cv_func_putenv=yes
ac_cv_func_readlink=yes
ac_cv_func_select=yes
ac_cv_func_setenv=yes
ac_cv_func_setlocale=yes
ac_cv_func_strcasecmp=yes
ac_cv_func_strcoll_works=yes
ac_cv_func_strpbrk=yes
ac_cv_func_tcgetattr=yes
ac_cv_func_tgetent=no
ac_cv_func_towlower=yes
ac_cv_func_towupper=yes
ac_cv_func_vsnprintf=yes
ac_cv_func_wcrtomb=yes
ac_cv_func_wcscoll=yes
ac_cv_func_wcsdup=yes
ac_cv_func_wcswidth=yes
ac_cv_func_wctype=yes
ac_cv_func_wcwidth=yes
ac_cv_have_decl_AUDIT_USER_TTY=no
ac_cv_have_sig_atomic_t=yes
ac_cv_header_dirent_dirent_h=yes
ac_cv_header_fcntl_h=yes
ac_cv_header_inttypes_h=yes
ac_cv_header_langinfo_h=yes
ac_cv_header_libaudit_h=no
ac_cv_header_limits_h=yes
ac_cv_header_locale_h=yes
ac_cv_header_mbstr_h=no
ac_cv_header_memory_h=yes
ac_cv_header_minix_config_h=no
ac_cv_header_pwd_h=yes
ac_cv_header_stat_broken=no
ac_cv_header_stdarg_h=yes
ac_cv_header_stdbool_h=yes
ac_cv_header_stdc=yes
ac_cv_header_stdint_h=yes
ac_cv_header_stdlib_h=yes
ac_cv_header_string_h=yes
ac_cv_header_strings_h=yes
ac_cv_header_sys_file_h=yes
ac_cv_header_sys_ioctl_h=yes
ac_cv_header_sys_pte_h=no
ac_cv_header_sys_ptem_h=no
ac_cv_header_sys_select_h=yes
ac_cv_header_sys_stat_h=yes
ac_cv_header_sys_stream_h=no
ac_cv_header_sys_types_h=yes
ac_cv_header_termcap_h=yes
ac_cv_header_termio_h=no
ac_cv_header_termios_h=yes
ac_cv_header_unistd_h=yes
ac_cv_header_varargs_h=no
ac_cv_header_wchar_h=yes
ac_cv_header_wctype_h=yes
ac_cv_host=x86_64-apple-darwin19.4.0
ac_cv_lib_termcap_tgetent=yes
ac_cv_objext=o
ac_cv_path_EGREP='/usr/bin/grep -E'
ac_cv_path_GREP=/usr/bin/grep
ac_cv_prog_AR=ar
ac_cv_prog_AWK=awk
ac_cv_prog_CC=gcc
ac_cv_prog_CPP='gcc -E'
ac_cv_prog_RANLIB=ranlib
ac_cv_prog_cc_c89=
ac_cv_prog_cc_g=yes
ac_cv_prog_gcc_traditional=no
ac_cv_prog_make__Library_Developer_CommandLineTools_usr_bin_make_set=yes
ac_cv_safe_to_define___extensions__=yes
ac_cv_search_opendir='none required'
ac_cv_sizeof_wchar_t=4
ac_cv_sys_file_offset_bits=no
ac_cv_sys_largefile_CC=no
ac_cv_sys_tiocgwinsz_in_termios_h=yes
ac_cv_type_signal=void
ac_cv_type_size_t=yes
ac_cv_type_ssize_t=yes
ac_cv_type_uid_t=yes
am_cv_make_support_nested_variables=yes
bash_cv_dirent_has_d_fileno=yes
bash_cv_dirent_has_dino=yes
bash_cv_fionread_in_ioctl=yes
bash_cv_func_ctype_nonascii=yes
bash_cv_func_lstat=yes
bash_cv_func_sigsetjmp=present
bash_cv_func_strcoll_broken=no
bash_cv_getpw_declared=yes
bash_cv_langinfo_codeset=yes
bash_cv_must_reinstall_sighandlers=no
bash_cv_signal_vintage=posix
bash_cv_speed_t_in_sys_types=no
bash_cv_struct_winsize_header=ioctl_h
bash_cv_termcap_lib=libtermcap
bash_cv_tiocstat_in_ioctl=yes
bash_cv_type_wchar_t=yes
bash_cv_type_wctype_t=yes
bash_cv_type_wint_t=yes
bash_cv_void_sighandler=yes
bash_cv_wcwidth_broken=no

## ----------------- ##
## Output variables. ##
## ----------------- ##

AR='ar'
ARFLAGS='cr'
BUILD_DIR='/Users/yasuyuki/OS_Learning/GDB/build/readline/readline'
CC='gcc'
CFLAGS='-g -O2'
CPP='gcc -E'
CPPFLAGS=''
CROSS_COMPILE=''
DEFS='-DHAVE_CONFIG_H'
ECHO_C='\c'
ECHO_N=''
ECHO_T=''
EGREP='/usr/bin/grep -E'
EXAMPLES_INSTALL_TARGET=''
EXEEXT=''
GREP='/usr/bin/grep'
INSTALL_DATA='/usr/bin/install -c -m 644'
INSTALL_PROGRAM='/usr/bin/install -c'
INSTALL_SCRIPT='/usr/bin/install -c'
LDFLAGS=' -Wl,-no_pie '
LIBOBJS=' ${LIBOBJDIR}mbschr$U.o'
LIBS=''
LIBVERSION='8.0'
LOCAL_CFLAGS=''
LOCAL_DEFS=''
LOCAL_LDFLAGS=''
LTLIBOBJS=' ${LIBOBJDIR}mbschr$U.lo'
MAKE_SHELL='/bin/sh'
OBJEXT='o'
PACKAGE_BUGREPORT='bug-readline@gnu.org'
PACKAGE_NAME='readline'
PACKAGE_STRING='readline 8.0'
PACKAGE_TARNAME='readline'
PACKAGE_URL=''
PACKAGE_VERSION='8.0'
PATH_SEPARATOR=':'
RANLIB='ranlib'
SET_MAKE=''
SHARED_INSTALL_TARGET=''
SHARED_TARGET=''
SHELL='/bin/sh'
SHLIB_DLLVERSION='$(SHLIB_MAJOR)'
SHLIB_DOT='.'
SHLIB_LIBPREF='lib'
SHLIB_LIBS='-lncurses'
SHLIB_LIBSUFF='dylib'
SHLIB_LIBVERSION='$(SHLIB_MAJOR)$(SHLIB_MINOR).$(SHLIB_LIBSUFF)'
SHLIB_MAJOR='8'
SHLIB_MINOR='0'
SHLIB_STATUS='supported'
SHLIB_XLDFLAGS='-dynamiclib -install_name $(libdir)/`echo $@ | sed "s:\..*::"`.$(SHLIB_MAJOR).$(SHLIB_LIBSUFF) -current_version $(SHLIB_MAJOR)$(SHLIB_MINOR) -compatibility_version $(SHLIB_MAJOR)$(SHLIB_MINOR) -v'
SHOBJ_CC='gcc'
SHOBJ_CFLAGS='-fno-common'
SHOBJ_LD='${CC}'
SHOBJ_LDFLAGS='-dynamiclib -dynamic -undefined dynamic_lookup '
SHOBJ_LIBS=''
SHOBJ_STATUS='supported'
SHOBJ_XLDFLAGS=''
STATIC_INSTALL_TARGET='install-static'
STATIC_TARGET='static'
TERMCAP_LIB='-ltermcap'
TERMCAP_PKG_CONFIG_LIB='termcap'
ac_ct_CC=''
bindir='${exec_prefix}/bin'
build='x86_64-apple-darwin19.4.0'
build_alias='x86_64-apple-darwin19.4.0'
build_cpu='x86_64'
build_os='darwin19.4.0'
build_vendor='apple'
datadir='${datarootdir}'
datarootdir='${prefix}/share'
docdir='${datarootdir}/doc/${PACKAGE_TARNAME}'
dvidir='${docdir}'
exec_prefix='${prefix}'
host='x86_64-apple-darwin19.4.0'
host_alias='x86_64-apple-darwin19.4.0'
host_cpu='x86_64'
host_os='darwin19.4.0'
host_vendor='apple'
htmldir='${docdir}'
includedir='${prefix}/include'
infodir='${datarootdir}/info'
libdir='${exec_prefix}/lib'
libexecdir='${exec_prefix}/libexec'
localedir='${datarootdir}/locale'
localstatedir='${prefix}/var'
mandir='${datarootdir}/man'
oldincludedir='/usr/include'
pdfdir='${docdir}'
prefix='/usr/local'
program_transform_name='s,y,y,'
psdir='${docdir}'
sbindir='${exec_prefix}/sbin'
sharedstatedir='${prefix}/com'
sysconfdir='${prefix}/etc'
target_alias='x86_64-apple-darwin19.4.0'

## ----------- ##
## confdefs.h. ##
## ----------- ##

/* confdefs.h */
#define PACKAGE_NAME "readline"
#define PACKAGE_TARNAME "readline"
#define PACKAGE_VERSION "8.0"
#define PACKAGE_STRING "readline 8.0"
#define PACKAGE_BUGREPORT "bug-readline@gnu.org"
#define PACKAGE_URL ""
#define STDC_HEADERS 1
#define HAVE_SYS_TYPES_H 1
#define HAVE_SYS_STAT_H 1
#define HAVE_STDLIB_H 1
#define HAVE_STRING_H 1
#define HAVE_MEMORY_H 1
#define HAVE_STRINGS_H 1
#define HAVE_INTTYPES_H 1
#define HAVE_STDINT_H 1
#define HAVE_UNISTD_H 1
#define __EXTENSIONS__ 1
#define _ALL_SOURCE 1
#define _GNU_SOURCE 1
#define _POSIX_PTHREAD_SEMANTICS 1
#define _TANDEM_SOURCE 1
#define PROTOTYPES 1
#define __PROTOTYPES 1
#define RETSIGTYPE void
#define STDC_HEADERS 1
#define HAVE_DIRENT_H 1
#define HAVE_FCNTL 1
#define HAVE_KILL 1
#define HAVE_LSTAT 1
#define HAVE_READLINK 1
#define HAVE_FNMATCH 1
#define HAVE_MEMMOVE 1
#define HAVE_PSELECT 1
#define HAVE_PUTENV 1
#define HAVE_SELECT 1
#define HAVE_SETENV 1
#define HAVE_SETLOCALE 1
#define HAVE_STRCASECMP 1
#define HAVE_STRPBRK 1
#define HAVE_TCGETATTR 1
#define HAVE_VSNPRINTF 1
#define HAVE_ISASCII 1
#define HAVE_ISXDIGIT 1
#define HAVE_GETPWENT 1
#define HAVE_GETPWNAM 1
#define HAVE_GETPWUID 1
#define HAVE_UNISTD_H 1
#define HAVE_CHOWN 1
#define HAVE_STRCOLL 1
#define HAVE_FCNTL_H 1
#define HAVE_UNISTD_H 1
#define HAVE_STDLIB_H 1
#define HAVE_STDARG_H 1
#define HAVE_STDBOOL_H 1
#define HAVE_STRING_H 1
#define HAVE_STRINGS_H 1
#define HAVE_LIMITS_H 1
#define HAVE_LOCALE_H 1
#define HAVE_PWD_H 1
#define HAVE_MEMORY_H 1
#define HAVE_TERMCAP_H 1
#define HAVE_TERMIOS_H 1
#define HAVE_SYS_IOCTL_H 1
#define HAVE_SYS_SELECT_H 1
#define HAVE_SYS_FILE_H 1
#define HAVE_POSIX_SIGNALS 1
#define HAVE_POSIX_SIGSETJMP 1
#define HAVE_LSTAT 1
#define CTYPE_NON_ASCII 1
#define HAVE_GETPW_DECLS 1
#define VOID_SIGHANDLER 1
#define TIOCSTAT_IN_SYS_IOCTL 1
#define FIONREAD_IN_SYS_IOCTL 1
#define STRUCT_WINSIZE_IN_SYS_IOCTL 1
#define HAVE_STRUCT_DIRENT_D_INO 1
#define HAVE_STRUCT_DIRENT_D_FILENO 1
#define HAVE_DECL_AUDIT_USER_TTY 0
#define HAVE_WCTYPE_H 1
#define HAVE_WCHAR_H 1
#define HAVE_LANGINFO_H 1
#define HAVE_MBRLEN 1
#define HAVE_MBSNRTOWCS 1
#define HAVE_MBSRTOWCS 1
#define HAVE_WCRTOMB 1
#define HAVE_WCSCOLL 1
#define HAVE_WCSDUP 1
#define HAVE_WCWIDTH 1
#define HAVE_WCTYPE 1
#define HAVE_WCSWIDTH 1
#define HAVE_MBRTOWC 1
#define HAVE_MBSTATE_T 1
#define HAVE_ISWLOWER 1
#define HAVE_ISWUPPER 1
#define HAVE_TOWLOWER 1
#define HAVE_TOWUPPER 1
#define HAVE_ISWCTYPE 1
#define HAVE_LANGINFO_CODESET 1
#define HAVE_WCHAR_T 1
#define HAVE_WCTYPE_T 1
#define HAVE_WINT_T 1
#define SIZEOF_WCHAR_T 4

configure: exit 0
