This file contains any messages produced by compilers while
running configure, to aid debugging if configure makes a mistake.

It was created by configure, which was
generated by GNU Autoconf 2.69.  Invocation command line was

  $ /Users/yasuyuki/Downloads/gdb-9.1/intl/configure --srcdir=/Users/yasuyuki/Downloads/gdb-9.1/intl --cache-file=./config.cache --program-transform-name=s,y,y, --disable-option-checking --build=x86_64-apple-darwin19.4.0 --host=x86_64-apple-darwin19.4.0 --target=x86_64-apple-darwin19.4.0

## --------- ##
## Platform. ##
## --------- ##

hostname = kanedayasuyuki-no-iMac.local
uname -m = x86_64
uname -r = 19.4.0
uname -s = Darwin
uname -v = Darwin Kernel Version 19.4.0: Wed Mar  4 22:28:40 PST 2020; root:xnu-6153.101.6~15/RELEASE_X86_64

/usr/bin/uname -p = i386
/bin/uname -X     = unknown

/bin/arch              = unknown
/usr/bin/arch -k       = unknown
/usr/convex/getsysinfo = unknown
/usr/bin/hostinfo      = Mach kernel version:
	 Darwin Kernel Version 19.4.0: Wed Mar  4 22:28:40 PST 2020; root:xnu-6153.101.6~15/RELEASE_X86_64
Kernel configured for up to 4 processors.
2 processors are physically available.
4 processors are logically available.
Processor type: x86_64h (Intel x86-64h Haswell)
Processors active: 0 1 2 3
Primary memory available: 8.00 gigabytes
Default processor set: 278 tasks, 1341 threads, 4 processors
Load average: 1.43, Mach factor: 2.55
/bin/machine           = unknown
/usr/bin/oslevel       = unknown
/bin/universe          = unknown

PATH: /Users/yasuyuki/anaconda3/bin
PATH: /Library/Frameworks/Python.framework/Versions/3.6/bin
PATH: /usr/local/bin
PATH: /usr/bin
PATH: /bin
PATH: /usr/sbin
PATH: /sbin
PATH: /Library/TeX/texbin
PATH: /opt/X11/bin


## ----------- ##
## Core tests. ##
## ----------- ##

configure:2122: loading cache ./config.cache
configure:2217: checking for x86_64-apple-darwin19.4.0-gcc
configure:2244: result: gcc
configure:2513: checking for C compiler version
configure:2522: gcc --version >&5
Apple clang version 11.0.3 (clang-1103.0.32.59)
Target: x86_64-apple-darwin19.4.0
Thread model: posix
InstalledDir: /Library/Developer/CommandLineTools/usr/bin
Configured with: --prefix=/Library/Developer/CommandLineTools/usr --with-gxx-include-dir=/Library/Developer/CommandLineTools/SDKs/MacOSX.sdk/usr/include/c++/4.2.1
configure:2533: $? = 0
configure:2522: gcc -v >&5
Configured with: --prefix=/Library/Developer/CommandLineTools/usr --with-gxx-include-dir=/Library/Developer/CommandLineTools/SDKs/MacOSX.sdk/usr/include/c++/4.2.1
Apple clang version 11.0.3 (clang-1103.0.32.59)
Target: x86_64-apple-darwin19.4.0
Thread model: posix
InstalledDir: /Library/Developer/CommandLineTools/usr/bin
configure:2533: $? = 0
configure:2522: gcc -V >&5
clang: error: unsupported option '-V -Wno-objc-signed-char-bool-implicit-int-conversion'
clang: error: no input files
configure:2533: $? = 1
configure:2522: gcc -qversion >&5
clang: error: unknown argument '-qversion'; did you mean '--version'?
clang: error: no input files
configure:2533: $? = 1
configure:2553: checking whether the C compiler works
configure:2575: gcc -g -O2   -Wl,-no_pie  conftest.c  >&5
configure:2579: $? = 0
configure:2627: result: yes
configure:2630: checking for C compiler default output file name
configure:2632: result: a.out
configure:2638: checking for suffix of executables
configure:2645: gcc -o conftest -g -O2   -Wl,-no_pie  conftest.c  >&5
configure:2649: $? = 0
configure:2671: result: 
configure:2693: checking whether we are cross compiling
configure:2701: gcc -o conftest -g -O2   -Wl,-no_pie  conftest.c  >&5
configure:2705: $? = 0
configure:2712: ./conftest
configure:2716: $? = 0
configure:2731: result: no
configure:2736: checking for suffix of object files
configure:2783: result: o
configure:2787: checking whether we are using the GNU C compiler
configure:2815: result: yes
configure:2824: checking whether gcc accepts -g
configure:2885: result: yes
configure:2902: checking for gcc option to accept ISO C89
configure:2978: result: none needed
configure:3004: checking how to run the C preprocessor
configure:3074: result: gcc -E
configure:3094: gcc -E  conftest.c
configure:3094: $? = 0
configure:3108: gcc -E  conftest.c
conftest.c:9:10: fatal error: 'ac_nonexistent.h' file not found
#include <ac_nonexistent.h>
         ^~~~~~~~~~~~~~~~~~
1 error generated.
configure:3108: $? = 1
configure: failed program was:
| /* confdefs.h */
| #define PACKAGE_NAME ""
| #define PACKAGE_TARNAME ""
| #define PACKAGE_VERSION ""
| #define PACKAGE_STRING ""
| #define PACKAGE_BUGREPORT ""
| #define PACKAGE_URL ""
| /* end confdefs.h.  */
| #include <ac_nonexistent.h>
configure:3137: checking for grep that handles long lines and -e
configure:3195: result: /usr/bin/grep
configure:3200: checking for egrep
configure:3262: result: /usr/bin/grep -E
configure:3267: checking for ANSI C header files
configure:3371: result: yes
configure:3384: checking for sys/types.h
configure:3384: result: yes
configure:3384: checking for sys/stat.h
configure:3384: result: yes
configure:3384: checking for stdlib.h
configure:3384: result: yes
configure:3384: checking for string.h
configure:3384: result: yes
configure:3384: checking for memory.h
configure:3384: result: yes
configure:3384: checking for strings.h
configure:3384: result: yes
configure:3384: checking for inttypes.h
configure:3384: result: yes
configure:3384: checking for stdint.h
configure:3384: result: yes
configure:3384: checking for unistd.h
configure:3384: result: yes
configure:3397: checking for minix/config.h
configure:3397: result: no
configure:3418: checking whether it is safe to define __EXTENSIONS__
configure:3443: result: yes
configure:3462: checking whether /Library/Developer/CommandLineTools/usr/bin/make sets $(MAKE)
configure:3484: result: yes
configure:3536: checking for a BSD-compatible install
configure:3604: result: /usr/bin/install -c
configure:3629: checking whether NLS is requested
configure:3638: result: yes
configure:3676: checking for msgfmt
configure:3707: result: /Users/yasuyuki/anaconda3/bin/msgfmt
configure:3716: checking for gmsgfmt
configure:3747: result: /Users/yasuyuki/anaconda3/bin/msgfmt
configure:3787: checking for xgettext
configure:3818: result: /Users/yasuyuki/anaconda3/bin/xgettext
configure:3858: checking for msgmerge
configure:3888: result: /Users/yasuyuki/anaconda3/bin/msgmerge
configure:3927: checking build system type
configure:3941: result: x86_64-apple-darwin19.4.0
configure:3961: checking host system type
configure:3974: result: x86_64-apple-darwin19.4.0
configure:3997: checking for x86_64-apple-darwin19.4.0-ranlib
configure:4024: result: ranlib
configure:4086: checking for library containing strerror
configure:4134: result: none required
configure:4142: checking for an ANSI C-conforming const
configure:4215: result: yes
configure:4223: checking for inline
configure:4247: result: inline
configure:4265: checking for off_t
configure:4265: result: yes
configure:4276: checking for size_t
configure:4276: result: yes
configure:4289: checking for working alloca.h
configure:4314: result: yes
configure:4322: checking for alloca
configure:4367: result: yes
configure:4479: checking for stdlib.h
configure:4479: result: yes
configure:4479: checking for unistd.h
configure:4479: result: yes
configure:4479: checking for sys/param.h
configure:4479: result: yes
configure:4499: checking for getpagesize
configure:4499: result: yes
configure:4508: checking for working mmap
configure:4665: result: yes
configure:4675: checking whether we are using the GNU C Library 2.1 or newer
configure:4702: result: no
configure:4710: checking whether integer division by zero raises SIGFPE
configure:4778: result: no
configure:4791: checking for inttypes.h
configure:4815: result: yes
configure:4826: checking for stdint.h
configure:4850: result: yes
configure:4861: checking for unsigned long long
configure:4886: result: yes
configure:4914: checking for inttypes.h
configure:4940: result: yes
configure:4953: checking whether the inttypes.h PRIxNN macros are broken
configure:4982: result: no
configure:5033: checking for ld used by GCC
configure:5096: result: /Library/Developer/CommandLineTools/usr/bin/ld
configure:5103: checking if the linker (/Library/Developer/CommandLineTools/usr/bin/ld) is GNU ld
configure:5115: result: no
configure:5121: checking for shared library run path origin
configure:5134: result: done
configure:5540: checking for argz.h
configure:5540: result: no
configure:5540: checking for limits.h
configure:5540: result: yes
configure:5540: checking for locale.h
configure:5540: result: yes
configure:5540: checking for nl_types.h
configure:5540: result: yes
configure:5540: checking for malloc.h
configure:5540: result: no
configure:5540: checking for stddef.h
configure:5540: result: yes
configure:5540: checking for stdlib.h
configure:5540: result: yes
configure:5540: checking for string.h
configure:5540: result: yes
configure:5540: checking for unistd.h
configure:5540: result: yes
configure:5540: checking for sys/param.h
configure:5540: result: yes
configure:5556: checking for feof_unlocked
configure:5556: result: yes
configure:5556: checking for fgets_unlocked
configure:5556: result: no
configure:5556: checking for getc_unlocked
configure:5556: result: yes
configure:5556: checking for getcwd
configure:5556: result: yes
configure:5556: checking for getegid
configure:5556: result: yes
configure:5556: checking for geteuid
configure:5556: result: yes
configure:5556: checking for getgid
configure:5556: result: yes
configure:5556: checking for getuid
configure:5556: result: yes
configure:5556: checking for mempcpy
configure:5556: result: no
configure:5556: checking for munmap
configure:5556: result: yes
configure:5556: checking for putenv
configure:5556: result: yes
configure:5556: checking for setenv
configure:5556: result: yes
configure:5556: checking for setlocale
configure:5556: result: yes
configure:5556: checking for stpcpy
configure:5556: result: yes
configure:5556: checking for strcasecmp
configure:5556: result: yes
configure:5556: checking for strdup
configure:5556: result: yes
configure:5556: checking for strtoul
configure:5556: result: yes
configure:5556: checking for tsearch
configure:5556: result: yes
configure:5556: checking for __argz_count
configure:5556: result: no
configure:5556: checking for __argz_stringify
configure:5556: result: no
configure:5556: checking for __argz_next
configure:5556: result: no
configure:5556: checking for __fsetlocking
configure:5556: result: no
configure:5571: checking for iconv
configure:5669: result: yes
configure:5700: checking how to link with libiconv
configure:5702: result: -liconv
configure:5712: checking for iconv declaration
configure:5752: result: 
         extern size_t iconv (iconv_t cd, char * *inbuf, size_t *inbytesleft, char * *outbuf, size_t *outbytesleft);
configure:5763: checking for nl_langinfo and CODESET
configure:5788: result: yes
configure:5798: checking for LC_MESSAGES
configure:5822: result: yes
configure:5836: checking for bison
configure:5863: result: bison
configure:5877: checking version of bison
configure:5886: result: 2.3, ok
configure:5908: checking whether NLS is requested
configure:5917: result: yes
configure:5933: checking whether included gettext is requested
configure:5943: result: no
configure:5954: checking for GNU gettext in libc
configure:5981: result: no
configure:6364: checking for GNU gettext in libintl
configure:6430: result: yes
configure:6475: checking whether to use NLS
configure:6477: result: yes
configure:6480: checking where the gettext function comes from
configure:6491: result: external libintl
configure:6499: checking how to link with libintl
configure:6501: result: -L/usr/local/lib -lintl
configure:6605: checking for aclocal
configure:6635: result: no
configure:6648: checking for autoconf
configure:6678: result: no
configure:6691: checking for autoheader
configure:6721: result: no
configure:6876: creating ./config.status

## ---------------------- ##
## Running config.status. ##
## ---------------------- ##

This file was extended by config.status, which was
generated by GNU Autoconf 2.69.  Invocation command line was

  CONFIG_FILES    = 
  CONFIG_HEADERS  = 
  CONFIG_LINKS    = 
  CONFIG_COMMANDS = 
  $ ./config.status 

on kanedayasuyuki-no-iMac.local

config.status:914: creating Makefile
config.status:914: creating config.intl
config.status:914: creating config.h
config.status:1074: config.h is unchanged
config.status:1088: executing default-1 commands

## ---------------- ##
## Cache variables. ##
## ---------------- ##

ac_cv_build=x86_64-apple-darwin19.4.0
ac_cv_c_compiler_gnu=yes
ac_cv_c_const=yes
ac_cv_c_inline=inline
ac_cv_env_CC_set=set
ac_cv_env_CC_value=gcc
ac_cv_env_CFLAGS_set=set
ac_cv_env_CFLAGS_value='-g -O2'
ac_cv_env_CPPFLAGS_set=
ac_cv_env_CPPFLAGS_value=
ac_cv_env_CPP_set=
ac_cv_env_CPP_value=
ac_cv_env_LDFLAGS_set=set
ac_cv_env_LDFLAGS_value=' -Wl,-no_pie '
ac_cv_env_LIBS_set=
ac_cv_env_LIBS_value=
ac_cv_env_build_alias_set=set
ac_cv_env_build_alias_value=x86_64-apple-darwin19.4.0
ac_cv_env_host_alias_set=set
ac_cv_env_host_alias_value=x86_64-apple-darwin19.4.0
ac_cv_env_target_alias_set=set
ac_cv_env_target_alias_value=x86_64-apple-darwin19.4.0
ac_cv_func___argz_count=no
ac_cv_func___argz_next=no
ac_cv_func___argz_stringify=no
ac_cv_func___fsetlocking=no
ac_cv_func_alloca_works=yes
ac_cv_func_feof_unlocked=yes
ac_cv_func_fgets_unlocked=no
ac_cv_func_getc_unlocked=yes
ac_cv_func_getcwd=yes
ac_cv_func_getegid=yes
ac_cv_func_geteuid=yes
ac_cv_func_getgid=yes
ac_cv_func_getpagesize=yes
ac_cv_func_getuid=yes
ac_cv_func_mempcpy=no
ac_cv_func_mmap_fixed_mapped=yes
ac_cv_func_munmap=yes
ac_cv_func_putenv=yes
ac_cv_func_setenv=yes
ac_cv_func_setlocale=yes
ac_cv_func_stpcpy=yes
ac_cv_func_strcasecmp=yes
ac_cv_func_strdup=yes
ac_cv_func_strtoul=yes
ac_cv_func_tsearch=yes
ac_cv_gnu_library_2_1=no
ac_cv_header_argz_h=no
ac_cv_header_inttypes_h=yes
ac_cv_header_limits_h=yes
ac_cv_header_locale_h=yes
ac_cv_header_malloc_h=no
ac_cv_header_memory_h=yes
ac_cv_header_minix_config_h=no
ac_cv_header_nl_types_h=yes
ac_cv_header_stdc=yes
ac_cv_header_stddef_h=yes
ac_cv_header_stdint_h=yes
ac_cv_header_stdlib_h=yes
ac_cv_header_string_h=yes
ac_cv_header_strings_h=yes
ac_cv_header_sys_param_h=yes
ac_cv_header_sys_stat_h=yes
ac_cv_header_sys_types_h=yes
ac_cv_header_unistd_h=yes
ac_cv_host=x86_64-apple-darwin19.4.0
ac_cv_objext=o
ac_cv_path_EGREP='/usr/bin/grep -E'
ac_cv_path_GMSGFMT=/Users/yasuyuki/anaconda3/bin/msgfmt
ac_cv_path_GREP=/usr/bin/grep
ac_cv_path_MSGFMT=/Users/yasuyuki/anaconda3/bin/msgfmt
ac_cv_path_MSGMERGE=/Users/yasuyuki/anaconda3/bin/msgmerge
ac_cv_path_XGETTEXT=/Users/yasuyuki/anaconda3/bin/xgettext
ac_cv_prog_CC=gcc
ac_cv_prog_CPP='gcc -E'
ac_cv_prog_INTLBISON=bison
ac_cv_prog_RANLIB=ranlib
ac_cv_prog_cc_c89=
ac_cv_prog_cc_g=yes
ac_cv_prog_make__Library_Developer_CommandLineTools_usr_bin_make_set=yes
ac_cv_safe_to_define___extensions__=yes
ac_cv_search_strerror='none required'
ac_cv_type_off_t=yes
ac_cv_type_size_t=yes
ac_cv_type_unsigned_long_long=yes
ac_cv_working_alloca_h=yes
acl_cv_hardcode_direct=no
acl_cv_hardcode_libdir_flag_spec=
acl_cv_hardcode_libdir_separator=
acl_cv_hardcode_minus_L=no
acl_cv_libext=a
acl_cv_path_LD=/Library/Developer/CommandLineTools/usr/bin/ld
acl_cv_prog_gnu_ld=no
acl_cv_rpath=done
acl_cv_shlibext=dylib
acl_cv_wl=-Wl,
am_cv_func_iconv=yes
am_cv_langinfo_codeset=yes
am_cv_lib_iconv=yes
am_cv_proto_iconv='extern size_t iconv (iconv_t cd, char * *inbuf, size_t *inbytesleft, char * *outbuf, size_t *outbytesleft);'
am_cv_proto_iconv_arg1=
am_cv_val_LC_MESSAGES=yes
gt_cv_func_gnugettext2_libc=no
gt_cv_func_gnugettext2_libintl=yes
gt_cv_header_inttypes_h=yes
gt_cv_int_divbyzero_sigfpe=no
gt_cv_inttypes_pri_broken=no
jm_ac_cv_header_inttypes_h=yes
jm_ac_cv_header_stdint_h=yes
nls_cv_force_use_gnu_gettext=no
nls_cv_header_intl=
nls_cv_header_libgt=
nls_cv_use_gnu_gettext=no

## ----------------- ##
## Output variables. ##
## ----------------- ##

ACLOCAL='/Users/yasuyuki/Downloads/gdb-9.1/missing aclocal'
ALLOCA=''
AUTOCONF='/Users/yasuyuki/Downloads/gdb-9.1/missing autoconf'
AUTOHEADER='/Users/yasuyuki/Downloads/gdb-9.1/missing autoheader'
BUILD_INCLUDED_LIBINTL='no'
CATOBJEXT='.gmo'
CC='gcc'
CFLAGS='-g -O2'
CPP='gcc -E'
CPPFLAGS='-I/usr/local/include'
DATADIRNAME='share'
DEFS='-DHAVE_CONFIG_H'
ECHO_C='\c'
ECHO_N=''
ECHO_T=''
EGREP='/usr/bin/grep -E'
EXEEXT=''
GENCAT='gencat'
GLIBC21='no'
GMSGFMT='/Users/yasuyuki/anaconda3/bin/msgfmt'
GREP='/usr/bin/grep'
INCINTL=''
INSTALL_DATA='/usr/bin/install -c -m 644'
INSTALL_PROGRAM='/usr/bin/install -c'
INSTALL_SCRIPT='/usr/bin/install -c'
INSTOBJEXT='.mo'
INTLBISON='bison'
INTLLIBS='-L/usr/local/lib -lintl'
INTLOBJS=''
INTL_LIBTOOL_SUFFIX_PREFIX=''
LDFLAGS=' -Wl,-no_pie '
LIBICONV='-liconv'
LIBINTL='-L/usr/local/lib -lintl'
LIBINTL_DEP=''
LIBOBJS=''
LIBS=''
LTLIBICONV='-liconv'
LTLIBINTL='-L/usr/local/lib -lintl -R/usr/local/lib'
LTLIBOBJS=''
MAINT='#'
MKINSTALLDIRS='/Users/yasuyuki/Downloads/gdb-9.1/intl/../mkinstalldirs'
MSGFMT='/Users/yasuyuki/anaconda3/bin/msgfmt'
MSGMERGE='/Users/yasuyuki/anaconda3/bin/msgmerge'
OBJEXT='o'
PACKAGE_BUGREPORT=''
PACKAGE_NAME=''
PACKAGE_STRING=''
PACKAGE_TARNAME=''
PACKAGE_URL=''
PACKAGE_VERSION=''
PATH_SEPARATOR=':'
POSUB='po'
RANLIB='ranlib'
SET_MAKE=''
SHELL='/bin/sh'
USE_INCLUDED_LIBINTL='no'
USE_NLS='yes'
XGETTEXT='/Users/yasuyuki/anaconda3/bin/xgettext'
ac_ct_CC=''
bindir='${exec_prefix}/bin'
build='x86_64-apple-darwin19.4.0'
build_alias='x86_64-apple-darwin19.4.0'
build_cpu='x86_64'
build_os='darwin19.4.0'
build_vendor='apple'
datadir='${datarootdir}'
datarootdir='${prefix}/share'
docdir='${datarootdir}/doc/${PACKAGE}'
dvidir='${docdir}'
exec_prefix='${prefix}'
host='x86_64-apple-darwin19.4.0'
host_alias='x86_64-apple-darwin19.4.0'
host_cpu='x86_64'
host_os='darwin19.4.0'
host_vendor='apple'
htmldir='${docdir}'
includedir='${prefix}/include'
infodir='${datarootdir}/info'
libdir='${exec_prefix}/lib'
libexecdir='${exec_prefix}/libexec'
localedir='${datarootdir}/locale'
localstatedir='${prefix}/var'
mandir='${datarootdir}/man'
oldincludedir='/usr/include'
pdfdir='${docdir}'
prefix='/usr/local'
program_transform_name='s,y,y,'
psdir='${docdir}'
sbindir='${exec_prefix}/sbin'
sharedstatedir='${prefix}/com'
sysconfdir='${prefix}/etc'
target_alias='x86_64-apple-darwin19.4.0'

## ----------- ##
## confdefs.h. ##
## ----------- ##

/* confdefs.h */
#define PACKAGE_NAME ""
#define PACKAGE_TARNAME ""
#define PACKAGE_VERSION ""
#define PACKAGE_STRING ""
#define PACKAGE_BUGREPORT ""
#define PACKAGE_URL ""
#define STDC_HEADERS 1
#define HAVE_SYS_TYPES_H 1
#define HAVE_SYS_STAT_H 1
#define HAVE_STDLIB_H 1
#define HAVE_STRING_H 1
#define HAVE_MEMORY_H 1
#define HAVE_STRINGS_H 1
#define HAVE_INTTYPES_H 1
#define HAVE_STDINT_H 1
#define HAVE_UNISTD_H 1
#define __EXTENSIONS__ 1
#define _ALL_SOURCE 1
#define _GNU_SOURCE 1
#define _POSIX_PTHREAD_SEMANTICS 1
#define _TANDEM_SOURCE 1
#define HAVE_ALLOCA_H 1
#define HAVE_ALLOCA 1
#define HAVE_STDLIB_H 1
#define HAVE_UNISTD_H 1
#define HAVE_SYS_PARAM_H 1
#define HAVE_GETPAGESIZE 1
#define HAVE_MMAP 1
#define INTDIV0_RAISES_SIGFPE 0
#define HAVE_INTTYPES_H_WITH_UINTMAX 1
#define HAVE_STDINT_H_WITH_UINTMAX 1
#define HAVE_UNSIGNED_LONG_LONG 1
#define HAVE_UINTMAX_T 1
#define HAVE_INTTYPES_H 1
#define HAVE_LIMITS_H 1
#define HAVE_LOCALE_H 1
#define HAVE_NL_TYPES_H 1
#define HAVE_STDDEF_H 1
#define HAVE_STDLIB_H 1
#define HAVE_STRING_H 1
#define HAVE_UNISTD_H 1
#define HAVE_SYS_PARAM_H 1
#define HAVE_FEOF_UNLOCKED 1
#define HAVE_GETC_UNLOCKED 1
#define HAVE_GETCWD 1
#define HAVE_GETEGID 1
#define HAVE_GETEUID 1
#define HAVE_GETGID 1
#define HAVE_GETUID 1
#define HAVE_MUNMAP 1
#define HAVE_PUTENV 1
#define HAVE_SETENV 1
#define HAVE_SETLOCALE 1
#define HAVE_STPCPY 1
#define HAVE_STRCASECMP 1
#define HAVE_STRDUP 1
#define HAVE_STRTOUL 1
#define HAVE_TSEARCH 1
#define HAVE_ICONV 1
#define ICONV_CONST 
#define HAVE_LANGINFO_CODESET 1
#define HAVE_LC_MESSAGES 1
#define ENABLE_NLS 1
#define HAVE_GETTEXT 1
#define HAVE_DCGETTEXT 1
#define IN_LIBINTL 1
#define IN_LIBRARY 1
#define DEPENDS_ON_LIBICONV 1
#define ENABLE_RELOCATABLE 1
#define NO_XMALLOC 1
#define set_relocation_prefix libintl_set_relocation_prefix
#define relocate libintl_relocate

configure: exit 0
