This file contains any messages produced by compilers while
running configure, to aid debugging if configure makes a mistake.

It was created by configure, which was
generated by GNU Autoconf 2.69.  Invocation command line was

  $ /Users/yasuyuki/Downloads/gdb-9.1/configure 

## --------- ##
## Platform. ##
## --------- ##

hostname = kanedayasuyuki-no-iMac.local
uname -m = x86_64
uname -r = 19.4.0
uname -s = Darwin
uname -v = Darwin Kernel Version 19.4.0: Wed Mar  4 22:28:40 PST 2020; root:xnu-6153.101.6~15/RELEASE_X86_64

/usr/bin/uname -p = i386
/bin/uname -X     = unknown

/bin/arch              = unknown
/usr/bin/arch -k       = unknown
/usr/convex/getsysinfo = unknown
/usr/bin/hostinfo      = Mach kernel version:
	 Darwin Kernel Version 19.4.0: Wed Mar  4 22:28:40 PST 2020; root:xnu-6153.101.6~15/RELEASE_X86_64
Kernel configured for up to 4 processors.
2 processors are physically available.
4 processors are logically available.
Processor type: x86_64h (Intel x86-64h Haswell)
Processors active: 0 1 2 3
Primary memory available: 8.00 gigabytes
Default processor set: 274 tasks, 1345 threads, 4 processors
Load average: 1.79, Mach factor: 2.33
/bin/machine           = unknown
/usr/bin/oslevel       = unknown
/bin/universe          = unknown

PATH: /Users/yasuyuki/anaconda3/bin
PATH: /Library/Frameworks/Python.framework/Versions/3.6/bin
PATH: /usr/local/bin
PATH: /usr/bin
PATH: /bin
PATH: /usr/sbin
PATH: /sbin
PATH: /Library/TeX/texbin
PATH: /opt/X11/bin


## ----------- ##
## Core tests. ##
## ----------- ##

configure:2361: checking build system type
configure:2375: result: x86_64-apple-darwin19.4.0
configure:2422: checking host system type
configure:2435: result: x86_64-apple-darwin19.4.0
configure:2455: checking target system type
configure:2468: result: x86_64-apple-darwin19.4.0
configure:2522: checking for a BSD-compatible install
configure:2590: result: /usr/bin/install -c
configure:2601: checking whether ln works
configure:2623: result: yes
configure:2627: checking whether ln -s works
configure:2631: result: yes
configure:2638: checking for a sed that does not truncate output
configure:2702: result: /usr/bin/sed
configure:2711: checking for gawk
configure:2741: result: no
configure:2711: checking for mawk
configure:2741: result: no
configure:2711: checking for nawk
configure:2741: result: no
configure:2711: checking for awk
configure:2727: found /usr/bin/awk
configure:2738: result: awk
configure:4055: checking for gcc
configure:4071: found /usr/bin/gcc
configure:4082: result: gcc
configure:4311: checking for C compiler version
configure:4320: gcc --version >&5
Apple clang version 11.0.3 (clang-1103.0.32.59)
Target: x86_64-apple-darwin19.4.0
Thread model: posix
InstalledDir: /Library/Developer/CommandLineTools/usr/bin
Configured with: --prefix=/Library/Developer/CommandLineTools/usr --with-gxx-include-dir=/Library/Developer/CommandLineTools/SDKs/MacOSX.sdk/usr/include/c++/4.2.1
configure:4331: $? = 0
configure:4320: gcc -v >&5
Configured with: --prefix=/Library/Developer/CommandLineTools/usr --with-gxx-include-dir=/Library/Developer/CommandLineTools/SDKs/MacOSX.sdk/usr/include/c++/4.2.1
Apple clang version 11.0.3 (clang-1103.0.32.59)
Target: x86_64-apple-darwin19.4.0
Thread model: posix
InstalledDir: /Library/Developer/CommandLineTools/usr/bin
configure:4331: $? = 0
configure:4320: gcc -V >&5
clang: error: unsupported option '-V -Wno-objc-signed-char-bool-implicit-int-conversion'
clang: error: no input files
configure:4331: $? = 1
configure:4320: gcc -qversion >&5
clang: error: unknown argument '-qversion'; did you mean '--version'?
clang: error: no input files
configure:4331: $? = 1
configure:4351: checking whether the C compiler works
configure:4373: gcc    conftest.c  >&5
configure:4377: $? = 0
configure:4425: result: yes
configure:4428: checking for C compiler default output file name
configure:4430: result: a.out
configure:4436: checking for suffix of executables
configure:4443: gcc -o conftest    conftest.c  >&5
configure:4447: $? = 0
configure:4469: result: 
configure:4491: checking whether we are cross compiling
configure:4499: gcc -o conftest    conftest.c  >&5
configure:4503: $? = 0
configure:4510: ./conftest
configure:4514: $? = 0
configure:4529: result: no
configure:4534: checking for suffix of object files
configure:4556: gcc -c   conftest.c >&5
configure:4560: $? = 0
configure:4581: result: o
configure:4585: checking whether we are using the GNU C compiler
configure:4604: gcc -c   conftest.c >&5
configure:4604: $? = 0
configure:4613: result: yes
configure:4622: checking whether gcc accepts -g
configure:4642: gcc -c -g  conftest.c >&5
configure:4642: $? = 0
configure:4683: result: yes
configure:4700: checking for gcc option to accept ISO C89
configure:4763: gcc  -c -g -O2  conftest.c >&5
configure:4763: $? = 0
configure:4776: result: none needed
configure:4854: checking for g++
configure:4870: found /usr/bin/g++
configure:4881: result: g++
configure:4908: checking for C++ compiler version
configure:4917: g++ --version >&5
Apple clang version 11.0.3 (clang-1103.0.32.59)
Target: x86_64-apple-darwin19.4.0
Thread model: posix
InstalledDir: /Library/Developer/CommandLineTools/usr/bin
Configured with: --prefix=/Library/Developer/CommandLineTools/usr --with-gxx-include-dir=/Library/Developer/CommandLineTools/SDKs/MacOSX.sdk/usr/include/c++/4.2.1
configure:4928: $? = 0
configure:4917: g++ -v >&5
Configured with: --prefix=/Library/Developer/CommandLineTools/usr --with-gxx-include-dir=/Library/Developer/CommandLineTools/SDKs/MacOSX.sdk/usr/include/c++/4.2.1
Apple clang version 11.0.3 (clang-1103.0.32.59)
Target: x86_64-apple-darwin19.4.0
Thread model: posix
InstalledDir: /Library/Developer/CommandLineTools/usr/bin
configure:4928: $? = 0
configure:4917: g++ -V >&5
clang: error: unsupported option '-V -Wno-objc-signed-char-bool-implicit-int-conversion'
clang: error: no input files
configure:4928: $? = 1
configure:4917: g++ -qversion >&5
clang: error: unknown argument '-qversion'; did you mean '--version'?
clang: error: no input files
configure:4928: $? = 1
configure:4932: checking whether we are using the GNU C++ compiler
configure:4951: g++ -c   conftest.cpp >&5
configure:4951: $? = 0
configure:4960: result: yes
configure:4969: checking whether g++ accepts -g
configure:4989: g++ -c -g  conftest.cpp >&5
configure:4989: $? = 0
configure:5030: result: yes
configure:5079: checking whether g++ accepts -static-libstdc++ -static-libgcc
configure:5096: g++ -o conftest -g -O2   -static-libstdc++ -static-libgcc conftest.cpp  >&5
clang: error: unsupported option '-static-libgcc'
configure:5096: $? = 1
configure: failed program was:
| /* confdefs.h */
| #define PACKAGE_NAME ""
| #define PACKAGE_TARNAME ""
| #define PACKAGE_VERSION ""
| #define PACKAGE_STRING ""
| #define PACKAGE_BUGREPORT ""
| #define PACKAGE_URL ""
| /* end confdefs.h.  */
| 
| #if (__GNUC__ < 4) || (__GNUC__ == 4 && __GNUC_MINOR__ < 5)
| #error -static-libstdc++ not implemented
| #endif
| int main() {}
configure:5100: result: no
configure:5161: checking for gnatbind
configure:5191: result: no
configure:5253: checking for gnatmake
configure:5283: result: no
configure:5302: checking whether compiler driver understands Ada
configure:5325: result: no
configure:5334: checking how to compare bootstrapped objects
configure:5359: result: cmp --ignore-initial=16 $$f1 $$f2
configure:5419: checking for objdir
configure:5434: result: .libs
configure:6000: checking for isl 0.15 or later
configure:6013: gcc -o conftest -g -O2      -lisl -lmpc -lmpfr -lgmp conftest.c  -lisl -lgmp >&5
configure:6013: $? = 0
configure:6020: result: yes
configure:7117: checking for default BUILD_CONFIG
configure:7149: result: 
configure:7154: checking for --enable-vtable-verify
configure:7167: result: no
configure:7775: checking for bison
configure:7791: found /usr/bin/bison
configure:7802: result: bison -y
configure:7822: checking for bison
configure:7838: found /usr/bin/bison
configure:7849: result: bison
configure:7869: checking for gm4
configure:7885: found /usr/bin/gm4
configure:7896: result: gm4
configure:7916: checking for flex
configure:7932: found /usr/bin/flex
configure:7943: result: flex
configure:7964: checking for flex
configure:7980: found /usr/bin/flex
configure:7991: result: flex
configure:8011: checking for makeinfo
configure:8027: found /usr/bin/makeinfo
configure:8038: result: makeinfo
configure:8072: checking for expect
configure:8088: found /usr/bin/expect
configure:8099: result: expect
configure:8121: checking for runtest
configure:8151: result: no
configure:8266: checking for ar
configure:8282: found /usr/bin/ar
configure:8293: result: ar
configure:8407: checking for as
configure:8423: found /usr/bin/as
configure:8434: result: as
configure:8548: checking for dlltool
configure:8578: result: no
configure:8608: checking for ld
configure:8635: result: /Library/Developer/CommandLineTools/usr/bin/ld
configure:8830: checking for lipo
configure:8846: found /usr/bin/lipo
configure:8857: result: lipo
configure:8971: checking for nm
configure:8987: found /usr/bin/nm
configure:8998: result: nm
configure:9112: checking for ranlib
configure:9128: found /usr/bin/ranlib
configure:9139: result: ranlib
configure:9248: checking for strip
configure:9264: found /usr/bin/strip
configure:9275: result: strip
configure:9384: checking for windres
configure:9414: result: no
configure:9525: checking for windmc
configure:9555: result: no
configure:9666: checking for objcopy
configure:9696: result: no
configure:9807: checking for objdump
configure:9823: found /usr/bin/objdump
configure:9834: result: objdump
configure:9948: checking for readelf
configure:9978: result: no
configure:10128: checking for cc
configure:10144: found /usr/bin/cc
configure:10155: result: cc
configure:10289: checking for c++
configure:10305: found /usr/bin/c++
configure:10316: result: c++
configure:10450: checking for gcc
configure:10466: found /usr/bin/gcc
configure:10477: result: gcc
configure:10606: checking for gfortran
configure:10622: found /usr/local/bin/gfortran
configure:10633: result: gfortran
configure:10767: checking for gccgo
configure:10797: result: no
configure:11008: checking for ar
configure:11024: found /usr/bin/ar
configure:11035: result: ar
configure:11238: checking for as
configure:11254: found /usr/bin/as
configure:11265: result: as
configure:11468: checking for dlltool
configure:11498: result: no
configure:11698: checking for ld
configure:11714: found /usr/bin/ld
configure:11725: result: ld
configure:11928: checking for lipo
configure:11944: found /usr/bin/lipo
configure:11955: result: lipo
configure:12158: checking for nm
configure:12174: found /usr/bin/nm
configure:12185: result: nm
configure:12388: checking for objcopy
configure:12418: result: no
configure:12618: checking for objdump
configure:12634: found /usr/bin/objdump
configure:12645: result: objdump
configure:12848: checking for ranlib
configure:12864: found /usr/bin/ranlib
configure:12875: result: ranlib
configure:13078: checking for readelf
configure:13108: result: no
configure:13308: checking for strip
configure:13324: found /usr/bin/strip
configure:13335: result: strip
configure:13538: checking for windres
configure:13568: result: no
configure:13768: checking for windmc
configure:13798: result: no
configure:13826: checking where to find the target ar
configure:13859: result: host tool
configure:13868: checking where to find the target as
configure:13901: result: host tool
configure:13910: checking where to find the target cc
configure:13943: result: host tool
configure:13952: checking where to find the target c++
configure:13988: result: host tool
configure:13997: checking where to find the target c++ for libstdc++
configure:14033: result: host tool
configure:14042: checking where to find the target dlltool
configure:14075: result: host tool
configure:14084: checking where to find the target gcc
configure:14117: result: host tool
configure:14126: checking where to find the target gfortran
configure:14162: result: host tool
configure:14171: checking where to find the target gccgo
configure:14207: result: host tool
configure:14216: checking where to find the target ld
configure:14249: result: host tool
configure:14258: checking where to find the target lipo
configure:14280: result: host tool
configure:14289: checking where to find the target nm
configure:14322: result: host tool
configure:14331: checking where to find the target objcopy
configure:14364: result: host tool
configure:14373: checking where to find the target objdump
configure:14406: result: host tool
configure:14415: checking where to find the target ranlib
configure:14448: result: host tool
configure:14457: checking where to find the target readelf
configure:14490: result: host tool
configure:14499: checking where to find the target strip
configure:14532: result: host tool
configure:14541: checking where to find the target windres
configure:14574: result: host tool
configure:14583: checking where to find the target windmc
configure:14616: result: host tool
configure:14653: checking whether to enable maintainer-specific portions of Makefiles
configure:14662: result: no
configure:14905: creating ./config.status

## ---------------------- ##
## Running config.status. ##
## ---------------------- ##

This file was extended by config.status, which was
generated by GNU Autoconf 2.69.  Invocation command line was

  CONFIG_FILES    = 
  CONFIG_HEADERS  = 
  CONFIG_LINKS    = 
  CONFIG_COMMANDS = 
  $ ./config.status 

on kanedayasuyuki-no-iMac.local

config.status:971: creating Makefile

## ---------------- ##
## Cache variables. ##
## ---------------- ##

ac_cv_build=x86_64-apple-darwin19.4.0
ac_cv_c_compiler_gnu=yes
ac_cv_cxx_compiler_gnu=yes
ac_cv_env_AR_FOR_TARGET_set=
ac_cv_env_AR_FOR_TARGET_value=
ac_cv_env_AR_set=
ac_cv_env_AR_value=
ac_cv_env_AS_FOR_TARGET_set=
ac_cv_env_AS_FOR_TARGET_value=
ac_cv_env_AS_set=
ac_cv_env_AS_value=
ac_cv_env_CCC_set=
ac_cv_env_CCC_value=
ac_cv_env_CC_FOR_TARGET_set=
ac_cv_env_CC_FOR_TARGET_value=
ac_cv_env_CC_set=
ac_cv_env_CC_value=
ac_cv_env_CFLAGS_set=
ac_cv_env_CFLAGS_value=
ac_cv_env_CPPFLAGS_set=
ac_cv_env_CPPFLAGS_value=
ac_cv_env_CXXFLAGS_set=
ac_cv_env_CXXFLAGS_value=
ac_cv_env_CXX_FOR_TARGET_set=
ac_cv_env_CXX_FOR_TARGET_value=
ac_cv_env_CXX_set=
ac_cv_env_CXX_value=
ac_cv_env_DLLTOOL_FOR_TARGET_set=
ac_cv_env_DLLTOOL_FOR_TARGET_value=
ac_cv_env_DLLTOOL_set=
ac_cv_env_DLLTOOL_value=
ac_cv_env_GCC_FOR_TARGET_set=
ac_cv_env_GCC_FOR_TARGET_value=
ac_cv_env_GFORTRAN_FOR_TARGET_set=
ac_cv_env_GFORTRAN_FOR_TARGET_value=
ac_cv_env_GOC_FOR_TARGET_set=
ac_cv_env_GOC_FOR_TARGET_value=
ac_cv_env_LDFLAGS_set=
ac_cv_env_LDFLAGS_value=
ac_cv_env_LD_FOR_TARGET_set=
ac_cv_env_LD_FOR_TARGET_value=
ac_cv_env_LD_set=
ac_cv_env_LD_value=
ac_cv_env_LIBS_set=
ac_cv_env_LIBS_value=
ac_cv_env_LIPO_FOR_TARGET_set=
ac_cv_env_LIPO_FOR_TARGET_value=
ac_cv_env_LIPO_set=
ac_cv_env_LIPO_value=
ac_cv_env_NM_FOR_TARGET_set=
ac_cv_env_NM_FOR_TARGET_value=
ac_cv_env_NM_set=
ac_cv_env_NM_value=
ac_cv_env_OBJCOPY_FOR_TARGET_set=
ac_cv_env_OBJCOPY_FOR_TARGET_value=
ac_cv_env_OBJCOPY_set=
ac_cv_env_OBJCOPY_value=
ac_cv_env_OBJDUMP_FOR_TARGET_set=
ac_cv_env_OBJDUMP_FOR_TARGET_value=
ac_cv_env_OBJDUMP_set=
ac_cv_env_OBJDUMP_value=
ac_cv_env_RANLIB_FOR_TARGET_set=
ac_cv_env_RANLIB_FOR_TARGET_value=
ac_cv_env_RANLIB_set=
ac_cv_env_RANLIB_value=
ac_cv_env_READELF_FOR_TARGET_set=
ac_cv_env_READELF_FOR_TARGET_value=
ac_cv_env_READELF_set=
ac_cv_env_READELF_value=
ac_cv_env_STRIP_FOR_TARGET_set=
ac_cv_env_STRIP_FOR_TARGET_value=
ac_cv_env_STRIP_set=
ac_cv_env_STRIP_value=
ac_cv_env_WINDMC_FOR_TARGET_set=
ac_cv_env_WINDMC_FOR_TARGET_value=
ac_cv_env_WINDMC_set=
ac_cv_env_WINDMC_value=
ac_cv_env_WINDRES_FOR_TARGET_set=
ac_cv_env_WINDRES_FOR_TARGET_value=
ac_cv_env_WINDRES_set=
ac_cv_env_WINDRES_value=
ac_cv_env_build_alias_set=
ac_cv_env_build_alias_value=
ac_cv_env_build_configargs_set=
ac_cv_env_build_configargs_value=
ac_cv_env_host_alias_set=
ac_cv_env_host_alias_value=
ac_cv_env_host_configargs_set=
ac_cv_env_host_configargs_value=
ac_cv_env_target_alias_set=
ac_cv_env_target_alias_value=
ac_cv_env_target_configargs_set=
ac_cv_env_target_configargs_value=
ac_cv_host=x86_64-apple-darwin19.4.0
ac_cv_objext=o
ac_cv_path_SED=/usr/bin/sed
ac_cv_path_install='/usr/bin/install -c'
ac_cv_prog_AR=ar
ac_cv_prog_AR_FOR_TARGET=ar
ac_cv_prog_AS=as
ac_cv_prog_AS_FOR_TARGET=as
ac_cv_prog_AWK=awk
ac_cv_prog_BISON=bison
ac_cv_prog_CC_FOR_TARGET=cc
ac_cv_prog_CXX_FOR_TARGET=c++
ac_cv_prog_EXPECT=expect
ac_cv_prog_FLEX=flex
ac_cv_prog_GCC_FOR_TARGET=gcc
ac_cv_prog_GFORTRAN_FOR_TARGET=gfortran
ac_cv_prog_LD=/Library/Developer/CommandLineTools/usr/bin/ld
ac_cv_prog_LD_FOR_TARGET=ld
ac_cv_prog_LEX=flex
ac_cv_prog_LIPO=lipo
ac_cv_prog_LIPO_FOR_TARGET=lipo
ac_cv_prog_M4=gm4
ac_cv_prog_MAKEINFO=makeinfo
ac_cv_prog_NM=nm
ac_cv_prog_NM_FOR_TARGET=nm
ac_cv_prog_OBJDUMP=objdump
ac_cv_prog_OBJDUMP_FOR_TARGET=objdump
ac_cv_prog_RANLIB=ranlib
ac_cv_prog_RANLIB_FOR_TARGET=ranlib
ac_cv_prog_STRIP=strip
ac_cv_prog_STRIP_FOR_TARGET=strip
ac_cv_prog_YACC='bison -y'
ac_cv_prog_ac_ct_CC=gcc
ac_cv_prog_ac_ct_CXX=g++
ac_cv_prog_cc_c89=
ac_cv_prog_cc_g=yes
ac_cv_prog_cxx_g=yes
ac_cv_target=x86_64-apple-darwin19.4.0
acx_cv_cc_gcc_supports_ada=no
acx_cv_prog_LN=ln
gcc_cv_isl=yes
gcc_cv_prog_cmp_skip='cmp --ignore-initial=16 $$f1 $$f2'
gcc_cv_tool_dirs=
gcc_cv_tool_prefix=/usr/local
lt_cv_objdir=.libs

## ----------------- ##
## Output variables. ##
## ----------------- ##

AR='ar'
AR_FOR_BUILD='$(AR)'
AR_FOR_TARGET='$(AR)'
AS='as'
AS_FOR_BUILD='$(AS)'
AS_FOR_TARGET='$(AS)'
AWK='awk'
BISON='bison'
BUILD_CONFIG=''
CC='gcc'
CC_FOR_BUILD='$(CC)'
CC_FOR_TARGET='$(CC)'
CFLAGS='-g -O2'
CFLAGS_FOR_BUILD='-g -O2'
CFLAGS_FOR_TARGET='-g -O2'
COMPILER_AS_FOR_TARGET='$(AS_FOR_TARGET)'
COMPILER_LD_FOR_TARGET='$(LD_FOR_TARGET)'
COMPILER_NM_FOR_TARGET='$(NM_FOR_TARGET)'
CONFIGURE_GDB_TK=''
CPPFLAGS=''
CXX='g++'
CXXFLAGS='-g -O2'
CXXFLAGS_FOR_BUILD='-g -O2'
CXXFLAGS_FOR_TARGET='-g -O2'
CXX_FOR_BUILD='$(CXX)'
CXX_FOR_TARGET='$(CXX)'
DEBUG_PREFIX_CFLAGS_FOR_TARGET=''
DEFS='-DPACKAGE_NAME=\"\" -DPACKAGE_TARNAME=\"\" -DPACKAGE_VERSION=\"\" -DPACKAGE_STRING=\"\" -DPACKAGE_BUGREPORT=\"\" -DPACKAGE_URL=\"\" -DLT_OBJDIR=\".libs/\"'
DLLTOOL='dlltool'
DLLTOOL_FOR_BUILD='$(DLLTOOL)'
DLLTOOL_FOR_TARGET='$(DLLTOOL)'
ECHO_C='\c'
ECHO_N=''
ECHO_T=''
EXEEXT=''
EXPECT='expect'
FLAGS_FOR_TARGET=''
FLEX='flex'
GCC_FOR_TARGET='$()'
GCC_SHLIB_SUBDIR=''
GDB_TK=''
GFORTRAN_FOR_BUILD='$(GFORTRAN)'
GFORTRAN_FOR_TARGET='$(GFORTRAN)'
GNATBIND='no'
GNATMAKE='no'
GOC_FOR_BUILD='$(GOC)'
GOC_FOR_TARGET='$(GOC)'
INSTALL_DATA='${INSTALL} -m 644'
INSTALL_GDB_TK=''
INSTALL_PROGRAM='${INSTALL}'
INSTALL_SCRIPT='${INSTALL}'
LD='/Library/Developer/CommandLineTools/usr/bin/ld'
LDFLAGS=''
LDFLAGS_FOR_BUILD=''
LDFLAGS_FOR_TARGET=''
LD_FOR_BUILD='$(LD)'
LD_FOR_TARGET='$(LD)'
LEX='flex'
LIBOBJS=''
LIBS=''
LIPO='lipo'
LIPO_FOR_TARGET='$(LIPO)'
LN='ln'
LN_S='ln -s'
LTLIBOBJS=''
M4='gm4'
MAINT='#'
MAINTAINER_MODE_FALSE=''
MAINTAINER_MODE_TRUE='#'
MAKEINFO='makeinfo'
NM='nm'
NM_FOR_BUILD='$(NM)'
NM_FOR_TARGET='$(NM)'
OBJCOPY='objcopy'
OBJCOPY_FOR_TARGET='$(OBJCOPY)'
OBJDUMP='objdump'
OBJDUMP_FOR_TARGET='$(OBJDUMP)'
OBJEXT='o'
PACKAGE_BUGREPORT=''
PACKAGE_NAME=''
PACKAGE_STRING=''
PACKAGE_TARNAME=''
PACKAGE_URL=''
PACKAGE_VERSION=''
PATH_SEPARATOR=':'
RANLIB='ranlib'
RANLIB_FOR_BUILD='$(RANLIB)'
RANLIB_FOR_TARGET='$(RANLIB)'
RAW_CXX_FOR_TARGET='$(CXX)'
READELF='readelf'
READELF_FOR_TARGET='$(READELF)'
RPATH_ENVVAR='DYLD_LIBRARY_PATH'
RUNTEST='runtest'
SED='/usr/bin/sed'
SHELL='/bin/sh'
STRIP='strip'
STRIP_FOR_TARGET='$(STRIP)'
SYSROOT_CFLAGS_FOR_TARGET=''
TOPLEVEL_CONFIGURE_ARGUMENTS='/Users/yasuyuki/Downloads/gdb-9.1/configure'
WINDMC='windmc'
WINDMC_FOR_BUILD='$(WINDMC)'
WINDMC_FOR_TARGET='$(WINDMC)'
WINDRES='windres'
WINDRES_FOR_BUILD='$(WINDRES)'
WINDRES_FOR_TARGET='$(WINDRES)'
YACC='bison -y'
ac_ct_CC='gcc'
ac_ct_CXX='g++'
bindir='${exec_prefix}/bin'
build='x86_64-apple-darwin19.4.0'
build_alias=''
build_configargs=' --cache-file=./config.cache  --program-transform-name='\''s,y,y,'\'' --disable-option-checking'
build_configdirs=' libiberty'
build_cpu='x86_64'
build_libsubdir='build-x86_64-apple-darwin19.4.0'
build_noncanonical='x86_64-apple-darwin19.4.0'
build_os='darwin19.4.0'
build_subdir='build-x86_64-apple-darwin19.4.0'
build_tooldir='${exec_prefix}/x86_64-apple-darwin19.4.0'
build_vendor='apple'
compare_exclusions='gcc/cc*-checksum$(objext) | gcc/ada/*tools/*'
configdirs=' intl libiberty opcodes bfd readline zlib libdecnumber libctf gdb etc gnulib'
datadir='${datarootdir}'
datarootdir='${prefix}/share'
do_compare='cmp --ignore-initial=16 $$f1 $$f2'
docdir='${datarootdir}/doc/${PACKAGE}'
dvidir='${docdir}'
exec_prefix='${prefix}'
extra_host_libiberty_configure_flags=''
extra_host_zlib_configure_flags=''
extra_isl_gmp_configure_flags=''
extra_liboffloadmic_configure_flags=''
extra_linker_plugin_configure_flags=''
extra_linker_plugin_flags=''
extra_mpc_gmp_configure_flags=''
extra_mpc_mpfr_configure_flags=''
extra_mpfr_configure_flags=''
get_gcc_base_ver='cat'
gmpinc=''
gmplibs='-lmpc -lmpfr -lgmp'
host='x86_64-apple-darwin19.4.0'
host_alias=''
host_configargs=' --cache-file=./config.cache   --program-transform-name='\''s,y,y,'\'' --disable-option-checking'
host_cpu='x86_64'
host_noncanonical='x86_64-apple-darwin19.4.0'
host_os='darwin19.4.0'
host_shared='no'
host_subdir='.'
host_vendor='apple'
htmldir='${docdir}'
includedir='${prefix}/include'
infodir='${datarootdir}/info'
islinc=''
isllibs=' -lisl'
libdir='${exec_prefix}/lib'
libexecdir='${exec_prefix}/libexec'
localedir='${datarootdir}/locale'
localstatedir='${prefix}/var'
mandir='${datarootdir}/man'
oldincludedir='/usr/include'
pdfdir='${docdir}'
poststage1_ldflags='-static-libstdc++ -static-libgcc'
poststage1_libs=''
prefix='/usr/local'
program_transform_name='s,y,y,'
psdir='${docdir}'
sbindir='${exec_prefix}/sbin'
sharedstatedir='${prefix}/com'
stage1_cflags='-g'
stage1_checking='--enable-checking=yes,types'
stage1_languages=',c,'
stage1_ldflags=''
stage1_libs=''
stage2_werror_flag=''
sysconfdir='${prefix}/etc'
target='x86_64-apple-darwin19.4.0'
target_alias=''
target_configargs='--cache-file=./config.cache --enable-multilib   --program-transform-name='\''s,y,y,'\'' --disable-option-checking'
target_configdirs=''
target_cpu='x86_64'
target_noncanonical='x86_64-apple-darwin19.4.0'
target_os='darwin19.4.0'
target_subdir='x86_64-apple-darwin19.4.0'
target_vendor='apple'
tooldir='${exec_prefix}/x86_64-apple-darwin19.4.0'

## ------------------- ##
## File substitutions. ##
## ------------------- ##

alphaieee_frag='/dev/null'
host_makefile_frag='/Users/yasuyuki/Downloads/gdb-9.1/config/mh-darwin'
ospace_frag='/dev/null'
serialization_dependencies='serdep.tmp'
target_makefile_frag='/dev/null'

## ----------- ##
## confdefs.h. ##
## ----------- ##

/* confdefs.h */
#define PACKAGE_NAME ""
#define PACKAGE_TARNAME ""
#define PACKAGE_VERSION ""
#define PACKAGE_STRING ""
#define PACKAGE_BUGREPORT ""
#define PACKAGE_URL ""
#define LT_OBJDIR ".libs/"

configure: exit 0
