This file contains any messages produced by compilers while
running configure, to aid debugging if configure makes a mistake.

It was created by configure, which was
generated by GNU Autoconf 2.69.  Invocation command line was

  $ /Users/yasuyuki/Downloads/gdb-9.1/libiberty/configure --srcdir=/Users/yasuyuki/Downloads/gdb-9.1/libiberty --cache-file=./config.cache --program-transform-name=s,y,y, --disable-option-checking --build=x86_64-apple-darwin19.4.0 --host=x86_64-apple-darwin19.4.0 --target=x86_64-apple-darwin19.4.0

## --------- ##
## Platform. ##
## --------- ##

hostname = kanedayasuyuki-no-iMac.local
uname -m = x86_64
uname -r = 19.4.0
uname -s = Darwin
uname -v = Darwin Kernel Version 19.4.0: Wed Mar  4 22:28:40 PST 2020; root:xnu-6153.101.6~15/RELEASE_X86_64

/usr/bin/uname -p = i386
/bin/uname -X     = unknown

/bin/arch              = unknown
/usr/bin/arch -k       = unknown
/usr/convex/getsysinfo = unknown
/usr/bin/hostinfo      = Mach kernel version:
	 Darwin Kernel Version 19.4.0: Wed Mar  4 22:28:40 PST 2020; root:xnu-6153.101.6~15/RELEASE_X86_64
Kernel configured for up to 4 processors.
2 processors are physically available.
4 processors are logically available.
Processor type: x86_64h (Intel x86-64h Haswell)
Processors active: 0 1 2 3
Primary memory available: 8.00 gigabytes
Default processor set: 279 tasks, 1382 threads, 4 processors
Load average: 4.44, Mach factor: 1.65
/bin/machine           = unknown
/usr/bin/oslevel       = unknown
/bin/universe          = unknown

PATH: /Users/yasuyuki/anaconda3/bin
PATH: /Library/Frameworks/Python.framework/Versions/3.6/bin
PATH: /usr/local/bin
PATH: /usr/bin
PATH: /bin
PATH: /usr/sbin
PATH: /sbin
PATH: /Library/TeX/texbin
PATH: /opt/X11/bin


## ----------- ##
## Core tests. ##
## ----------- ##

configure:2372: loading cache ./config.cache
configure:2540: checking whether to enable maintainer-specific portions of Makefiles
configure:2550: result: no
configure:2565: checking for makeinfo
configure:2592: result: makeinfo --split-size=5000000
configure:2632: checking for perl
configure:2659: result: perl
configure:2678: checking build system type
configure:2692: result: x86_64-apple-darwin19.4.0
configure:2712: checking host system type
configure:2725: result: x86_64-apple-darwin19.4.0
configure:2750: checking for x86_64-apple-darwin19.4.0-ar
configure:2777: result: ar
configure:2842: checking for x86_64-apple-darwin19.4.0-ranlib
configure:2869: result: ranlib
configure:2954: checking whether to install libiberty headers and static library
configure:2977: result: no
configure:2979: target_header_dir = 
configure:2991: checking for x86_64-apple-darwin19.4.0-gcc
configure:3018: result: gcc
configure:3287: checking for C compiler version
configure:3296: gcc --version >&5
Apple clang version 11.0.3 (clang-1103.0.32.59)
Target: x86_64-apple-darwin19.4.0
Thread model: posix
InstalledDir: /Library/Developer/CommandLineTools/usr/bin
Configured with: --prefix=/Library/Developer/CommandLineTools/usr --with-gxx-include-dir=/Library/Developer/CommandLineTools/SDKs/MacOSX.sdk/usr/include/c++/4.2.1
configure:3307: $? = 0
configure:3296: gcc -v >&5
Configured with: --prefix=/Library/Developer/CommandLineTools/usr --with-gxx-include-dir=/Library/Developer/CommandLineTools/SDKs/MacOSX.sdk/usr/include/c++/4.2.1
Apple clang version 11.0.3 (clang-1103.0.32.59)
Target: x86_64-apple-darwin19.4.0
Thread model: posix
InstalledDir: /Library/Developer/CommandLineTools/usr/bin
configure:3307: $? = 0
configure:3296: gcc -V >&5
clang: error: unsupported option '-V -Wno-objc-signed-char-bool-implicit-int-conversion'
clang: error: no input files
configure:3307: $? = 1
configure:3296: gcc -qversion >&5
clang: error: unknown argument '-qversion'; did you mean '--version'?
clang: error: no input files
configure:3307: $? = 1
configure:3323: gcc -o conftest -g -O2   -Wl,-no_pie  conftest.c  >&5
configure:3326: $? = 0
configure:3355: checking whether the C compiler works
configure:3377: gcc -g -O2   -Wl,-no_pie  conftest.c  >&5
configure:3381: $? = 0
configure:3429: result: yes
configure:3432: checking for C compiler default output file name
configure:3434: result: a.out
configure:3440: checking for suffix of executables
configure:3447: gcc -o conftest -g -O2   -Wl,-no_pie  conftest.c  >&5
configure:3451: $? = 0
configure:3473: result: 
configure:3495: checking whether we are cross compiling
configure:3503: gcc -o conftest -g -O2   -Wl,-no_pie  conftest.c  >&5
configure:3507: $? = 0
configure:3514: ./conftest
configure:3518: $? = 0
configure:3533: result: no
configure:3539: checking for suffix of object files
configure:3586: result: o
configure:3590: checking whether we are using the GNU C compiler
configure:3618: result: yes
configure:3627: checking whether gcc accepts -g
configure:3688: result: yes
configure:3705: checking for gcc option to accept ISO C89
configure:3781: result: none needed
configure:3807: checking how to run the C preprocessor
configure:3877: result: gcc -E
configure:3897: gcc -E  conftest.c
configure:3897: $? = 0
configure:3911: gcc -E  conftest.c
conftest.c:9:10: fatal error: 'ac_nonexistent.h' file not found
#include <ac_nonexistent.h>
         ^~~~~~~~~~~~~~~~~~
1 error generated.
configure:3911: $? = 1
configure: failed program was:
| /* confdefs.h */
| #define PACKAGE_NAME ""
| #define PACKAGE_TARNAME ""
| #define PACKAGE_VERSION ""
| #define PACKAGE_STRING ""
| #define PACKAGE_BUGREPORT ""
| #define PACKAGE_URL ""
| /* end confdefs.h.  */
| #include <ac_nonexistent.h>
configure:3940: checking for grep that handles long lines and -e
configure:3998: result: /usr/bin/grep
configure:4003: checking for egrep
configure:4065: result: /usr/bin/grep -E
configure:4070: checking for ANSI C header files
configure:4174: result: yes
configure:4187: checking for sys/types.h
configure:4187: result: yes
configure:4187: checking for sys/stat.h
configure:4187: result: yes
configure:4187: checking for stdlib.h
configure:4187: result: yes
configure:4187: checking for string.h
configure:4187: result: yes
configure:4187: checking for memory.h
configure:4187: result: yes
configure:4187: checking for strings.h
configure:4187: result: yes
configure:4187: checking for inttypes.h
configure:4187: result: yes
configure:4187: checking for stdint.h
configure:4187: result: yes
configure:4187: checking for unistd.h
configure:4187: result: yes
configure:4200: checking for minix/config.h
configure:4200: result: no
configure:4221: checking whether it is safe to define __EXTENSIONS__
configure:4246: result: yes
configure:4268: checking for special C compiler options needed for large files
configure:4313: result: no
configure:4319: checking for _FILE_OFFSET_BITS value needed for large files
configure:4376: result: no
configure:4483: checking whether gcc supports -W
configure:4509: result: yes
configure:4483: checking whether gcc supports -Wall
configure:4509: result: yes
configure:4483: checking whether gcc supports -Wwrite-strings
configure:4509: result: yes
configure:4483: checking whether gcc supports -Wc++-compat
configure:4509: result: yes
configure:4483: checking whether gcc supports -Wstrict-prototypes
configure:4509: result: yes
configure:4483: checking whether gcc supports -Wshadow=local
configure:4509: result: yes
configure:4532: checking whether gcc supports -pedantic 
configure:4558: result: yes
configure:4574: checking whether gcc and cc understand -c and -o together
configure:4674: result: yes
configure:4693: checking for an ANSI C-conforming const
configure:4766: result: yes
configure:4774: checking for inline
configure:4798: result: inline
configure:4816: checking whether byte ordering is bigendian
configure:5022: result: no
configure:5061: checking for a BSD-compatible install
configure:5129: result: /usr/bin/install -c
configure:5294: checking for sys/file.h
configure:5294: result: yes
configure:5294: checking for sys/param.h
configure:5294: result: yes
configure:5294: checking for limits.h
configure:5294: result: yes
configure:5294: checking for stdlib.h
configure:5294: result: yes
configure:5294: checking for malloc.h
configure:5294: result: no
configure:5294: checking for string.h
configure:5294: result: yes
configure:5294: checking for unistd.h
configure:5294: result: yes
configure:5294: checking for strings.h
configure:5294: result: yes
configure:5294: checking for sys/time.h
configure:5294: result: yes
configure:5294: checking for time.h
configure:5294: result: yes
configure:5294: checking for sys/resource.h
configure:5294: result: yes
configure:5294: checking for sys/stat.h
configure:5294: result: yes
configure:5294: checking for sys/mman.h
configure:5294: result: yes
configure:5294: checking for fcntl.h
configure:5294: result: yes
configure:5294: checking for alloca.h
configure:5294: result: yes
configure:5294: checking for sys/pstat.h
configure:5294: result: no
configure:5294: checking for sys/sysmp.h
configure:5294: result: no
configure:5294: checking for sys/sysinfo.h
configure:5294: result: no
configure:5294: checking for machine/hal_sysinfo.h
configure:5294: result: no
configure:5294: checking for sys/table.h
configure:5294: result: no
configure:5294: checking for sys/sysctl.h
configure:5294: result: yes
configure:5294: checking for sys/systemcfg.h
configure:5294: result: no
configure:5294: checking for stdint.h
configure:5294: result: yes
configure:5294: checking for stdio_ext.h
configure:5294: result: no
configure:5294: checking for process.h
configure:5294: result: no
configure:5294: checking for sys/prctl.h
configure:5294: result: no
configure:5303: checking for sys/wait.h that is POSIX.1 compatible
configure:5336: result: yes
configure:5344: checking whether time.h and sys/time.h may both be included
configure:5371: result: yes
configure:5380: checking whether errno must be declared
configure:5403: result: no
configure:5417: checking size of int
configure:5436: result: 4
configure:5450: checking size of long
configure:5469: result: 8
configure:5483: checking size of size_t
configure:5502: result: 8
configure:5514: checking for long long
configure:5514: result: yes
configure:5522: checking size of long long
configure:5541: result: 8
configure:5555: checking for a 64-bit type
configure:5623: result: uint64_t
configure:5634: checking for intptr_t
configure:5634: result: yes
configure:5670: checking for uintptr_t
configure:5670: result: yes
configure:5706: checking for ssize_t
configure:5706: result: yes
configure:5725: checking for pid_t
configure:5725: result: yes
configure:6407: checking for library containing strerror
configure:6458: result: none required
configure:6469: checking for asprintf
configure:6469: result: yes
configure:6469: checking for atexit
configure:6469: result: yes
configure:6469: checking for basename
configure:6469: result: yes
configure:6469: checking for bcmp
configure:6469: result: yes
configure:6469: checking for bcopy
configure:6469: result: yes
configure:6469: checking for bsearch
configure:6469: result: yes
configure:6469: checking for bzero
configure:6469: result: yes
configure:6469: checking for calloc
configure:6469: result: yes
configure:6469: checking for clock
configure:6469: result: yes
configure:6469: checking for ffs
configure:6469: result: yes
configure:6469: checking for getcwd
configure:6469: result: yes
configure:6469: checking for getpagesize
configure:6469: result: yes
configure:6469: checking for gettimeofday
configure:6469: result: yes
configure:6469: checking for index
configure:6469: result: yes
configure:6469: checking for insque
configure:6469: result: yes
configure:6469: checking for memchr
configure:6469: result: yes
configure:6469: checking for memcmp
configure:6469: result: yes
configure:6469: checking for memcpy
configure:6469: result: yes
configure:6469: checking for memmem
configure:6469: result: yes
configure:6469: checking for memmove
configure:6469: result: yes
configure:6469: checking for mempcpy
configure:6469: result: no
configure:6469: checking for memset
configure:6469: result: yes
configure:6469: checking for mkstemps
configure:6469: result: yes
configure:6469: checking for putenv
configure:6469: result: yes
configure:6469: checking for random
configure:6469: result: yes
configure:6469: checking for rename
configure:6469: result: yes
configure:6469: checking for rindex
configure:6469: result: yes
configure:6469: checking for setenv
configure:6469: result: yes
configure:6469: checking for snprintf
configure:6469: result: yes
configure:6469: checking for sigsetmask
configure:6469: result: yes
configure:6469: checking for stpcpy
configure:6469: result: yes
configure:6469: checking for stpncpy
configure:6469: result: yes
configure:6469: checking for strcasecmp
configure:6469: result: yes
configure:6469: checking for strchr
configure:6469: result: yes
configure:6469: checking for strdup
configure:6469: result: yes
configure:6469: checking for strncasecmp
configure:6469: result: yes
configure:6469: checking for strndup
configure:6469: result: yes
configure:6469: checking for strnlen
configure:6469: result: yes
configure:6469: checking for strrchr
configure:6469: result: yes
configure:6469: checking for strstr
configure:6469: result: yes
configure:6469: checking for strtod
configure:6469: result: yes
configure:6469: checking for strtol
configure:6469: result: yes
configure:6469: checking for strtoul
configure:6469: result: yes
configure:6469: checking for strtoll
configure:6469: result: yes
configure:6469: checking for strtoull
configure:6469: result: yes
configure:6469: checking for strverscmp
configure:6469: result: no
configure:6469: checking for tmpnam
configure:6469: result: yes
configure:6469: checking for vasprintf
configure:6469: result: yes
configure:6469: checking for vfprintf
configure:6469: result: yes
configure:6469: checking for vprintf
configure:6469: result: yes
configure:6469: checking for vsnprintf
configure:6469: result: yes
configure:6469: checking for vsprintf
configure:6469: result: yes
configure:6469: checking for waitpid
configure:6469: result: yes
configure:6469: checking for setproctitle
configure:6469: result: no
configure:6485: checking whether alloca needs Cray hooks
configure:6508: result: no
configure:6525: checking stack direction for C alloca
configure:6562: result: -1
configure:6572: checking for vfork.h
configure:6572: result: no
configure:6584: checking for fork
configure:6584: result: yes
configure:6584: checking for vfork
configure:6584: result: yes
configure:6594: checking for working fork
configure:6626: result: yes
configure:6647: checking for working vfork
configure:6757: result: yes
configure:6811: checking for _doprnt
configure:6811: result: no
configure:6823: checking for sys_errlist
configure:6852: result: yes
configure:6823: checking for sys_nerr
configure:6852: result: yes
configure:6823: checking for sys_siglist
configure:6852: result: yes
configure:6867: checking for external symbol _system_configuration
configure:6880: gcc -c -g -O2  conftest.c >&5
conftest.c:110:10: fatal error: 'sys/systemcfg.h' file not found
#include <sys/systemcfg.h>
         ^~~~~~~~~~~~~~~~~
1 error generated.
configure:6880: $? = 1
configure: failed program was:
| /* confdefs.h */
| #define PACKAGE_NAME ""
| #define PACKAGE_TARNAME ""
| #define PACKAGE_VERSION ""
| #define PACKAGE_STRING ""
| #define PACKAGE_BUGREPORT ""
| #define PACKAGE_URL ""
| #define STDC_HEADERS 1
| #define HAVE_SYS_TYPES_H 1
| #define HAVE_SYS_STAT_H 1
| #define HAVE_STDLIB_H 1
| #define HAVE_STRING_H 1
| #define HAVE_MEMORY_H 1
| #define HAVE_STRINGS_H 1
| #define HAVE_INTTYPES_H 1
| #define HAVE_STDINT_H 1
| #define HAVE_UNISTD_H 1
| #define __EXTENSIONS__ 1
| #define _ALL_SOURCE 1
| #define _GNU_SOURCE 1
| #define _POSIX_PTHREAD_SEMANTICS 1
| #define _TANDEM_SOURCE 1
| #define HAVE_SYS_FILE_H 1
| #define HAVE_SYS_PARAM_H 1
| #define HAVE_LIMITS_H 1
| #define HAVE_STDLIB_H 1
| #define HAVE_STRING_H 1
| #define HAVE_UNISTD_H 1
| #define HAVE_STRINGS_H 1
| #define HAVE_SYS_TIME_H 1
| #define HAVE_TIME_H 1
| #define HAVE_SYS_RESOURCE_H 1
| #define HAVE_SYS_STAT_H 1
| #define HAVE_SYS_MMAN_H 1
| #define HAVE_FCNTL_H 1
| #define HAVE_ALLOCA_H 1
| #define HAVE_SYS_SYSCTL_H 1
| #define HAVE_STDINT_H 1
| #define HAVE_SYS_WAIT_H 1
| #define TIME_WITH_SYS_TIME 1
| #define SIZEOF_INT 4
| #define SIZEOF_LONG 8
| #define SIZEOF_SIZE_T 8
| #define HAVE_LONG_LONG 1
| #define SIZEOF_LONG_LONG 8
| #define UNSIGNED_64BIT_TYPE uint64_t
| #define HAVE_INTPTR_T 1
| #define HAVE_UINTPTR_T 1
| #define HAVE_UINTPTR_T 1
| #define HAVE_ASPRINTF 1
| #define HAVE_ATEXIT 1
| #define HAVE_BASENAME 1
| #define HAVE_BCMP 1
| #define HAVE_BCOPY 1
| #define HAVE_BSEARCH 1
| #define HAVE_BZERO 1
| #define HAVE_CALLOC 1
| #define HAVE_CLOCK 1
| #define HAVE_FFS 1
| #define HAVE_GETCWD 1
| #define HAVE_GETPAGESIZE 1
| #define HAVE_GETTIMEOFDAY 1
| #define HAVE_INDEX 1
| #define HAVE_INSQUE 1
| #define HAVE_MEMCHR 1
| #define HAVE_MEMCMP 1
| #define HAVE_MEMCPY 1
| #define HAVE_MEMMEM 1
| #define HAVE_MEMMOVE 1
| #define HAVE_MEMSET 1
| #define HAVE_MKSTEMPS 1
| #define HAVE_PUTENV 1
| #define HAVE_RANDOM 1
| #define HAVE_RENAME 1
| #define HAVE_RINDEX 1
| #define HAVE_SETENV 1
| #define HAVE_SNPRINTF 1
| #define HAVE_SIGSETMASK 1
| #define HAVE_STPCPY 1
| #define HAVE_STPNCPY 1
| #define HAVE_STRCASECMP 1
| #define HAVE_STRCHR 1
| #define HAVE_STRDUP 1
| #define HAVE_STRNCASECMP 1
| #define HAVE_STRNDUP 1
| #define HAVE_STRNLEN 1
| #define HAVE_STRRCHR 1
| #define HAVE_STRSTR 1
| #define HAVE_STRTOD 1
| #define HAVE_STRTOL 1
| #define HAVE_STRTOUL 1
| #define HAVE_STRTOLL 1
| #define HAVE_STRTOULL 1
| #define HAVE_TMPNAM 1
| #define HAVE_VASPRINTF 1
| #define HAVE_VFPRINTF 1
| #define HAVE_VPRINTF 1
| #define HAVE_VSNPRINTF 1
| #define HAVE_VSPRINTF 1
| #define HAVE_WAITPID 1
| #define STACK_DIRECTION -1
| #define HAVE_FORK 1
| #define HAVE_VFORK 1
| #define HAVE_WORKING_VFORK 1
| #define HAVE_WORKING_FORK 1
| #define HAVE_SYS_ERRLIST 1
| #define HAVE_SYS_NERR 1
| #define HAVE_SYS_SIGLIST 1
| /* end confdefs.h.  */
| #include <sys/systemcfg.h>
| int
| main ()
| {
| double x = _system_configuration.physmem;
|   ;
|   return 0;
| }
configure:6887: result: no
configure:6895: checking for __fsetlocking
configure:6895: result: no
configure:6895: checking for canonicalize_file_name
configure:6895: result: no
configure:6895: checking for dup3
configure:6895: result: no
configure:6895: checking for getrlimit
configure:6895: result: yes
configure:6895: checking for getrusage
configure:6895: result: yes
configure:6895: checking for getsysinfo
configure:6895: result: no
configure:6895: checking for gettimeofday
configure:6895: result: yes
configure:6895: checking for on_exit
configure:6895: result: no
configure:6895: checking for pipe2
configure:6895: result: no
configure:6895: checking for psignal
configure:6895: result: yes
configure:6895: checking for pstat_getdynamic
configure:6895: result: no
configure:6895: checking for pstat_getstatic
configure:6895: result: no
configure:6895: checking for realpath
configure:6895: result: yes
configure:6895: checking for setrlimit
configure:6895: result: yes
configure:6895: checking for sbrk
configure:6895: result: yes
configure:6895: checking for spawnve
configure:6895: result: no
configure:6895: checking for spawnvpe
configure:6895: result: no
configure:6895: checking for strerror
configure:6895: result: yes
configure:6895: checking for strsignal
configure:6895: result: yes
configure:6895: checking for sysconf
configure:6895: result: yes
configure:6895: checking for sysctl
configure:6895: result: yes
configure:6895: checking for sysmp
configure:6895: result: no
configure:6895: checking for table
configure:6895: result: no
configure:6895: checking for times
configure:6895: result: yes
configure:6895: checking for wait3
configure:6895: result: yes
configure:6895: checking for wait4
configure:6895: result: yes
configure:6905: checking whether basename is declared
configure:6905: result: no
configure:6915: checking whether ffs is declared
configure:6915: result: yes
configure:6925: checking whether asprintf is declared
configure:6925: result: yes
configure:6935: checking whether vasprintf is declared
configure:6935: result: yes
configure:6945: checking whether snprintf is declared
configure:6945: result: yes
configure:6955: checking whether vsnprintf is declared
configure:6955: result: yes
configure:6966: checking whether calloc is declared
configure:6966: result: yes
configure:6976: checking whether getenv is declared
configure:6976: result: yes
configure:6986: checking whether getopt is declared
configure:6986: result: yes
configure:6996: checking whether malloc is declared
configure:6996: result: yes
configure:7006: checking whether realloc is declared
configure:7006: result: yes
configure:7016: checking whether sbrk is declared
configure:7016: result: yes
configure:7027: checking whether strtol is declared
configure:7027: result: yes
configure:7037: checking whether strtoul is declared
configure:7037: result: yes
configure:7047: checking whether strtoll is declared
configure:7047: result: yes
configure:7057: checking whether strtoull is declared
configure:7057: result: yes
configure:7068: checking whether strverscmp is declared
configure:7068: result: no
configure:7079: checking whether strnlen is declared
configure:7079: result: yes
configure:7090: checking whether canonicalize_file_name must be declared
configure:7129: result: yes
configure:7154: checking for stdlib.h
configure:7154: result: yes
configure:7154: checking for unistd.h
configure:7154: result: yes
configure:7154: checking for sys/param.h
configure:7154: result: yes
configure:7178: checking for getpagesize
configure:7178: result: yes
configure:7187: checking for working mmap
configure:7344: result: yes
configure:7355: checking for working strncmp
configure:7438: result: yes
configure:7593: creating ./config.status

## ---------------------- ##
## Running config.status. ##
## ---------------------- ##

This file was extended by config.status, which was
generated by GNU Autoconf 2.69.  Invocation command line was

  CONFIG_FILES    = 
  CONFIG_HEADERS  = 
  CONFIG_LINKS    = 
  CONFIG_COMMANDS = 
  $ ./config.status 

on kanedayasuyuki-no-iMac.local

config.status:1003: creating Makefile
config.status:1003: creating testsuite/Makefile
config.status:1003: creating config.h
config.status:1168: config.h is unchanged
config.status:1182: executing default commands

## ---------------- ##
## Cache variables. ##
## ---------------- ##

ac_cv_build=x86_64-apple-darwin19.4.0
ac_cv_c_bigendian=no
ac_cv_c_compiler_gnu=yes
ac_cv_c_const=yes
ac_cv_c_inline=inline
ac_cv_c_stack_direction=-1
ac_cv_env_CC_set=set
ac_cv_env_CC_value=gcc
ac_cv_env_CFLAGS_set=set
ac_cv_env_CFLAGS_value='-g -O2'
ac_cv_env_CPPFLAGS_set=
ac_cv_env_CPPFLAGS_value=
ac_cv_env_CPP_set=
ac_cv_env_CPP_value=
ac_cv_env_LDFLAGS_set=set
ac_cv_env_LDFLAGS_value=' -Wl,-no_pie '
ac_cv_env_LIBS_set=
ac_cv_env_LIBS_value=
ac_cv_env_build_alias_set=set
ac_cv_env_build_alias_value=x86_64-apple-darwin19.4.0
ac_cv_env_host_alias_set=set
ac_cv_env_host_alias_value=x86_64-apple-darwin19.4.0
ac_cv_env_target_alias_set=set
ac_cv_env_target_alias_value=x86_64-apple-darwin19.4.0
ac_cv_func___fsetlocking=no
ac_cv_func__doprnt=no
ac_cv_func_asprintf=yes
ac_cv_func_atexit=yes
ac_cv_func_basename=yes
ac_cv_func_bcmp=yes
ac_cv_func_bcopy=yes
ac_cv_func_bsearch=yes
ac_cv_func_bzero=yes
ac_cv_func_calloc=yes
ac_cv_func_canonicalize_file_name=no
ac_cv_func_clock=yes
ac_cv_func_dup3=no
ac_cv_func_ffs=yes
ac_cv_func_fork=yes
ac_cv_func_fork_works=yes
ac_cv_func_getcwd=yes
ac_cv_func_getpagesize=yes
ac_cv_func_getrlimit=yes
ac_cv_func_getrusage=yes
ac_cv_func_getsysinfo=no
ac_cv_func_gettimeofday=yes
ac_cv_func_index=yes
ac_cv_func_insque=yes
ac_cv_func_memchr=yes
ac_cv_func_memcmp=yes
ac_cv_func_memcpy=yes
ac_cv_func_memmem=yes
ac_cv_func_memmove=yes
ac_cv_func_mempcpy=no
ac_cv_func_memset=yes
ac_cv_func_mkstemps=yes
ac_cv_func_mmap_fixed_mapped=yes
ac_cv_func_on_exit=no
ac_cv_func_pipe2=no
ac_cv_func_psignal=yes
ac_cv_func_pstat_getdynamic=no
ac_cv_func_pstat_getstatic=no
ac_cv_func_putenv=yes
ac_cv_func_random=yes
ac_cv_func_realpath=yes
ac_cv_func_rename=yes
ac_cv_func_rindex=yes
ac_cv_func_sbrk=yes
ac_cv_func_setenv=yes
ac_cv_func_setproctitle=no
ac_cv_func_setrlimit=yes
ac_cv_func_sigsetmask=yes
ac_cv_func_snprintf=yes
ac_cv_func_spawnve=no
ac_cv_func_spawnvpe=no
ac_cv_func_stpcpy=yes
ac_cv_func_stpncpy=yes
ac_cv_func_strcasecmp=yes
ac_cv_func_strchr=yes
ac_cv_func_strdup=yes
ac_cv_func_strerror=yes
ac_cv_func_strncasecmp=yes
ac_cv_func_strncmp_works=yes
ac_cv_func_strndup=yes
ac_cv_func_strnlen=yes
ac_cv_func_strrchr=yes
ac_cv_func_strsignal=yes
ac_cv_func_strstr=yes
ac_cv_func_strtod=yes
ac_cv_func_strtol=yes
ac_cv_func_strtoll=yes
ac_cv_func_strtoul=yes
ac_cv_func_strtoull=yes
ac_cv_func_strverscmp=no
ac_cv_func_sysconf=yes
ac_cv_func_sysctl=yes
ac_cv_func_sysmp=no
ac_cv_func_table=no
ac_cv_func_times=yes
ac_cv_func_tmpnam=yes
ac_cv_func_vasprintf=yes
ac_cv_func_vfork=yes
ac_cv_func_vfork_works=yes
ac_cv_func_vfprintf=yes
ac_cv_func_vprintf=yes
ac_cv_func_vsnprintf=yes
ac_cv_func_vsprintf=yes
ac_cv_func_wait3=yes
ac_cv_func_wait4=yes
ac_cv_func_waitpid=yes
ac_cv_have_decl_asprintf=yes
ac_cv_have_decl_basename_char_p_=no
ac_cv_have_decl_calloc=yes
ac_cv_have_decl_ffs=yes
ac_cv_have_decl_getenv=yes
ac_cv_have_decl_getopt=yes
ac_cv_have_decl_malloc=yes
ac_cv_have_decl_realloc=yes
ac_cv_have_decl_sbrk=yes
ac_cv_have_decl_snprintf=yes
ac_cv_have_decl_strnlen=yes
ac_cv_have_decl_strtol=yes
ac_cv_have_decl_strtoll=yes
ac_cv_have_decl_strtoul=yes
ac_cv_have_decl_strtoull=yes
ac_cv_have_decl_strverscmp=no
ac_cv_have_decl_vasprintf=yes
ac_cv_have_decl_vsnprintf=yes
ac_cv_header_alloca_h=yes
ac_cv_header_fcntl_h=yes
ac_cv_header_inttypes_h=yes
ac_cv_header_limits_h=yes
ac_cv_header_machine_hal_sysinfo_h=no
ac_cv_header_malloc_h=no
ac_cv_header_memory_h=yes
ac_cv_header_minix_config_h=no
ac_cv_header_process_h=no
ac_cv_header_stdc=yes
ac_cv_header_stdint_h=yes
ac_cv_header_stdio_ext_h=no
ac_cv_header_stdlib_h=yes
ac_cv_header_string_h=yes
ac_cv_header_strings_h=yes
ac_cv_header_sys_file_h=yes
ac_cv_header_sys_mman_h=yes
ac_cv_header_sys_param_h=yes
ac_cv_header_sys_prctl_h=no
ac_cv_header_sys_pstat_h=no
ac_cv_header_sys_resource_h=yes
ac_cv_header_sys_stat_h=yes
ac_cv_header_sys_sysctl_h=yes
ac_cv_header_sys_sysinfo_h=no
ac_cv_header_sys_sysmp_h=no
ac_cv_header_sys_systemcfg_h=no
ac_cv_header_sys_table_h=no
ac_cv_header_sys_time_h=yes
ac_cv_header_sys_types_h=yes
ac_cv_header_sys_wait_h=yes
ac_cv_header_time=yes
ac_cv_header_time_h=yes
ac_cv_header_unistd_h=yes
ac_cv_header_vfork_h=no
ac_cv_host=x86_64-apple-darwin19.4.0
ac_cv_objext=o
ac_cv_os_cray=no
ac_cv_path_EGREP='/usr/bin/grep -E'
ac_cv_path_GREP=/usr/bin/grep
ac_cv_prog_AR=ar
ac_cv_prog_CC=gcc
ac_cv_prog_CPP='gcc -E'
ac_cv_prog_MAKEINFO='makeinfo --split-size=5000000'
ac_cv_prog_PERL=perl
ac_cv_prog_RANLIB=ranlib
ac_cv_prog_cc_c89=
ac_cv_prog_cc_g=yes
ac_cv_prog_cc_gcc_c_o=yes
ac_cv_safe_to_define___extensions__=yes
ac_cv_search_strerror='none required'
ac_cv_sizeof_int=4
ac_cv_sizeof_long=8
ac_cv_sizeof_long_long=8
ac_cv_sizeof_size_t=8
ac_cv_sys_file_offset_bits=no
ac_cv_sys_largefile_CC=no
ac_cv_type_intptr_t=yes
ac_cv_type_long_long=yes
ac_cv_type_pid_t=yes
ac_cv_type_ssize_t=yes
ac_cv_type_uintptr_t=yes
acx_cv_prog_cc_pedantic_=yes
acx_cv_prog_cc_warning__W=yes
acx_cv_prog_cc_warning__Wall=yes
acx_cv_prog_cc_warning__Wcpp_compat=yes
acx_cv_prog_cc_warning__Wshadow_local=yes
acx_cv_prog_cc_warning__Wstrict_prototypes=yes
acx_cv_prog_cc_warning__Wwrite_strings=yes
liberty_cv_uint64=uint64_t
libiberty_cv_decl_needed_canonicalize_file_name=yes
libiberty_cv_declare_errno=no
libiberty_cv_var_sys_errlist=yes
libiberty_cv_var_sys_nerr=yes
libiberty_cv_var_sys_siglist=yes

## ----------------- ##
## Output variables. ##
## ----------------- ##

AR='ar'
BUILD_INFO='info'
CC='gcc'
CFLAGS='-g -O2'
CHECK='really-check'
CPP='gcc -E'
CPPFLAGS=''
DEFS='-DHAVE_CONFIG_H'
ECHO_C='\c'
ECHO_N=''
ECHO_T=''
EGREP='/usr/bin/grep -E'
EXEEXT=''
GREP='/usr/bin/grep'
HAVE_PERL=''
INSTALL_DATA='/usr/bin/install -c -m 644'
INSTALL_DEST='libdir'
INSTALL_PROGRAM='/usr/bin/install -c'
INSTALL_SCRIPT='/usr/bin/install -c'
LDFLAGS=' -Wl,-no_pie '
LIBOBJS=' ${LIBOBJDIR}./mempcpy$U.o ${LIBOBJDIR}./strverscmp$U.o ${LIBOBJDIR}./setproctitle$U.o'
LIBS=''
LTLIBOBJS=' ${LIBOBJDIR}./mempcpy$U.lo ${LIBOBJDIR}./strverscmp$U.lo ${LIBOBJDIR}./setproctitle$U.lo'
MAINT='#'
MAKEINFO='makeinfo --split-size=5000000'
NOASANFLAG=''
NOTMAINT=''
NO_MINUS_C_MINUS_O=''
OBJEXT='o'
OUTPUT_OPTION='-o $@'
PACKAGE_BUGREPORT=''
PACKAGE_NAME=''
PACKAGE_STRING=''
PACKAGE_TARNAME=''
PACKAGE_URL=''
PACKAGE_VERSION=''
PATH_SEPARATOR=':'
PERL='perl'
PICFLAG=''
RANLIB='ranlib'
SHELL='/bin/sh'
ac_ct_CC=''
ac_libiberty_warn_cflags='-W -Wall -Wwrite-strings -Wc++-compat -Wstrict-prototypes -Wshadow=local -pedantic '
bindir='${exec_prefix}/bin'
build='x86_64-apple-darwin19.4.0'
build_alias='x86_64-apple-darwin19.4.0'
build_cpu='x86_64'
build_os='darwin19.4.0'
build_vendor='apple'
datadir='${datarootdir}'
datarootdir='${prefix}/share'
docdir='${datarootdir}/doc/${PACKAGE}'
dvidir='${docdir}'
exec_prefix='${prefix}'
host='x86_64-apple-darwin19.4.0'
host_alias='x86_64-apple-darwin19.4.0'
host_cpu='x86_64'
host_os='darwin19.4.0'
host_vendor='apple'
htmldir='${docdir}'
includedir='${prefix}/include'
infodir='${datarootdir}/info'
libdir='${exec_prefix}/lib'
libexecdir='${exec_prefix}/libexec'
libiberty_topdir='/Users/yasuyuki/Downloads/gdb-9.1/libiberty/..'
localedir='${datarootdir}/locale'
localstatedir='${prefix}/var'
mandir='${datarootdir}/man'
oldincludedir='/usr/include'
pdfdir='${docdir}'
pexecute='pex-unix'
prefix='/usr/local'
program_transform_name='s,y,y,'
psdir='${docdir}'
sbindir='${exec_prefix}/sbin'
sharedstatedir='${prefix}/com'
sysconfdir='${prefix}/etc'
target_alias='x86_64-apple-darwin19.4.0'
target_header_dir=''

## ------------------- ##
## File substitutions. ##
## ------------------- ##

host_makefile_frag='xhost-mkfrag'

## ----------- ##
## confdefs.h. ##
## ----------- ##

/* confdefs.h */
#define PACKAGE_NAME ""
#define PACKAGE_TARNAME ""
#define PACKAGE_VERSION ""
#define PACKAGE_STRING ""
#define PACKAGE_BUGREPORT ""
#define PACKAGE_URL ""
#define STDC_HEADERS 1
#define HAVE_SYS_TYPES_H 1
#define HAVE_SYS_STAT_H 1
#define HAVE_STDLIB_H 1
#define HAVE_STRING_H 1
#define HAVE_MEMORY_H 1
#define HAVE_STRINGS_H 1
#define HAVE_INTTYPES_H 1
#define HAVE_STDINT_H 1
#define HAVE_UNISTD_H 1
#define __EXTENSIONS__ 1
#define _ALL_SOURCE 1
#define _GNU_SOURCE 1
#define _POSIX_PTHREAD_SEMANTICS 1
#define _TANDEM_SOURCE 1
#define HAVE_SYS_FILE_H 1
#define HAVE_SYS_PARAM_H 1
#define HAVE_LIMITS_H 1
#define HAVE_STDLIB_H 1
#define HAVE_STRING_H 1
#define HAVE_UNISTD_H 1
#define HAVE_STRINGS_H 1
#define HAVE_SYS_TIME_H 1
#define HAVE_TIME_H 1
#define HAVE_SYS_RESOURCE_H 1
#define HAVE_SYS_STAT_H 1
#define HAVE_SYS_MMAN_H 1
#define HAVE_FCNTL_H 1
#define HAVE_ALLOCA_H 1
#define HAVE_SYS_SYSCTL_H 1
#define HAVE_STDINT_H 1
#define HAVE_SYS_WAIT_H 1
#define TIME_WITH_SYS_TIME 1
#define SIZEOF_INT 4
#define SIZEOF_LONG 8
#define SIZEOF_SIZE_T 8
#define HAVE_LONG_LONG 1
#define SIZEOF_LONG_LONG 8
#define UNSIGNED_64BIT_TYPE uint64_t
#define HAVE_INTPTR_T 1
#define HAVE_UINTPTR_T 1
#define HAVE_UINTPTR_T 1
#define HAVE_ASPRINTF 1
#define HAVE_ATEXIT 1
#define HAVE_BASENAME 1
#define HAVE_BCMP 1
#define HAVE_BCOPY 1
#define HAVE_BSEARCH 1
#define HAVE_BZERO 1
#define HAVE_CALLOC 1
#define HAVE_CLOCK 1
#define HAVE_FFS 1
#define HAVE_GETCWD 1
#define HAVE_GETPAGESIZE 1
#define HAVE_GETTIMEOFDAY 1
#define HAVE_INDEX 1
#define HAVE_INSQUE 1
#define HAVE_MEMCHR 1
#define HAVE_MEMCMP 1
#define HAVE_MEMCPY 1
#define HAVE_MEMMEM 1
#define HAVE_MEMMOVE 1
#define HAVE_MEMSET 1
#define HAVE_MKSTEMPS 1
#define HAVE_PUTENV 1
#define HAVE_RANDOM 1
#define HAVE_RENAME 1
#define HAVE_RINDEX 1
#define HAVE_SETENV 1
#define HAVE_SNPRINTF 1
#define HAVE_SIGSETMASK 1
#define HAVE_STPCPY 1
#define HAVE_STPNCPY 1
#define HAVE_STRCASECMP 1
#define HAVE_STRCHR 1
#define HAVE_STRDUP 1
#define HAVE_STRNCASECMP 1
#define HAVE_STRNDUP 1
#define HAVE_STRNLEN 1
#define HAVE_STRRCHR 1
#define HAVE_STRSTR 1
#define HAVE_STRTOD 1
#define HAVE_STRTOL 1
#define HAVE_STRTOUL 1
#define HAVE_STRTOLL 1
#define HAVE_STRTOULL 1
#define HAVE_TMPNAM 1
#define HAVE_VASPRINTF 1
#define HAVE_VFPRINTF 1
#define HAVE_VPRINTF 1
#define HAVE_VSNPRINTF 1
#define HAVE_VSPRINTF 1
#define HAVE_WAITPID 1
#define STACK_DIRECTION -1
#define HAVE_FORK 1
#define HAVE_VFORK 1
#define HAVE_WORKING_VFORK 1
#define HAVE_WORKING_FORK 1
#define HAVE_SYS_ERRLIST 1
#define HAVE_SYS_NERR 1
#define HAVE_SYS_SIGLIST 1
#define HAVE_GETRLIMIT 1
#define HAVE_GETRUSAGE 1
#define HAVE_GETTIMEOFDAY 1
#define HAVE_PSIGNAL 1
#define HAVE_REALPATH 1
#define HAVE_SETRLIMIT 1
#define HAVE_SBRK 1
#define HAVE_STRERROR 1
#define HAVE_STRSIGNAL 1
#define HAVE_SYSCONF 1
#define HAVE_SYSCTL 1
#define HAVE_TIMES 1
#define HAVE_WAIT3 1
#define HAVE_WAIT4 1
#define HAVE_DECL_BASENAME 0
#define HAVE_DECL_FFS 1
#define HAVE_DECL_ASPRINTF 1
#define HAVE_DECL_VASPRINTF 1
#define HAVE_DECL_SNPRINTF 1
#define HAVE_DECL_VSNPRINTF 1
#define HAVE_DECL_CALLOC 1
#define HAVE_DECL_GETENV 1
#define HAVE_DECL_GETOPT 1
#define HAVE_DECL_MALLOC 1
#define HAVE_DECL_REALLOC 1
#define HAVE_DECL_SBRK 1
#define HAVE_DECL_STRTOL 1
#define HAVE_DECL_STRTOUL 1
#define HAVE_DECL_STRTOLL 1
#define HAVE_DECL_STRTOULL 1
#define HAVE_DECL_STRVERSCMP 0
#define HAVE_DECL_STRNLEN 1
#define NEED_DECLARATION_CANONICALIZE_FILE_NAME 1
#define HAVE_STDLIB_H 1
#define HAVE_UNISTD_H 1
#define HAVE_SYS_PARAM_H 1
#define HAVE_GETPAGESIZE 1
#define HAVE_MMAP 1

configure: exit 0
